remark: D:/Xilinx/Vitis_HLS/2022.2/common/technology/autopilot\ap_int_base.h:214:67: Inlining function 'ssdm_int<16, false>::ssdm_int(unsigned short)' into 'ap_int_base<16, false>::ap_int_base(int)'
remark: D:/Xilinx/Vitis_HLS/2022.2/common/technology/autopilot\ap_int_base.h:217:77: Inlining function 'ssdm_int<32, false>::ssdm_int(unsigned int)' into 'ap_int_base<32, false>::ap_int_base(unsigned long)'
remark: D:/Xilinx/Vitis_HLS/2022.2/common/technology/autopilot\ap_int_base.h:1196:30: Inlining function 'ap_int_base<32, false>::ap_int_base(unsigned long)' into 'ap_int_base<16, false>::countLeadingZeros() const'
remark: D:/Xilinx/Vitis_HLS/2022.2/common/technology/autopilot\ap_fixed_base.h:1042:31: Inlining function 'ap_int_base<16, false>::ap_int_base(int)' into 'ap_fixed_base<16, 8, true, (ap_q_mode)5, (ap_o_mode)3, 0>::to_double() const'
remark: D:/Xilinx/Vitis_HLS/2022.2/common/technology/autopilot\ap_fixed_base.h:1079:12: Inlining function 'rawBitsToDouble(unsigned long long)' into 'ap_fixed_base<16, 8, true, (ap_q_mode)5, (ap_o_mode)3, 0>::to_double() const'
remark: D:/Xilinx/Vitis_HLS/2022.2/common/technology/autopilot\ap_fixed_base.h:1047:17: Inlining function 'ap_int_base<16, false>::countLeadingZeros() const' into 'ap_fixed_base<16, 8, true, (ap_q_mode)5, (ap_o_mode)3, 0>::to_double() const'
remark: D:/Xilinx/Vitis_HLS/2022.2/common/technology/autopilot\ap_int_base.h:219:72: Inlining function 'ssdm_int<64, false>::ssdm_int(unsigned long)' into 'ap_int_base<64, false>::ap_int_base(unsigned long long)'
remark: <unknown>:0:0: Inlining function 'ap_int_base<64, false>::ap_int_base(unsigned long long)' into 'ap_uint<64>::ap_uint(unsigned long long)'
remark: C:\scratch\2022.2\hls_product\608\2022.2\src\shared\hls\clib/include/header_files\ap_int_base.h:1129:30: Inlining function 'ap_bit_ref<64, false>::ap_bit_ref(ap_int_base<64, false>*, int)' into 'ap_int_base<64, false>::operator[](int)'
remark: C:\scratch\2022.2\hls_product\608\2022.2\src\shared\hls\clib/include/header_files\ap_int_base.h:1129:30: Inlining function 'ap_bit_ref<1, false>::ap_bit_ref(ap_int_base<1, false>*, int)' into 'ap_int_base<1, false>::operator[](int)'
remark: C:\scratch\2022.2\hls_product\608\2022.2\src\shared\hls\clib/include/header_files\ap_int_ref.h:845:38: Inlining function 'ap_bit_ref<64, false>::operator bool() const' into 'ap_bit_ref<1, false>& ap_bit_ref<1, false>::operator=<64, false>(ap_bit_ref<64, false> const&)'
remark: C:\scratch\2022.2\hls_product\608\2022.2\src\shared\hls\clib/include/header_files\ap_int_ref.h:845:12: Inlining function 'ap_bit_ref<1, false>::operator=(unsigned long long)' into 'ap_bit_ref<1, false>& ap_bit_ref<1, false>::operator=<64, false>(ap_bit_ref<64, false> const&)'
remark: C:\scratch\2022.2\hls_product\608\2022.2\src\shared\hls\clib/include/header_files\ap_int_base.h:1048:12: Inlining function 'ap_range_ref<64, false>::ap_range_ref(ap_int_base<64, false>*, int, int)' into 'ap_int_base<64, false>::range(int, int)'
remark: C:\scratch\2022.2\hls_product\608\2022.2\src\shared\hls\clib/include/header_files\ap_int_base.h:1085:18: Inlining function 'ap_int_base<64, false>::range(int, int)' into 'ap_int_base<64, false>::operator()(int, int)'
remark: C:\scratch\2022.2\hls_product\608\2022.2\src\shared\hls\clib/include/header_files\ap_int_base.h:1048:12: Inlining function 'ap_range_ref<11, false>::ap_range_ref(ap_int_base<11, false>*, int, int)' into 'ap_int_base<11, false>::range(int, int)'
remark: C:\scratch\2022.2\hls_product\608\2022.2\src\shared\hls\clib/include/header_files\ap_int_base.h:1085:18: Inlining function 'ap_int_base<11, false>::range(int, int)' into 'ap_int_base<11, false>::operator()(int, int)'
remark: C:\scratch\2022.2\hls_product\608\2022.2\src\shared\hls\clib/include/header_files\ap_int_base.h:358:20: Inlining function 'ap_range_ref<64, false>::get() const' into 'ap_int_base<64, false>::ap_int_base<64, false>(ap_range_ref<64, false> const&)'
remark: C:\scratch\2022.2\hls_product\608\2022.2\src\shared\hls\clib/include/header_files\ap_int_base.h:185:106: Inlining function '_ZN8ssdm_intILi11ELb0EEC2EDq11_j' into 'ap_int_base<11, false>::ap_int_base<64, false>(ap_int_base<64, false> const&)'
remark: C:\scratch\2022.2\hls_product\608\2022.2\src\shared\hls\clib/include/header_files\ap_int_ref.h:367:31: Inlining function 'ap_int_base<11, false>::ap_int_base<64, false>(ap_int_base<64, false> const&)' into 'ap_range_ref<11, false>& ap_range_ref<11, false>::operator=<64, false>(ap_int_base<64, false> const&)'
remark: C:\scratch\2022.2\hls_product\608\2022.2\src\shared\hls\clib/include/header_files\ap_int_ref.h:382:22: Inlining function 'ap_int_base<64, false>::ap_int_base<64, false>(ap_range_ref<64, false> const&)' into 'ap_range_ref<11, false>& ap_range_ref<11, false>::operator=<64, false>(ap_range_ref<64, false> const&)'
remark: C:\scratch\2022.2\hls_product\608\2022.2\src\shared\hls\clib/include/header_files\ap_int_ref.h:382:12: Inlining function 'ap_range_ref<11, false>& ap_range_ref<11, false>::operator=<64, false>(ap_int_base<64, false> const&)' into 'ap_range_ref<11, false>& ap_range_ref<11, false>::operator=<64, false>(ap_range_ref<64, false> const&)'
remark: C:\scratch\2022.2\hls_product\608\2022.2\src\shared\hls\clib/include/header_files\ap_int_base.h:1048:12: Inlining function 'ap_range_ref<52, false>::ap_range_ref(ap_int_base<52, false>*, int, int)' into 'ap_int_base<52, false>::range(int, int)'
remark: C:\scratch\2022.2\hls_product\608\2022.2\src\shared\hls\clib/include/header_files\ap_int_base.h:1085:18: Inlining function 'ap_int_base<52, false>::range(int, int)' into 'ap_int_base<52, false>::operator()(int, int)'
remark: C:\scratch\2022.2\hls_product\608\2022.2\src\shared\hls\clib/include/header_files\ap_int_base.h:185:106: Inlining function '_ZN8ssdm_intILi52ELb0EEC2EDq52_j' into 'ap_int_base<52, false>::ap_int_base<64, false>(ap_int_base<64, false> const&)'
remark: C:\scratch\2022.2\hls_product\608\2022.2\src\shared\hls\clib/include/header_files\ap_int_ref.h:367:31: Inlining function 'ap_int_base<52, false>::ap_int_base<64, false>(ap_int_base<64, false> const&)' into 'ap_range_ref<52, false>& ap_range_ref<52, false>::operator=<64, false>(ap_int_base<64, false> const&)'
remark: C:\scratch\2022.2\hls_product\608\2022.2\src\shared\hls\clib/include/header_files\ap_int_ref.h:382:22: Inlining function 'ap_int_base<64, false>::ap_int_base<64, false>(ap_range_ref<64, false> const&)' into 'ap_range_ref<52, false>& ap_range_ref<52, false>::operator=<64, false>(ap_range_ref<64, false> const&)'
remark: C:\scratch\2022.2\hls_product\608\2022.2\src\shared\hls\clib/include/header_files\ap_int_ref.h:382:12: Inlining function 'ap_range_ref<52, false>& ap_range_ref<52, false>::operator=<64, false>(ap_int_base<64, false> const&)' into 'ap_range_ref<52, false>& ap_range_ref<52, false>::operator=<64, false>(ap_range_ref<64, false> const&)'
remark: C:\scratch\2022.2\hls_product\608\2022.2\src\shared\hls\clib/src/hls\utils/x_hls_utils.h:491:19: Inlining function 'ap_range_ref<52, false>& ap_range_ref<52, false>::operator=<64, false>(ap_range_ref<64, false> const&)' into 'fp_struct<double>::fp_struct(double)'
remark: C:\scratch\2022.2\hls_product\608\2022.2\src\shared\hls\clib/src/hls\utils/x_hls_utils.h:491:9: Inlining function 'ap_int_base<52, false>::operator()(int, int)' into 'fp_struct<double>::fp_struct(double)'
remark: C:\scratch\2022.2\hls_product\608\2022.2\src\shared\hls\clib/src/hls\utils/x_hls_utils.h:491:21: Inlining function 'ap_int_base<64, false>::operator()(int, int)' into 'fp_struct<double>::fp_struct(double)'
remark: C:\scratch\2022.2\hls_product\608\2022.2\src\shared\hls\clib/src/hls\utils/x_hls_utils.h:490:19: Inlining function 'ap_range_ref<11, false>& ap_range_ref<11, false>::operator=<64, false>(ap_range_ref<64, false> const&)' into 'fp_struct<double>::fp_struct(double)'
remark: C:\scratch\2022.2\hls_product\608\2022.2\src\shared\hls\clib/src/hls\utils/x_hls_utils.h:490:9: Inlining function 'ap_int_base<11, false>::operator()(int, int)' into 'fp_struct<double>::fp_struct(double)'
remark: C:\scratch\2022.2\hls_product\608\2022.2\src\shared\hls\clib/src/hls\utils/x_hls_utils.h:490:21: Inlining function 'ap_int_base<64, false>::operator()(int, int)' into 'fp_struct<double>::fp_struct(double)'
remark: C:\scratch\2022.2\hls_product\608\2022.2\src\shared\hls\clib/src/hls\utils/x_hls_utils.h:489:17: Inlining function 'ap_bit_ref<1, false>& ap_bit_ref<1, false>::operator=<64, false>(ap_bit_ref<64, false> const&)' into 'fp_struct<double>::fp_struct(double)'
remark: C:\scratch\2022.2\hls_product\608\2022.2\src\shared\hls\clib/src/hls\utils/x_hls_utils.h:489:9: Inlining function 'ap_int_base<1, false>::operator[](int)' into 'fp_struct<double>::fp_struct(double)'
remark: C:\scratch\2022.2\hls_product\608\2022.2\src\shared\hls\clib/src/hls\utils/x_hls_utils.h:489:19: Inlining function 'ap_int_base<64, false>::operator[](int)' into 'fp_struct<double>::fp_struct(double)'
remark: C:\scratch\2022.2\hls_product\608\2022.2\src\shared\hls\clib/include/header_files\ap_int_base.h:214:67: Inlining function 'ssdm_int<32, true>::ssdm_int(int)' into 'ap_int_base<32, true>::ap_int_base(int)'
remark: C:\scratch\2022.2\hls_product\608\2022.2\src\shared\hls\clib/include/header_files\ap_int_base.h:1788:144: Inlining function 'ap_int_base<32, true>::ap_int_base(int)' into 'bool operator><11, false>(int, ap_int_base<11, false> const&)'
remark: C:\scratch\2022.2\hls_product\608\2022.2\src\shared\hls\clib/include/header_files\ap_int_base.h:1788:182: Inlining function 'bool ap_int_base<32, true>::operator><11, false>(ap_int_base<11, false> const&) const' into 'bool operator><11, false>(int, ap_int_base<11, false> const&)'
remark: C:\scratch\2022.2\hls_product\608\2022.2\src\shared\hls\clib/src/hls\utils/x_hls_utils.h:542:21: Inlining function 'ap_int_base<1, false>::to_int() const' into 'fp_struct<double>::__signbit() const'
remark: C:\scratch\2022.2\hls_product\608\2022.2\src\shared\hls\clib/include/header_files\ap_int_base.h:1788:1853: Inlining function 'ap_int_base<32, true>::ap_int_base(int)' into 'bool operator==<52, false>(ap_int_base<52, false> const&, int)'
remark: C:\scratch\2022.2\hls_product\608\2022.2\src\shared\hls\clib/include/header_files\ap_int_base.h:1788:1850: Inlining function 'bool ap_int_base<52, false>::operator==<32, true>(ap_int_base<32, true> const&) const' into 'bool operator==<52, false>(ap_int_base<52, false> const&, int)'
remark: C:\scratch\2022.2\hls_product\608\2022.2\src\shared\hls\clib/include/header_files\ap_int_base.h:1788:1853: Inlining function 'ap_int_base<32, true>::ap_int_base(int)' into 'bool operator==<11, false>(ap_int_base<11, false> const&, int)'
remark: C:\scratch\2022.2\hls_product\608\2022.2\src\shared\hls\clib/include/header_files\ap_int_base.h:1788:1850: Inlining function 'bool ap_int_base<11, false>::operator==<32, true>(ap_int_base<32, true> const&) const' into 'bool operator==<11, false>(ap_int_base<11, false> const&, int)'
remark: C:\scratch\2022.2\hls_product\608\2022.2\src\shared\hls\clib/include/header_files\ap_int_base.h:1145:30: Inlining function 'ap_bit_ref<1, false>::ap_bit_ref(ap_int_base<1, false> const*, int)' into 'ap_int_base<1, false>::operator[](int) const'
remark: C:\scratch\2022.2\hls_product\608\2022.2\src\shared\hls\clib/include/header_files\ap_int_base.h:1146:15: Inlining function 'ap_bit_ref<1, false>::to_bool() const' into 'ap_int_base<1, false>::operator[](int) const'
remark: C:\scratch\2022.2\hls_product\608\2022.2\src\shared\hls\clib/include/header_files\ap_int_base.h:1055:12: Inlining function 'ap_range_ref<11, false>::ap_range_ref(ap_int_base<11, false>*, int, int)' into 'ap_int_base<11, false>::range(int, int) const'
remark: C:\scratch\2022.2\hls_product\608\2022.2\src\shared\hls\clib/include/header_files\ap_int_base.h:1089:18: Inlining function 'ap_int_base<11, false>::range(int, int) const' into 'ap_int_base<11, false>::operator()(int, int) const'
remark: C:\scratch\2022.2\hls_product\608\2022.2\src\shared\hls\clib/include/header_files\ap_int_base.h:358:20: Inlining function 'ap_range_ref<11, false>::get() const' into 'ap_int_base<11, false>::ap_int_base<11, false>(ap_range_ref<11, false> const&)'
remark: C:\scratch\2022.2\hls_product\608\2022.2\src\shared\hls\clib/include/header_files\ap_int_base.h:185:106: Inlining function 'ssdm_int<64, false>::ssdm_int(unsigned long)' into 'ap_int_base<64, false>::ap_int_base<11, false>(ap_int_base<11, false> const&)'
remark: C:\scratch\2022.2\hls_product\608\2022.2\src\shared\hls\clib/include/header_files\ap_int_ref.h:367:31: Inlining function 'ap_int_base<64, false>::ap_int_base<11, false>(ap_int_base<11, false> const&)' into 'ap_range_ref<64, false>& ap_range_ref<64, false>::operator=<11, false>(ap_int_base<11, false> const&)'
remark: C:\scratch\2022.2\hls_product\608\2022.2\src\shared\hls\clib/include/header_files\ap_int_ref.h:382:22: Inlining function 'ap_int_base<11, false>::ap_int_base<11, false>(ap_range_ref<11, false> const&)' into 'ap_range_ref<64, false>& ap_range_ref<64, false>::operator=<11, false>(ap_range_ref<11, false> const&)'
remark: C:\scratch\2022.2\hls_product\608\2022.2\src\shared\hls\clib/include/header_files\ap_int_ref.h:382:12: Inlining function 'ap_range_ref<64, false>& ap_range_ref<64, false>::operator=<11, false>(ap_int_base<11, false> const&)' into 'ap_range_ref<64, false>& ap_range_ref<64, false>::operator=<11, false>(ap_range_ref<11, false> const&)'
remark: C:\scratch\2022.2\hls_product\608\2022.2\src\shared\hls\clib/include/header_files\ap_int_base.h:1055:12: Inlining function 'ap_range_ref<52, false>::ap_range_ref(ap_int_base<52, false>*, int, int)' into 'ap_int_base<52, false>::range(int, int) const'
remark: C:\scratch\2022.2\hls_product\608\2022.2\src\shared\hls\clib/include/header_files\ap_int_base.h:1089:18: Inlining function 'ap_int_base<52, false>::range(int, int) const' into 'ap_int_base<52, false>::operator()(int, int) const'
remark: C:\scratch\2022.2\hls_product\608\2022.2\src\shared\hls\clib/include/header_files\ap_int_base.h:358:20: Inlining function 'ap_range_ref<52, false>::get() const' into 'ap_int_base<52, false>::ap_int_base<52, false>(ap_range_ref<52, false> const&)'
remark: C:\scratch\2022.2\hls_product\608\2022.2\src\shared\hls\clib/include/header_files\ap_int_base.h:185:106: Inlining function 'ssdm_int<64, false>::ssdm_int(unsigned long)' into 'ap_int_base<64, false>::ap_int_base<52, false>(ap_int_base<52, false> const&)'
remark: C:\scratch\2022.2\hls_product\608\2022.2\src\shared\hls\clib/include/header_files\ap_int_ref.h:367:31: Inlining function 'ap_int_base<64, false>::ap_int_base<52, false>(ap_int_base<52, false> const&)' into 'ap_range_ref<64, false>& ap_range_ref<64, false>::operator=<52, false>(ap_int_base<52, false> const&)'
remark: C:\scratch\2022.2\hls_product\608\2022.2\src\shared\hls\clib/include/header_files\ap_int_ref.h:382:22: Inlining function 'ap_int_base<52, false>::ap_int_base<52, false>(ap_range_ref<52, false> const&)' into 'ap_range_ref<64, false>& ap_range_ref<64, false>::operator=<52, false>(ap_range_ref<52, false> const&)'
remark: C:\scratch\2022.2\hls_product\608\2022.2\src\shared\hls\clib/include/header_files\ap_int_ref.h:382:12: Inlining function 'ap_range_ref<64, false>& ap_range_ref<64, false>::operator=<52, false>(ap_int_base<52, false> const&)' into 'ap_range_ref<64, false>& ap_range_ref<64, false>::operator=<52, false>(ap_range_ref<52, false> const&)'
remark: C:\scratch\2022.2\hls_product\608\2022.2\src\shared\hls\clib/src/hls\utils/x_hls_utils.h:506:36: Inlining function 'ap_int_base<1, false>::operator[](int) const' into 'fp_struct<double>::data() const'
remark: C:\scratch\2022.2\hls_product\608\2022.2\src\shared\hls\clib/src/hls\utils/x_hls_utils.h:508:25: Inlining function 'ap_range_ref<64, false>& ap_range_ref<64, false>::operator=<52, false>(ap_range_ref<52, false> const&)' into 'fp_struct<double>::data() const'
remark: C:\scratch\2022.2\hls_product\608\2022.2\src\shared\hls\clib/src/hls\utils/x_hls_utils.h:508:9: Inlining function 'ap_int_base<64, false>::operator()(int, int)' into 'fp_struct<double>::data() const'
remark: C:\scratch\2022.2\hls_product\608\2022.2\src\shared\hls\clib/src/hls\utils/x_hls_utils.h:508:27: Inlining function 'ap_int_base<52, false>::operator()(int, int) const' into 'fp_struct<double>::data() const'
remark: C:\scratch\2022.2\hls_product\608\2022.2\src\shared\hls\clib/src/hls\utils/x_hls_utils.h:507:41: Inlining function 'ap_range_ref<64, false>& ap_range_ref<64, false>::operator=<11, false>(ap_range_ref<11, false> const&)' into 'fp_struct<double>::data() const'
remark: C:\scratch\2022.2\hls_product\608\2022.2\src\shared\hls\clib/src/hls\utils/x_hls_utils.h:507:9: Inlining function 'ap_int_base<64, false>::operator()(int, int)' into 'fp_struct<double>::data() const'
remark: C:\scratch\2022.2\hls_product\608\2022.2\src\shared\hls\clib/src/hls\utils/x_hls_utils.h:507:43: Inlining function 'ap_int_base<11, false>::operator()(int, int) const' into 'fp_struct<double>::data() const'
remark: C:\scratch\2022.2\hls_product\608\2022.2\src\shared\hls\clib/src/hls\utils/x_hls_utils.h:506:34: Inlining function 'ap_bit_ref<64, false>::operator=(bool)' into 'fp_struct<double>::data() const'
remark: C:\scratch\2022.2\hls_product\608\2022.2\src\shared\hls\clib/src/hls\utils/x_hls_utils.h:506:9: Inlining function 'ap_int_base<64, false>::operator[](int)' into 'fp_struct<double>::data() const'
remark: C:\scratch\2022.2\hls_product\608\2022.2\src\shared\hls\clib/src/hls\utils/x_hls_utils.h:525:24: Inlining function 'ap_int_base<64, false>::to_uint64() const' into 'fp_struct<double>::to_double() const'
remark: C:\scratch\2022.2\hls_product\608\2022.2\src\shared\hls\clib/include/header_files\ap_int_base.h:1788:337: Inlining function 'ap_int_base<32, true>::ap_int_base(int)' into 'bool operator><11, false>(ap_int_base<11, false> const&, int)'
remark: C:\scratch\2022.2\hls_product\608\2022.2\src\shared\hls\clib/include/header_files\ap_int_base.h:1788:335: Inlining function 'bool ap_int_base<11, false>::operator><32, true>(ap_int_base<32, true> const&) const' into 'bool operator><11, false>(ap_int_base<11, false> const&, int)'
remark: C:\scratch\2022.2\hls_product\608\2022.2\src\shared\hls\clib/include/header_files\ap_int_base.h:358:20: Inlining function 'ap_range_ref<11, false>::get() const' into 'ap_int_base<6, false>::ap_int_base<11, false>(ap_range_ref<11, false> const&)'
remark: <unknown>:0:0: Inlining function 'ap_int_base<6, false>::ap_int_base<11, false>(ap_range_ref<11, false> const&)' into 'ap_uint<6>::ap_uint<11, false>(ap_range_ref<11, false> const&)'
remark: C:\scratch\2022.2\hls_product\608\2022.2\src\shared\hls\clib/include/header_files\ap_int_base.h:185:106: Inlining function '_ZN8ssdm_intILi65ELb0EEC2EDq65_j' into 'ap_int_base<65, false>::ap_int_base<64, false>(ap_int_base<64, false> const&)'
remark: C:\scratch\2022.2\hls_product\608\2022.2\src\shared\hls\clib/include/header_files\ap_int_base.h:214:67: Inlining function '_ZN8ssdm_intILi65ELb0EEC2EDq65_j' into 'ap_int_base<65, false>::ap_int_base(int)'
remark: C:\scratch\2022.2\hls_product\608\2022.2\src\shared\hls\clib/include/header_files\ap_int_base.h:1495:339: Inlining function 'ap_int_base<65, false>::ap_int_base<64, false>(ap_int_base<64, false> const&)' into 'ap_int_base<64, false>::RType<64, false>::plus operator+<64, false, 64, false>(ap_int_base<64, false> const&, ap_int_base<64, false> const&)'
remark: C:\scratch\2022.2\hls_product\608\2022.2\src\shared\hls\clib/include/header_files\ap_int_base.h:1495:516: Inlining function 'ap_int_base<65, false>::ap_int_base(int)' into 'ap_int_base<64, false>::RType<64, false>::plus operator+<64, false, 64, false>(ap_int_base<64, false> const&, ap_int_base<64, false> const&)'
remark: C:\scratch\2022.2\hls_product\608\2022.2\src\shared\hls\clib/include/header_files\ap_int_base.h:1495:427: Inlining function 'ap_int_base<65, false>::ap_int_base<64, false>(ap_int_base<64, false> const&)' into 'ap_int_base<64, false>::RType<64, false>::plus operator+<64, false, 64, false>(ap_int_base<64, false> const&, ap_int_base<64, false> const&)'
remark: C:\scratch\2022.2\hls_product\608\2022.2\src\shared\hls\clib/include/header_files\ap_int_base.h:1638:1068: Inlining function 'ap_int_base<64, false>::ap_int_base(unsigned long long)' into 'ap_int_base<64, false>::RType<($_0)64, false>::plus operator+<64, false>(ap_int_base<64, false> const&, unsigned long long)'
remark: C:\scratch\2022.2\hls_product\608\2022.2\src\shared\hls\clib/include/header_files\ap_int_base.h:1638:1066: Inlining function 'ap_int_base<64, false>::RType<64, false>::plus operator+<64, false, 64, false>(ap_int_base<64, false> const&, ap_int_base<64, false> const&)' into 'ap_int_base<64, false>::RType<($_0)64, false>::plus operator+<64, false>(ap_int_base<64, false> const&, unsigned long long)'
remark: C:\scratch\2022.2\hls_product\608\2022.2\src\shared\hls\clib/include/header_files\ap_int_base.h:185:106: Inlining function 'ssdm_int<64, false>::ssdm_int(unsigned long)' into 'ap_int_base<64, false>::ap_int_base<65, false>(ap_int_base<65, false> const&)'
remark: <unknown>:0:0: Inlining function 'ap_int_base<64, false>::ap_int_base<65, false>(ap_int_base<65, false> const&)' into 'ap_uint<64>::ap_uint<65>(ap_uint<65> const&)'
remark: C:\scratch\2022.2\hls_product\608\2022.2\src\shared\hls\clib/src/hls\utils/x_hls_utils.h:494:19: Inlining function 'ap_int_base<64, false>::operator[](int)' into 'fp_struct<double>::fp_struct(ap_uint<64>)'
remark: C:\scratch\2022.2\hls_product\608\2022.2\src\shared\hls\clib/src/hls\utils/x_hls_utils.h:496:19: Inlining function 'ap_range_ref<52, false>& ap_range_ref<52, false>::operator=<64, false>(ap_range_ref<64, false> const&)' into 'fp_struct<double>::fp_struct(ap_uint<64>)'
remark: C:\scratch\2022.2\hls_product\608\2022.2\src\shared\hls\clib/src/hls\utils/x_hls_utils.h:496:9: Inlining function 'ap_int_base<52, false>::operator()(int, int)' into 'fp_struct<double>::fp_struct(ap_uint<64>)'
remark: C:\scratch\2022.2\hls_product\608\2022.2\src\shared\hls\clib/src/hls\utils/x_hls_utils.h:496:21: Inlining function 'ap_int_base<64, false>::operator()(int, int)' into 'fp_struct<double>::fp_struct(ap_uint<64>)'
remark: C:\scratch\2022.2\hls_product\608\2022.2\src\shared\hls\clib/src/hls\utils/x_hls_utils.h:495:19: Inlining function 'ap_range_ref<11, false>& ap_range_ref<11, false>::operator=<64, false>(ap_range_ref<64, false> const&)' into 'fp_struct<double>::fp_struct(ap_uint<64>)'
remark: C:\scratch\2022.2\hls_product\608\2022.2\src\shared\hls\clib/src/hls\utils/x_hls_utils.h:495:9: Inlining function 'ap_int_base<11, false>::operator()(int, int)' into 'fp_struct<double>::fp_struct(ap_uint<64>)'
remark: C:\scratch\2022.2\hls_product\608\2022.2\src\shared\hls\clib/src/hls\utils/x_hls_utils.h:495:21: Inlining function 'ap_int_base<64, false>::operator()(int, int)' into 'fp_struct<double>::fp_struct(ap_uint<64>)'
remark: C:\scratch\2022.2\hls_product\608\2022.2\src\shared\hls\clib/src/hls\utils/x_hls_utils.h:494:17: Inlining function 'ap_bit_ref<1, false>& ap_bit_ref<1, false>::operator=<64, false>(ap_bit_ref<64, false> const&)' into 'fp_struct<double>::fp_struct(ap_uint<64>)'
remark: C:\scratch\2022.2\hls_product\608\2022.2\src\shared\hls\clib/src/hls\utils/x_hls_utils.h:494:9: Inlining function 'ap_int_base<1, false>::operator[](int)' into 'fp_struct<double>::fp_struct(ap_uint<64>)'
remark: C:\scratch\2022.2\hls_product\608\2022.2\src\shared\hls\clib/include/header_files\ap_int_base.h:214:67: Inlining function 'ssdm_int<64, false>::ssdm_int(unsigned long)' into 'ap_int_base<64, false>::ap_int_base(int)'
remark: C:\scratch\2022.2\hls_product\608\2022.2\src\shared\hls\clib/include/header_files\ap_int_base.h:1497:341: Inlining function 'ap_int_base<64, false>::ap_int_base<52, false>(ap_int_base<52, false> const&)' into 'ap_int_base<52, false>::RType<64, false>::logic operator&<52, false, 64, false>(ap_int_base<52, false> const&, ap_int_base<64, false> const&)'
remark: C:\scratch\2022.2\hls_product\608\2022.2\src\shared\hls\clib/include/header_files\ap_int_base.h:1497:520: Inlining function 'ap_int_base<64, false>::ap_int_base(int)' into 'ap_int_base<52, false>::RType<64, false>::logic operator&<52, false, 64, false>(ap_int_base<52, false> const&, ap_int_base<64, false> const&)'
remark: C:\scratch\2022.2\hls_product\608\2022.2\src\shared\hls\clib/include/header_files\ap_int_base.h:1638:3296: Inlining function 'ap_int_base<64, false>::ap_int_base(unsigned long long)' into 'ap_int_base<52, false>::RType<($_0)64, false>::logic operator&<52, false>(ap_int_base<52, false> const&, unsigned long long)'
remark: C:\scratch\2022.2\hls_product\608\2022.2\src\shared\hls\clib/include/header_files\ap_int_base.h:1638:3294: Inlining function 'ap_int_base<52, false>::RType<64, false>::logic operator&<52, false, 64, false>(ap_int_base<52, false> const&, ap_int_base<64, false> const&)' into 'ap_int_base<52, false>::RType<($_0)64, false>::logic operator&<52, false>(ap_int_base<52, false> const&, unsigned long long)'
remark: <unknown>:0:0: Inlining function 'ap_int_base<52, false>::ap_int_base<64, false>(ap_int_base<64, false> const&)' into 'ap_uint<52>::ap_uint<64>(ap_uint<64> const&)'
remark: C:\scratch\2022.2\hls_product\608\2022.2\src\shared\hls\clib/hlsmath/include/FloatingPoint\hls_floor.h:18:29: Inlining function 'bool operator><11, false>(int, ap_int_base<11, false> const&)' into 'double generic_floor<double>(double)'
remark: C:\scratch\2022.2\hls_product\608\2022.2\src\shared\hls\clib/hlsmath/include/FloatingPoint\hls_floor.h:19:32: Inlining function 'bool operator==<52, false>(ap_int_base<52, false> const&, int)' into 'double generic_floor<double>(double)'
remark: C:\scratch\2022.2\hls_product\608\2022.2\src\shared\hls\clib/hlsmath/include/FloatingPoint\hls_floor.h:39:18: Inlining function 'ap_int_base<52, false>::RType<($_0)64, false>::logic operator&<52, false>(ap_int_base<52, false> const&, unsigned long long)' into 'double generic_floor<double>(double)'
remark: C:\scratch\2022.2\hls_product\608\2022.2\src\shared\hls\clib/hlsmath/include/FloatingPoint\hls_floor.h:19:47: Inlining function 'bool operator==<11, false>(ap_int_base<11, false> const&, int)' into 'double generic_floor<double>(double)'
remark: C:\scratch\2022.2\hls_product\608\2022.2\src\shared\hls\clib/hlsmath/include/FloatingPoint\hls_floor.h:36:52: Inlining function 'ap_int_base<64, false>::RType<($_0)64, false>::plus operator+<64, false>(ap_int_base<64, false> const&, unsigned long long)' into 'double generic_floor<double>(double)'
remark: C:\scratch\2022.2\hls_product\608\2022.2\src\shared\hls\clib/hlsmath/include/FloatingPoint\hls_floor.h:24:21: Inlining function 'bool operator><11, false>(ap_int_base<11, false> const&, int)' into 'double generic_floor<double>(double)'
remark: C:\scratch\2022.2\hls_product\608\2022.2\src\shared\hls\clib/hlsmath/include/FloatingPoint\hls_floor.h:31:66: Inlining function 'ap_int_base<11, false>::operator()(int, int)' into 'double generic_floor<double>(double)'
remark: C:\scratch\2022.2\hls_product\608\2022.2\src\shared\hls\clib/hlsmath/include/FloatingPoint\hls_floor.h:32:20: Inlining function 'ap_int_base<6, false>::operator unsigned long long() const' into 'double generic_floor<double>(double)'
remark: C:\scratch\2022.2\hls_product\608\2022.2\src\shared\hls\clib/include/header_files\ap_fixed_base.h:808:9: Inlining function 'ap_fixed_base<32, 32, true, (ap_q_mode)5, (ap_o_mode)3, 0>::operator!() const' into 'ap_fixed_base<53, 1, false, (ap_q_mode)5, (ap_o_mode)3, 0>& ap_fixed_base<53, 1, false, (ap_q_mode)5, (ap_o_mode)3, 0>::operator=<32, 32, true, (ap_q_mode)5, (ap_o_mode)3, 0>(ap_fixed_base<32, 32, true, (ap_q_mode)5, (ap_o_mode)3, 0> const&)'
remark: C:\scratch\2022.2\hls_product\608\2022.2\src\shared\hls\clib/include/header_files\ap_fixed_base.h:530:146: Inlining function 'ap_fixed_base<53, 1, false, (ap_q_mode)5, (ap_o_mode)3, 0>& ap_fixed_base<53, 1, false, (ap_q_mode)5, (ap_o_mode)3, 0>::operator=<32, 32, true, (ap_q_mode)5, (ap_o_mode)3, 0>(ap_fixed_base<32, 32, true, (ap_q_mode)5, (ap_o_mode)3, 0> const&)' into 'ap_fixed_base<53, 1, false, (ap_q_mode)5, (ap_o_mode)3, 0>::ap_fixed_base(int)'
remark: <unknown>:0:0: Inlining function 'ap_fixed_base<53, 1, false, (ap_q_mode)5, (ap_o_mode)3, 0>::ap_fixed_base(int)' into 'ap_ufixed<53, 1, (ap_q_mode)5, (ap_o_mode)3, 0>::ap_ufixed(int)'
remark: C:\scratch\2022.2\hls_product\608\2022.2\src\shared\hls\clib/include/header_files\ap_fixed_base.h:1746:12: Inlining function 'af_range_ref<53, 1, false, (ap_q_mode)5, (ap_o_mode)3, 0>::af_range_ref(ap_fixed_base<53, 1, false, (ap_q_mode)5, (ap_o_mode)3, 0>*, int, int)' into 'ap_fixed_base<53, 1, false, (ap_q_mode)5, (ap_o_mode)3, 0>::range(int, int)'
remark: C:\scratch\2022.2\hls_product\608\2022.2\src\shared\hls\clib/include/header_files\ap_fixed_base.h:1785:18: Inlining function 'ap_fixed_base<53, 1, false, (ap_q_mode)5, (ap_o_mode)3, 0>::range(int, int)' into 'ap_fixed_base<53, 1, false, (ap_q_mode)5, (ap_o_mode)3, 0>::operator()(int, int)'
remark: C:\scratch\2022.2\hls_product\608\2022.2\src\shared\hls\clib/include/header_files\ap_fixed_ref.h:301:38: Inlining function 'ap_int_base<52, false>::ap_int_base<52, false>(ap_range_ref<52, false> const&)' into 'af_range_ref<53, 1, false, (ap_q_mode)5, (ap_o_mode)3, 0>& af_range_ref<53, 1, false, (ap_q_mode)5, (ap_o_mode)3, 0>::operator=<52, false>(ap_range_ref<52, false> const&)'
remark: C:\scratch\2022.2\hls_product\608\2022.2\src\shared\hls\clib/include/header_files\ap_fixed_ref.h:302:12: Inlining function 'af_range_ref<53, 1, false, (ap_q_mode)5, (ap_o_mode)3, 0>& af_range_ref<53, 1, false, (ap_q_mode)5, (ap_o_mode)3, 0>::operator=<52, false>(ap_int_base<52, false> const&)' into 'af_range_ref<53, 1, false, (ap_q_mode)5, (ap_o_mode)3, 0>& af_range_ref<53, 1, false, (ap_q_mode)5, (ap_o_mode)3, 0>::operator=<52, false>(ap_range_ref<52, false> const&)'
remark: C:\scratch\2022.2\hls_product\608\2022.2\src\shared\hls\clib/include/header_files\ap_fixed_base.h:1671:12: Inlining function 'af_bit_ref<53, 1, false, (ap_q_mode)5, (ap_o_mode)3, 0>::af_bit_ref(ap_fixed_base<53, 1, false, (ap_q_mode)5, (ap_o_mode)3, 0>*, int)' into 'ap_fixed_base<53, 1, false, (ap_q_mode)5, (ap_o_mode)3, 0>::operator[](unsigned int)'
remark: C:\scratch\2022.2\hls_product\608\2022.2\src\shared\hls\clib/src/hls\utils/x_hls_utils.h:535:21: Inlining function 'af_bit_ref<53, 1, false, (ap_q_mode)5, (ap_o_mode)3, 0>::operator=(bool)' into 'fp_struct<double>::mantissa() const'
remark: C:\scratch\2022.2\hls_product\608\2022.2\src\shared\hls\clib/src/hls\utils/x_hls_utils.h:535:9: Inlining function 'ap_fixed_base<53, 1, false, (ap_q_mode)5, (ap_o_mode)3, 0>::operator[](unsigned int)' into 'fp_struct<double>::mantissa() const'
remark: C:\scratch\2022.2\hls_product\608\2022.2\src\shared\hls\clib/src/hls\utils/x_hls_utils.h:535:13: Inlining function 'ap_fixed_base<53, 1, false, (ap_q_mode)5, (ap_o_mode)3, 0>::wl() const' into 'fp_struct<double>::mantissa() const'
remark: C:\scratch\2022.2\hls_product\608\2022.2\src\shared\hls\clib/src/hls\utils/x_hls_utils.h:534:23: Inlining function 'af_range_ref<53, 1, false, (ap_q_mode)5, (ap_o_mode)3, 0>& af_range_ref<53, 1, false, (ap_q_mode)5, (ap_o_mode)3, 0>::operator=<52, false>(ap_range_ref<52, false> const&)' into 'fp_struct<double>::mantissa() const'
remark: C:\scratch\2022.2\hls_product\608\2022.2\src\shared\hls\clib/src/hls\utils/x_hls_utils.h:534:9: Inlining function 'ap_fixed_base<53, 1, false, (ap_q_mode)5, (ap_o_mode)3, 0>::operator()(int, int)' into 'fp_struct<double>::mantissa() const'
remark: C:\scratch\2022.2\hls_product\608\2022.2\src\shared\hls\clib/src/hls\utils/x_hls_utils.h:534:13: Inlining function 'ap_fixed_base<53, 1, false, (ap_q_mode)5, (ap_o_mode)3, 0>::wl() const' into 'fp_struct<double>::mantissa() const'
remark: C:\scratch\2022.2\hls_product\608\2022.2\src\shared\hls\clib/src/hls\utils/x_hls_utils.h:534:25: Inlining function 'ap_int_base<52, false>::operator()(int, int) const' into 'fp_struct<double>::mantissa() const'
remark: C:\scratch\2022.2\hls_product\608\2022.2\src\shared\hls\clib/include/header_files\ap_fixed_base.h:808:9: Inlining function 'ap_fixed_base<53, 1, false, (ap_q_mode)5, (ap_o_mode)3, 0>::operator!() const' into 'ap_fixed_base<169, 116, false, (ap_q_mode)5, (ap_o_mode)3, 0>& ap_fixed_base<169, 116, false, (ap_q_mode)5, (ap_o_mode)3, 0>::operator=<53, 1, false, (ap_q_mode)5, (ap_o_mode)3, 0>(ap_fixed_base<53, 1, false, (ap_q_mode)5, (ap_o_mode)3, 0> const&)'
remark: C:\scratch\2022.2\hls_product\608\2022.2\src\shared\hls\clib/include/header_files\ap_fixed_base.h:401:80: Inlining function '_ZN8ssdm_intILi169ELb0EEC2EDq169_j' into 'ap_fixed_base<169, 116, false, (ap_q_mode)5, (ap_o_mode)3, 0>::ap_fixed_base<53, 1, false, (ap_q_mode)5, (ap_o_mode)3, 0>(ap_fixed_base<53, 1, false, (ap_q_mode)5, (ap_o_mode)3, 0> const&)'
remark: C:\scratch\2022.2\hls_product\608\2022.2\src\shared\hls\clib/include/header_files\ap_fixed_base.h:403:5: Inlining function 'ap_fixed_base<169, 116, false, (ap_q_mode)5, (ap_o_mode)3, 0>& ap_fixed_base<169, 116, false, (ap_q_mode)5, (ap_o_mode)3, 0>::operator=<53, 1, false, (ap_q_mode)5, (ap_o_mode)3, 0>(ap_fixed_base<53, 1, false, (ap_q_mode)5, (ap_o_mode)3, 0> const&)' into 'ap_fixed_base<169, 116, false, (ap_q_mode)5, (ap_o_mode)3, 0>::ap_fixed_base<53, 1, false, (ap_q_mode)5, (ap_o_mode)3, 0>(ap_fixed_base<53, 1, false, (ap_q_mode)5, (ap_o_mode)3, 0> const&)'
remark: <unknown>:0:0: Inlining function 'ap_fixed_base<169, 116, false, (ap_q_mode)5, (ap_o_mode)3, 0>::ap_fixed_base<53, 1, false, (ap_q_mode)5, (ap_o_mode)3, 0>(ap_fixed_base<53, 1, false, (ap_q_mode)5, (ap_o_mode)3, 0> const&)' into 'ap_ufixed<169, 116, (ap_q_mode)5, (ap_o_mode)3, 0>::ap_ufixed<53, 1, false, (ap_q_mode)5, (ap_o_mode)3, 0>(ap_fixed_base<53, 1, false, (ap_q_mode)5, (ap_o_mode)3, 0> const&)'
remark: C:\scratch\2022.2\hls_product\608\2022.2\src\shared\hls\clib/include/header_files\ap_int_base.h:185:106: Inlining function '_ZN8ssdm_intILi33ELb1EEC2EDq33_i' into 'ap_int_base<33, true>::ap_int_base<11, false>(ap_int_base<11, false> const&)'
remark: C:\scratch\2022.2\hls_product\608\2022.2\src\shared\hls\clib/include/header_files\ap_int_base.h:185:106: Inlining function '_ZN8ssdm_intILi33ELb1EEC2EDq33_i' into 'ap_int_base<33, true>::ap_int_base<32, true>(ap_int_base<32, true> const&)'
remark: C:\scratch\2022.2\hls_product\608\2022.2\src\shared\hls\clib/include/header_files\ap_int_base.h:214:67: Inlining function '_ZN8ssdm_intILi33ELb1EEC2EDq33_i' into 'ap_int_base<33, true>::ap_int_base(int)'
remark: C:\scratch\2022.2\hls_product\608\2022.2\src\shared\hls\clib/include/header_files\ap_int_base.h:1496:341: Inlining function 'ap_int_base<33, true>::ap_int_base<11, false>(ap_int_base<11, false> const&)' into 'ap_int_base<11, false>::RType<32, true>::minus operator-<11, false, 32, true>(ap_int_base<11, false> const&, ap_int_base<32, true> const&)'
remark: C:\scratch\2022.2\hls_product\608\2022.2\src\shared\hls\clib/include/header_files\ap_int_base.h:1496:520: Inlining function 'ap_int_base<33, true>::ap_int_base(int)' into 'ap_int_base<11, false>::RType<32, true>::minus operator-<11, false, 32, true>(ap_int_base<11, false> const&, ap_int_base<32, true> const&)'
remark: C:\scratch\2022.2\hls_product\608\2022.2\src\shared\hls\clib/include/header_files\ap_int_base.h:1496:430: Inlining function 'ap_int_base<33, true>::ap_int_base<32, true>(ap_int_base<32, true> const&)' into 'ap_int_base<11, false>::RType<32, true>::minus operator-<11, false, 32, true>(ap_int_base<11, false> const&, ap_int_base<32, true> const&)'
remark: C:\scratch\2022.2\hls_product\608\2022.2\src\shared\hls\clib/include/header_files\ap_int_base.h:1633:1531: Inlining function 'ap_int_base<32, true>::ap_int_base(int)' into 'ap_int_base<11, false>::RType<($_0)32, true>::minus operator-<11, false>(ap_int_base<11, false> const&, int)'
remark: C:\scratch\2022.2\hls_product\608\2022.2\src\shared\hls\clib/include/header_files\ap_int_base.h:1633:1529: Inlining function 'ap_int_base<11, false>::RType<32, true>::minus operator-<11, false, 32, true>(ap_int_base<11, false> const&, ap_int_base<32, true> const&)' into 'ap_int_base<11, false>::RType<($_0)32, true>::minus operator-<11, false>(ap_int_base<11, false> const&, int)'
remark: C:\scratch\2022.2\hls_product\608\2022.2\src\shared\hls\clib/src/hls\utils/x_hls_utils.h:515:19: Inlining function 'ap_int_base<11, false>::RType<($_0)32, true>::minus operator-<11, false>(ap_int_base<11, false> const&, int)' into 'fp_struct<double>::expv() const'
remark: C:\scratch\2022.2\hls_product\608\2022.2\src\shared\hls\clib/src/hls\utils/x_hls_utils.h:515:16: Inlining function 'ap_int_base<33, true>::operator long long() const' into 'fp_struct<double>::expv() const'
remark: C:\scratch\2022.2\hls_product\608\2022.2\src\shared\hls\clib/include/header_files\ap_fixed_base.h:808:9: Inlining function 'ap_fixed_base<32, 32, true, (ap_q_mode)5, (ap_o_mode)3, 0>::operator!() const' into 'ap_fixed_base<169, 116, false, (ap_q_mode)5, (ap_o_mode)3, 0>& ap_fixed_base<169, 116, false, (ap_q_mode)5, (ap_o_mode)3, 0>::operator=<32, 32, true, (ap_q_mode)5, (ap_o_mode)3, 0>(ap_fixed_base<32, 32, true, (ap_q_mode)5, (ap_o_mode)3, 0> const&)'
remark: C:\scratch\2022.2\hls_product\608\2022.2\src\shared\hls\clib/include/header_files\ap_fixed_base.h:530:146: Inlining function 'ap_fixed_base<169, 116, false, (ap_q_mode)5, (ap_o_mode)3, 0>& ap_fixed_base<169, 116, false, (ap_q_mode)5, (ap_o_mode)3, 0>::operator=<32, 32, true, (ap_q_mode)5, (ap_o_mode)3, 0>(ap_fixed_base<32, 32, true, (ap_q_mode)5, (ap_o_mode)3, 0> const&)' into 'ap_fixed_base<169, 116, false, (ap_q_mode)5, (ap_o_mode)3, 0>::ap_fixed_base(int)'
remark: C:\scratch\2022.2\hls_product\608\2022.2\src\shared\hls\clib/include/header_files\ap_fixed_base.h:1487:19: Inlining function 'ap_fixed_base<169, 116, false, (ap_q_mode)5, (ap_o_mode)3, 0>::ap_fixed_base(int)' into 'ap_fixed_base<169, 116, false, (ap_q_mode)5, (ap_o_mode)3, 0>::operator>>(unsigned int) const'
remark: C:\scratch\2022.2\hls_product\608\2022.2\src\shared\hls\clib/include/header_files\ap_fixed_base.h:1453:19: Inlining function 'ap_fixed_base<169, 116, false, (ap_q_mode)5, (ap_o_mode)3, 0>::ap_fixed_base(int)' into 'ap_fixed_base<169, 116, false, (ap_q_mode)5, (ap_o_mode)3, 0>::operator<<(unsigned int) const'
remark: C:\scratch\2022.2\hls_product\608\2022.2\src\shared\hls\clib/include/header_files\ap_fixed_base.h:1510:19: Inlining function 'ap_fixed_base<169, 116, false, (ap_q_mode)5, (ap_o_mode)3, 0>::ap_fixed_base(int)' into 'ap_fixed_base<169, 116, false, (ap_q_mode)5, (ap_o_mode)3, 0>::operator<<(int) const'
remark: C:\scratch\2022.2\hls_product\608\2022.2\src\shared\hls\clib/include/header_files\ap_fixed_base.h:1516:14: Inlining function 'ap_fixed_base<169, 116, false, (ap_q_mode)5, (ap_o_mode)3, 0>::operator<<(unsigned int) const' into 'ap_fixed_base<169, 116, false, (ap_q_mode)5, (ap_o_mode)3, 0>::operator<<(int) const'
remark: C:\scratch\2022.2\hls_product\608\2022.2\src\shared\hls\clib/include/header_files\ap_fixed_base.h:1514:14: Inlining function 'ap_fixed_base<169, 116, false, (ap_q_mode)5, (ap_o_mode)3, 0>::operator>>(unsigned int) const' into 'ap_fixed_base<169, 116, false, (ap_q_mode)5, (ap_o_mode)3, 0>::operator<<(int) const'
remark: C:\scratch\2022.2\hls_product\608\2022.2\src\shared\hls\clib/include/header_files\ap_int_base.h:214:67: Inlining function '_ZN8ssdm_intILi169ELb0EEC2EDq169_j' into 'ap_int_base<169, false>::ap_int_base(int)'
remark: C:\scratch\2022.2\hls_product\608\2022.2\src\shared\hls\clib/include/header_files\ap_int_base.h:1669:558: Inlining function 'ap_int_base<169, false>::ap_int_base(int)' into 'ap_int_base<169, false>::RType<169, false>::arg1 operator>><169, false>(ap_int_base<169, false> const&, int)'
remark: D:/Xilinx/Vitis_HLS/2022.2/common/technology/autopilot\ap_int_base.h:214:67: Inlining function '_ZN8ssdm_intILi1ELb0EEC2EDq1_j' into 'ap_int_base<1, false>::ap_int_base(int)'
remark: C:\scratch\2022.2\hls_product\608\2022.2\src\shared\hls\clib/include/header_files\ap_fixed_base.h:357:23: Inlining function 'ap_int_base<1, false>::ap_int_base(int)' into 'ap_fixed_base<1, 64, false, (ap_q_mode)5, (ap_o_mode)0, 0>::overflow_adjust(bool, bool, bool, bool)'
remark: C:\scratch\2022.2\hls_product\608\2022.2\src\shared\hls\clib/include/header_files\ap_fixed_base.h:808:9: Inlining function 'ap_fixed_base<169, 116, false, (ap_q_mode)5, (ap_o_mode)3, 0>::operator!() const' into 'ap_fixed_base<1, 64, false, (ap_q_mode)5, (ap_o_mode)0, 0>& ap_fixed_base<1, 64, false, (ap_q_mode)5, (ap_o_mode)0, 0>::operator=<169, 116, false, (ap_q_mode)5, (ap_o_mode)3, 0>(ap_fixed_base<169, 116, false, (ap_q_mode)5, (ap_o_mode)3, 0> const&)'
remark: C:\scratch\2022.2\hls_product\608\2022.2\src\shared\hls\clib/include/header_files\ap_fixed_base.h:903:7: Inlining function 'ap_fixed_base<1, 64, false, (ap_q_mode)5, (ap_o_mode)0, 0>::overflow_adjust(bool, bool, bool, bool)' into 'ap_fixed_base<1, 64, false, (ap_q_mode)5, (ap_o_mode)0, 0>& ap_fixed_base<1, 64, false, (ap_q_mode)5, (ap_o_mode)0, 0>::operator=<169, 116, false, (ap_q_mode)5, (ap_o_mode)3, 0>(ap_fixed_base<169, 116, false, (ap_q_mode)5, (ap_o_mode)3, 0> const&)'
remark: C:\scratch\2022.2\hls_product\608\2022.2\src\shared\hls\clib/include/header_files\ap_fixed_base.h:877:36: Inlining function 'bool ap_int_base<169, false>::operator==<169, false>(ap_int_base<169, false> const&) const' into 'ap_fixed_base<1, 64, false, (ap_q_mode)5, (ap_o_mode)0, 0>& ap_fixed_base<1, 64, false, (ap_q_mode)5, (ap_o_mode)0, 0>::operator=<169, 116, false, (ap_q_mode)5, (ap_o_mode)3, 0>(ap_fixed_base<169, 116, false, (ap_q_mode)5, (ap_o_mode)3, 0> const&)'
remark: C:\scratch\2022.2\hls_product\608\2022.2\src\shared\hls\clib/include/header_files\ap_fixed_base.h:877:49: Inlining function 'ap_int_base<169, false>::RType<169, false>::arg1 operator>><169, false>(ap_int_base<169, false> const&, int)' into 'ap_fixed_base<1, 64, false, (ap_q_mode)5, (ap_o_mode)0, 0>& ap_fixed_base<1, 64, false, (ap_q_mode)5, (ap_o_mode)0, 0>::operator=<169, 116, false, (ap_q_mode)5, (ap_o_mode)3, 0>(ap_fixed_base<169, 116, false, (ap_q_mode)5, (ap_o_mode)3, 0> const&)'
remark: C:\scratch\2022.2\hls_product\608\2022.2\src\shared\hls\clib/include/header_files\ap_fixed_base.h:875:38: Inlining function 'ap_int_base<169, false>::ap_int_base(int)' into 'ap_fixed_base<1, 64, false, (ap_q_mode)5, (ap_o_mode)0, 0>& ap_fixed_base<1, 64, false, (ap_q_mode)5, (ap_o_mode)0, 0>::operator=<169, 116, false, (ap_q_mode)5, (ap_o_mode)3, 0>(ap_fixed_base<169, 116, false, (ap_q_mode)5, (ap_o_mode)3, 0> const&)'
remark: C:\scratch\2022.2\hls_product\608\2022.2\src\shared\hls\clib/include/header_files\ap_fixed_base.h:869:36: Inlining function 'bool ap_int_base<169, false>::operator==<169, false>(ap_int_base<169, false> const&) const' into 'ap_fixed_base<1, 64, false, (ap_q_mode)5, (ap_o_mode)0, 0>& ap_fixed_base<1, 64, false, (ap_q_mode)5, (ap_o_mode)0, 0>::operator=<169, 116, false, (ap_q_mode)5, (ap_o_mode)3, 0>(ap_fixed_base<169, 116, false, (ap_q_mode)5, (ap_o_mode)3, 0> const&)'
remark: C:\scratch\2022.2\hls_product\608\2022.2\src\shared\hls\clib/include/header_files\ap_fixed_base.h:869:49: Inlining function 'ap_int_base<169, false>::RType<169, false>::arg1 operator>><169, false>(ap_int_base<169, false> const&, int)' into 'ap_fixed_base<1, 64, false, (ap_q_mode)5, (ap_o_mode)0, 0>& ap_fixed_base<1, 64, false, (ap_q_mode)5, (ap_o_mode)0, 0>::operator=<169, 116, false, (ap_q_mode)5, (ap_o_mode)3, 0>(ap_fixed_base<169, 116, false, (ap_q_mode)5, (ap_o_mode)3, 0> const&)'
remark: C:\scratch\2022.2\hls_product\608\2022.2\src\shared\hls\clib/include/header_files\ap_fixed_base.h:867:38: Inlining function 'ap_int_base<169, false>::ap_int_base(int)' into 'ap_fixed_base<1, 64, false, (ap_q_mode)5, (ap_o_mode)0, 0>& ap_fixed_base<1, 64, false, (ap_q_mode)5, (ap_o_mode)0, 0>::operator=<169, 116, false, (ap_q_mode)5, (ap_o_mode)3, 0>(ap_fixed_base<169, 116, false, (ap_q_mode)5, (ap_o_mode)3, 0> const&)'
remark: C:\scratch\2022.2\hls_product\608\2022.2\src\shared\hls\clib/include/header_files\ap_fixed_base.h:864:36: Inlining function 'ap_int_base<169, false>::ap_int_base(int)' into 'ap_fixed_base<1, 64, false, (ap_q_mode)5, (ap_o_mode)0, 0>& ap_fixed_base<1, 64, false, (ap_q_mode)5, (ap_o_mode)0, 0>::operator=<169, 116, false, (ap_q_mode)5, (ap_o_mode)3, 0>(ap_fixed_base<169, 116, false, (ap_q_mode)5, (ap_o_mode)3, 0> const&)'
remark: C:\scratch\2022.2\hls_product\608\2022.2\src\shared\hls\clib/include/header_files\ap_fixed_base.h:401:80: Inlining function '_ZN8ssdm_intILi1ELb0EEC2EDq1_j' into 'ap_fixed_base<1, 64, false, (ap_q_mode)5, (ap_o_mode)0, 0>::ap_fixed_base<169, 116, false, (ap_q_mode)5, (ap_o_mode)3, 0>(ap_fixed_base<169, 116, false, (ap_q_mode)5, (ap_o_mode)3, 0> const&)'
remark: C:\scratch\2022.2\hls_product\608\2022.2\src\shared\hls\clib/include/header_files\ap_fixed_base.h:403:5: Inlining function 'ap_fixed_base<1, 64, false, (ap_q_mode)5, (ap_o_mode)0, 0>& ap_fixed_base<1, 64, false, (ap_q_mode)5, (ap_o_mode)0, 0>::operator=<169, 116, false, (ap_q_mode)5, (ap_o_mode)3, 0>(ap_fixed_base<169, 116, false, (ap_q_mode)5, (ap_o_mode)3, 0> const&)' into 'ap_fixed_base<1, 64, false, (ap_q_mode)5, (ap_o_mode)0, 0>::ap_fixed_base<169, 116, false, (ap_q_mode)5, (ap_o_mode)3, 0>(ap_fixed_base<169, 116, false, (ap_q_mode)5, (ap_o_mode)3, 0> const&)'
remark: <unknown>:0:0: Inlining function 'ap_fixed_base<1, 64, false, (ap_q_mode)5, (ap_o_mode)0, 0>::ap_fixed_base<169, 116, false, (ap_q_mode)5, (ap_o_mode)3, 0>(ap_fixed_base<169, 116, false, (ap_q_mode)5, (ap_o_mode)3, 0> const&)' into 'ap_ufixed<1, 64, (ap_q_mode)5, (ap_o_mode)0, 0>::ap_ufixed<169, 116, false, (ap_q_mode)5, (ap_o_mode)3, 0>(ap_fixed_base<169, 116, false, (ap_q_mode)5, (ap_o_mode)3, 0> const&)'
remark: C:\scratch\2022.2\hls_product\608\2022.2\src\shared\hls\clib/include/header_files\ap_fixed_base.h:808:9: Inlining function 'ap_fixed_base<169, 116, false, (ap_q_mode)5, (ap_o_mode)3, 0>::operator!() const' into 'ap_fixed_base<64, 64, false, (ap_q_mode)6, (ap_o_mode)3, 0>& ap_fixed_base<64, 64, false, (ap_q_mode)6, (ap_o_mode)3, 0>::operator=<169, 116, false, (ap_q_mode)5, (ap_o_mode)3, 0>(ap_fixed_base<169, 116, false, (ap_q_mode)5, (ap_o_mode)3, 0> const&)'
remark: C:\scratch\2022.2\hls_product\608\2022.2\src\shared\hls\clib/include/header_files\ap_fixed_base.h:401:80: Inlining function 'ssdm_int<64, false>::ssdm_int(unsigned long)' into 'ap_fixed_base<64, 64, false, (ap_q_mode)6, (ap_o_mode)3, 0>::ap_fixed_base<169, 116, false, (ap_q_mode)5, (ap_o_mode)3, 0>(ap_fixed_base<169, 116, false, (ap_q_mode)5, (ap_o_mode)3, 0> const&)'
remark: C:\scratch\2022.2\hls_product\608\2022.2\src\shared\hls\clib/include/header_files\ap_fixed_base.h:403:5: Inlining function 'ap_fixed_base<64, 64, false, (ap_q_mode)6, (ap_o_mode)3, 0>& ap_fixed_base<64, 64, false, (ap_q_mode)6, (ap_o_mode)3, 0>::operator=<169, 116, false, (ap_q_mode)5, (ap_o_mode)3, 0>(ap_fixed_base<169, 116, false, (ap_q_mode)5, (ap_o_mode)3, 0> const&)' into 'ap_fixed_base<64, 64, false, (ap_q_mode)6, (ap_o_mode)3, 0>::ap_fixed_base<169, 116, false, (ap_q_mode)5, (ap_o_mode)3, 0>(ap_fixed_base<169, 116, false, (ap_q_mode)5, (ap_o_mode)3, 0> const&)'
remark: <unknown>:0:0: Inlining function 'ap_fixed_base<64, 64, false, (ap_q_mode)6, (ap_o_mode)3, 0>::ap_fixed_base<169, 116, false, (ap_q_mode)5, (ap_o_mode)3, 0>(ap_fixed_base<169, 116, false, (ap_q_mode)5, (ap_o_mode)3, 0> const&)' into 'ap_ufixed<64, 64, (ap_q_mode)6, (ap_o_mode)3, 0>::ap_ufixed<169, 116, false, (ap_q_mode)5, (ap_o_mode)3, 0>(ap_fixed_base<169, 116, false, (ap_q_mode)5, (ap_o_mode)3, 0> const&)'
remark: C:\scratch\2022.2\hls_product\608\2022.2\src\shared\hls\clib/include/header_files\ap_fixed_base.h:808:9: Inlining function 'ap_fixed_base<1, 64, false, (ap_q_mode)5, (ap_o_mode)0, 0>::operator!() const' into 'ap_fixed_base<65, 65, false, (ap_q_mode)5, (ap_o_mode)0, 0>& ap_fixed_base<65, 65, false, (ap_q_mode)5, (ap_o_mode)0, 0>::operator=<1, 64, false, (ap_q_mode)5, (ap_o_mode)0, 0>(ap_fixed_base<1, 64, false, (ap_q_mode)5, (ap_o_mode)0, 0> const&)'
remark: C:\scratch\2022.2\hls_product\608\2022.2\src\shared\hls\clib/include/header_files\ap_fixed_base.h:401:80: Inlining function '_ZN8ssdm_intILi65ELb0EEC2EDq65_j' into 'ap_fixed_base<65, 65, false, (ap_q_mode)5, (ap_o_mode)0, 0>::ap_fixed_base<1, 64, false, (ap_q_mode)5, (ap_o_mode)0, 0>(ap_fixed_base<1, 64, false, (ap_q_mode)5, (ap_o_mode)0, 0> const&)'
remark: C:\scratch\2022.2\hls_product\608\2022.2\src\shared\hls\clib/include/header_files\ap_fixed_base.h:403:5: Inlining function 'ap_fixed_base<65, 65, false, (ap_q_mode)5, (ap_o_mode)0, 0>& ap_fixed_base<65, 65, false, (ap_q_mode)5, (ap_o_mode)0, 0>::operator=<1, 64, false, (ap_q_mode)5, (ap_o_mode)0, 0>(ap_fixed_base<1, 64, false, (ap_q_mode)5, (ap_o_mode)0, 0> const&)' into 'ap_fixed_base<65, 65, false, (ap_q_mode)5, (ap_o_mode)0, 0>::ap_fixed_base<1, 64, false, (ap_q_mode)5, (ap_o_mode)0, 0>(ap_fixed_base<1, 64, false, (ap_q_mode)5, (ap_o_mode)0, 0> const&)'
remark: C:\scratch\2022.2\hls_product\608\2022.2\src\shared\hls\clib/include/header_files\ap_fixed_base.h:1654:505: Inlining function 'ap_fixed_base<65, 65, false, (ap_q_mode)5, (ap_o_mode)0, 0>::ap_fixed_base<1, 64, false, (ap_q_mode)5, (ap_o_mode)0, 0>(ap_fixed_base<1, 64, false, (ap_q_mode)5, (ap_o_mode)0, 0> const&)' into 'bool ap_fixed_base<1, 64, false, (ap_q_mode)5, (ap_o_mode)0, 0>::operator!=<32, 32, true, (ap_q_mode)5, (ap_o_mode)3, 0>(ap_fixed_base<32, 32, true, (ap_q_mode)5, (ap_o_mode)3, 0> const&) const'
remark: C:\scratch\2022.2\hls_product\608\2022.2\src\shared\hls\clib/include/header_files\ap_fixed_base.h:2376:13043: Inlining function 'ap_fixed_base<32, 32, true, (ap_q_mode)5, (ap_o_mode)3, 0>::ap_fixed_base(int)' into 'bool operator!=<1, 64, false, (ap_q_mode)5, (ap_o_mode)0, 0>(ap_fixed_base<1, 64, false, (ap_q_mode)5, (ap_o_mode)0, 0> const&, int)'
remark: C:\scratch\2022.2\hls_product\608\2022.2\src\shared\hls\clib/include/header_files\ap_fixed_base.h:2376:13031: Inlining function 'bool ap_fixed_base<1, 64, false, (ap_q_mode)5, (ap_o_mode)0, 0>::operator!=<32, 32, true, (ap_q_mode)5, (ap_o_mode)3, 0>(ap_fixed_base<32, 32, true, (ap_q_mode)5, (ap_o_mode)3, 0> const&) const' into 'bool operator!=<1, 64, false, (ap_q_mode)5, (ap_o_mode)0, 0>(ap_fixed_base<1, 64, false, (ap_q_mode)5, (ap_o_mode)0, 0> const&, int)'
remark: C:\scratch\2022.2\hls_product\608\2022.2\src\shared\hls\clib/include/header_files\ap_int_base.h:214:67: Inlining function 'ssdm_int<64, true>::ssdm_int(long)' into 'ap_int_base<64, true>::ap_int_base(int)'
remark: <unknown>:0:0: Inlining function 'ap_int_base<64, true>::ap_int_base(int)' into 'ap_int<64>::ap_int(int)'
remark: C:\scratch\2022.2\hls_product\608\2022.2\src\shared\hls\clib/include/header_files\ap_int_base.h:1129:30: Inlining function 'ap_bit_ref<64, true>::ap_bit_ref(ap_int_base<64, true>*, int)' into 'ap_int_base<64, true>::operator[](int)'
remark: C:\scratch\2022.2\hls_product\608\2022.2\src\shared\hls\clib/include/header_files\ap_fixed_base.h:808:9: Inlining function 'ap_fixed_base<1, 64, false, (ap_q_mode)5, (ap_o_mode)0, 0>::operator!() const' into 'ap_fixed_base<64, 64, false, (ap_q_mode)5, (ap_o_mode)0, 0>& ap_fixed_base<64, 64, false, (ap_q_mode)5, (ap_o_mode)0, 0>::operator=<1, 64, false, (ap_q_mode)5, (ap_o_mode)0, 0>(ap_fixed_base<1, 64, false, (ap_q_mode)5, (ap_o_mode)0, 0> const&)'
remark: C:\scratch\2022.2\hls_product\608\2022.2\src\shared\hls\clib/include/header_files\ap_fixed_base.h:401:80: Inlining function 'ssdm_int<64, false>::ssdm_int(unsigned long)' into 'ap_fixed_base<64, 64, false, (ap_q_mode)5, (ap_o_mode)0, 0>::ap_fixed_base<1, 64, false, (ap_q_mode)5, (ap_o_mode)0, 0>(ap_fixed_base<1, 64, false, (ap_q_mode)5, (ap_o_mode)0, 0> const&)'
remark: C:\scratch\2022.2\hls_product\608\2022.2\src\shared\hls\clib/include/header_files\ap_fixed_base.h:403:5: Inlining function 'ap_fixed_base<64, 64, false, (ap_q_mode)5, (ap_o_mode)0, 0>& ap_fixed_base<64, 64, false, (ap_q_mode)5, (ap_o_mode)0, 0>::operator=<1, 64, false, (ap_q_mode)5, (ap_o_mode)0, 0>(ap_fixed_base<1, 64, false, (ap_q_mode)5, (ap_o_mode)0, 0> const&)' into 'ap_fixed_base<64, 64, false, (ap_q_mode)5, (ap_o_mode)0, 0>::ap_fixed_base<1, 64, false, (ap_q_mode)5, (ap_o_mode)0, 0>(ap_fixed_base<1, 64, false, (ap_q_mode)5, (ap_o_mode)0, 0> const&)'
remark: C:\scratch\2022.2\hls_product\608\2022.2\src\shared\hls\clib/include/header_files\ap_fixed_base.h:1653:370: Inlining function 'ap_fixed_base<64, 64, false, (ap_q_mode)5, (ap_o_mode)0, 0>::ap_fixed_base<1, 64, false, (ap_q_mode)5, (ap_o_mode)0, 0>(ap_fixed_base<1, 64, false, (ap_q_mode)5, (ap_o_mode)0, 0> const&)' into 'bool ap_fixed_base<32, 32, true, (ap_q_mode)5, (ap_o_mode)3, 0>::operator==<1, 64, false, (ap_q_mode)5, (ap_o_mode)0, 0>(ap_fixed_base<1, 64, false, (ap_q_mode)5, (ap_o_mode)0, 0> const&) const'
remark: C:\scratch\2022.2\hls_product\608\2022.2\src\shared\hls\clib/include/header_files\ap_fixed_base.h:2376:12718: Inlining function 'ap_fixed_base<32, 32, true, (ap_q_mode)5, (ap_o_mode)3, 0>::ap_fixed_base(int)' into 'bool operator==<1, 64, false, (ap_q_mode)5, (ap_o_mode)0, 0>(int, ap_fixed_base<1, 64, false, (ap_q_mode)5, (ap_o_mode)0, 0> const&)'
remark: C:\scratch\2022.2\hls_product\608\2022.2\src\shared\hls\clib/include/header_files\ap_fixed_base.h:2376:12778: Inlining function 'bool ap_fixed_base<32, 32, true, (ap_q_mode)5, (ap_o_mode)3, 0>::operator==<1, 64, false, (ap_q_mode)5, (ap_o_mode)0, 0>(ap_fixed_base<1, 64, false, (ap_q_mode)5, (ap_o_mode)0, 0> const&) const' into 'bool operator==<1, 64, false, (ap_q_mode)5, (ap_o_mode)0, 0>(int, ap_fixed_base<1, 64, false, (ap_q_mode)5, (ap_o_mode)0, 0> const&)'
remark: C:\scratch\2022.2\hls_product\608\2022.2\src\shared\hls\clib/include/header_files\ap_int_base.h:1788:2037: Inlining function 'ap_int_base<32, true>::ap_int_base(int)' into 'bool operator!=<52, false>(int, ap_int_base<52, false> const&)'
remark: C:\scratch\2022.2\hls_product\608\2022.2\src\shared\hls\clib/include/header_files\ap_int_base.h:1788:2075: Inlining function 'bool ap_int_base<32, true>::operator!=<52, false>(ap_int_base<52, false> const&) const' into 'bool operator!=<52, false>(int, ap_int_base<52, false> const&)'
remark: C:\scratch\2022.2\hls_product\608\2022.2\src\shared\hls\clib/include/header_files\ap_fixed_base.h:808:9: Inlining function 'ap_fixed_base<64, 64, false, (ap_q_mode)6, (ap_o_mode)3, 0>::operator!() const' into 'ap_fixed_base<64, 64, true, (ap_q_mode)5, (ap_o_mode)3, 0>& ap_fixed_base<64, 64, true, (ap_q_mode)5, (ap_o_mode)3, 0>::operator=<64, 64, false, (ap_q_mode)6, (ap_o_mode)3, 0>(ap_fixed_base<64, 64, false, (ap_q_mode)6, (ap_o_mode)3, 0> const&)'
remark: C:\scratch\2022.2\hls_product\608\2022.2\src\shared\hls\clib/include/header_files\ap_fixed_base.h:401:80: Inlining function 'ssdm_int<64, true>::ssdm_int(long)' into 'ap_fixed_base<64, 64, true, (ap_q_mode)5, (ap_o_mode)3, 0>::ap_fixed_base<64, 64, false, (ap_q_mode)6, (ap_o_mode)3, 0>(ap_fixed_base<64, 64, false, (ap_q_mode)6, (ap_o_mode)3, 0> const&)'
remark: C:\scratch\2022.2\hls_product\608\2022.2\src\shared\hls\clib/include/header_files\ap_fixed_base.h:403:5: Inlining function 'ap_fixed_base<64, 64, true, (ap_q_mode)5, (ap_o_mode)3, 0>& ap_fixed_base<64, 64, true, (ap_q_mode)5, (ap_o_mode)3, 0>::operator=<64, 64, false, (ap_q_mode)6, (ap_o_mode)3, 0>(ap_fixed_base<64, 64, false, (ap_q_mode)6, (ap_o_mode)3, 0> const&)' into 'ap_fixed_base<64, 64, true, (ap_q_mode)5, (ap_o_mode)3, 0>::ap_fixed_base<64, 64, false, (ap_q_mode)6, (ap_o_mode)3, 0>(ap_fixed_base<64, 64, false, (ap_q_mode)6, (ap_o_mode)3, 0> const&)'
remark: <unknown>:0:0: Inlining function 'ap_fixed_base<64, 64, true, (ap_q_mode)5, (ap_o_mode)3, 0>::ap_fixed_base<64, 64, false, (ap_q_mode)6, (ap_o_mode)3, 0>(ap_fixed_base<64, 64, false, (ap_q_mode)6, (ap_o_mode)3, 0> const&)' into 'ap_fixed<64, 64, (ap_q_mode)5, (ap_o_mode)3, 0>::ap_fixed<64, 64, false, (ap_q_mode)6, (ap_o_mode)3, 0>(ap_fixed_base<64, 64, false, (ap_q_mode)6, (ap_o_mode)3, 0> const&)'
remark: C:\scratch\2022.2\hls_product\608\2022.2\src\shared\hls\clib/include/header_files\ap_fixed_base.h:808:9: Inlining function 'ap_fixed_base<64, 64, false, (ap_q_mode)6, (ap_o_mode)3, 0>::operator!() const' into 'ap_fixed_base<65, 65, true, (ap_q_mode)5, (ap_o_mode)3, 0>& ap_fixed_base<65, 65, true, (ap_q_mode)5, (ap_o_mode)3, 0>::operator=<64, 64, false, (ap_q_mode)6, (ap_o_mode)3, 0>(ap_fixed_base<64, 64, false, (ap_q_mode)6, (ap_o_mode)3, 0> const&)'
remark: C:\scratch\2022.2\hls_product\608\2022.2\src\shared\hls\clib/include/header_files\ap_fixed_base.h:401:80: Inlining function '_ZN8ssdm_intILi65ELb1EEC2EDq65_i' into 'ap_fixed_base<65, 65, true, (ap_q_mode)5, (ap_o_mode)3, 0>::ap_fixed_base<64, 64, false, (ap_q_mode)6, (ap_o_mode)3, 0>(ap_fixed_base<64, 64, false, (ap_q_mode)6, (ap_o_mode)3, 0> const&)'
remark: C:\scratch\2022.2\hls_product\608\2022.2\src\shared\hls\clib/include/header_files\ap_fixed_base.h:403:5: Inlining function 'ap_fixed_base<65, 65, true, (ap_q_mode)5, (ap_o_mode)3, 0>& ap_fixed_base<65, 65, true, (ap_q_mode)5, (ap_o_mode)3, 0>::operator=<64, 64, false, (ap_q_mode)6, (ap_o_mode)3, 0>(ap_fixed_base<64, 64, false, (ap_q_mode)6, (ap_o_mode)3, 0> const&)' into 'ap_fixed_base<65, 65, true, (ap_q_mode)5, (ap_o_mode)3, 0>::ap_fixed_base<64, 64, false, (ap_q_mode)6, (ap_o_mode)3, 0>(ap_fixed_base<64, 64, false, (ap_q_mode)6, (ap_o_mode)3, 0> const&)'
remark: C:\scratch\2022.2\hls_product\608\2022.2\src\shared\hls\clib/include/header_files\ap_fixed_base.h:1407:47: Inlining function 'ap_fixed_base<65, 65, true, (ap_q_mode)5, (ap_o_mode)3, 0>::ap_fixed_base<64, 64, false, (ap_q_mode)6, (ap_o_mode)3, 0>(ap_fixed_base<64, 64, false, (ap_q_mode)6, (ap_o_mode)3, 0> const&)' into 'ap_fixed_base<64, 64, false, (ap_q_mode)6, (ap_o_mode)3, 0>::operator-() const'
remark: C:\scratch\2022.2\hls_product\608\2022.2\src\shared\hls\clib/include/header_files\ap_fixed_base.h:808:9: Inlining function 'ap_fixed_base<65, 65, true, (ap_q_mode)5, (ap_o_mode)3, 0>::operator!() const' into 'ap_fixed_base<64, 64, true, (ap_q_mode)5, (ap_o_mode)3, 0>& ap_fixed_base<64, 64, true, (ap_q_mode)5, (ap_o_mode)3, 0>::operator=<65, 65, true, (ap_q_mode)5, (ap_o_mode)3, 0>(ap_fixed_base<65, 65, true, (ap_q_mode)5, (ap_o_mode)3, 0> const&)'
remark: C:\scratch\2022.2\hls_product\608\2022.2\src\shared\hls\clib/include/header_files\ap_fixed_base.h:401:80: Inlining function 'ssdm_int<64, true>::ssdm_int(long)' into 'ap_fixed_base<64, 64, true, (ap_q_mode)5, (ap_o_mode)3, 0>::ap_fixed_base<65, 65, true, (ap_q_mode)5, (ap_o_mode)3, 0>(ap_fixed_base<65, 65, true, (ap_q_mode)5, (ap_o_mode)3, 0> const&)'
remark: C:\scratch\2022.2\hls_product\608\2022.2\src\shared\hls\clib/include/header_files\ap_fixed_base.h:403:5: Inlining function 'ap_fixed_base<64, 64, true, (ap_q_mode)5, (ap_o_mode)3, 0>& ap_fixed_base<64, 64, true, (ap_q_mode)5, (ap_o_mode)3, 0>::operator=<65, 65, true, (ap_q_mode)5, (ap_o_mode)3, 0>(ap_fixed_base<65, 65, true, (ap_q_mode)5, (ap_o_mode)3, 0> const&)' into 'ap_fixed_base<64, 64, true, (ap_q_mode)5, (ap_o_mode)3, 0>::ap_fixed_base<65, 65, true, (ap_q_mode)5, (ap_o_mode)3, 0>(ap_fixed_base<65, 65, true, (ap_q_mode)5, (ap_o_mode)3, 0> const&)'
remark: <unknown>:0:0: Inlining function 'ap_fixed_base<64, 64, true, (ap_q_mode)5, (ap_o_mode)3, 0>::ap_fixed_base<65, 65, true, (ap_q_mode)5, (ap_o_mode)3, 0>(ap_fixed_base<65, 65, true, (ap_q_mode)5, (ap_o_mode)3, 0> const&)' into 'ap_fixed<64, 64, (ap_q_mode)5, (ap_o_mode)3, 0>::ap_fixed<65, 65, true, (ap_q_mode)5, (ap_o_mode)3, 0>(ap_fixed_base<65, 65, true, (ap_q_mode)5, (ap_o_mode)3, 0> const&)'
remark: C:\scratch\2022.2\hls_product\608\2022.2\src\shared\hls\clib/include/header_files\ap_fixed_base.h:983:57: Inlining function 'ap_int_base<64, true>::ap_int_base(int)' into 'ap_fixed_base<64, 64, true, (ap_q_mode)5, (ap_o_mode)3, 0>::to_ap_int_base(bool) const'
remark: C:\scratch\2022.2\hls_product\608\2022.2\src\shared\hls\clib/include/header_files\ap_fixed_base.h:1026:96: Inlining function 'ap_fixed_base<64, 64, true, (ap_q_mode)5, (ap_o_mode)3, 0>::to_ap_int_base(bool) const' into 'ap_fixed_base<64, 64, true, (ap_q_mode)5, (ap_o_mode)3, 0>::to_int64() const'
remark: C:\scratch\2022.2\hls_product\608\2022.2\src\shared\hls\clib/include/header_files\ap_fixed_base.h:1026:113: Inlining function 'ap_int_base<64, true>::to_int64() const' into 'ap_fixed_base<64, 64, true, (ap_q_mode)5, (ap_o_mode)3, 0>::to_int64() const'
remark: C:\scratch\2022.2\hls_product\608\2022.2\src\shared\hls\clib/include/header_files\ap_fixed_base.h:1214:96: Inlining function 'ap_fixed_base<64, 64, true, (ap_q_mode)5, (ap_o_mode)3, 0>::to_int64() const' into 'ap_fixed_base<64, 64, true, (ap_q_mode)5, (ap_o_mode)3, 0>::operator long long() const'
remark: C:\scratch\2022.2\hls_product\608\2022.2\src\shared\hls\clib/hlsmath/include/FloatingPoint\hls_case_IEEE754.h:61:9: Inlining function 'ap_fixed_base<64, 64, true, (ap_q_mode)5, (ap_o_mode)3, 0>::operator long long() const' into 'long long generic_cast_IEEE754<long long, (ap_q_mode)6, double>(double, bool, hls::enable_if<std::numeric_limits<long long>::is_signed, bool>::type)'
remark: C:\scratch\2022.2\hls_product\608\2022.2\src\shared\hls\clib/hlsmath/include/FloatingPoint\hls_case_IEEE754.h:59:30: Inlining function 'ap_fixed_base<64, 64, false, (ap_q_mode)6, (ap_o_mode)3, 0>::operator-() const' into 'long long generic_cast_IEEE754<long long, (ap_q_mode)6, double>(double, bool, hls::enable_if<std::numeric_limits<long long>::is_signed, bool>::type)'
remark: C:\scratch\2022.2\hls_product\608\2022.2\src\shared\hls\clib/hlsmath/include/FloatingPoint\hls_case_IEEE754.h:18:73: Inlining function 'ap_fixed_base<169, 116, false, (ap_q_mode)5, (ap_o_mode)3, 0>::operator<<(int) const' into 'long long generic_cast_IEEE754<long long, (ap_q_mode)6, double>(double, bool, hls::enable_if<std::numeric_limits<long long>::is_signed, bool>::type)'
remark: C:\scratch\2022.2\hls_product\608\2022.2\src\shared\hls\clib/hlsmath/include/FloatingPoint\hls_case_IEEE754.h:47:17: Inlining function 'ap_int_base<64, true>::operator long long() const' into 'long long generic_cast_IEEE754<long long, (ap_q_mode)6, double>(double, bool, hls::enable_if<std::numeric_limits<long long>::is_signed, bool>::type)'
remark: C:\scratch\2022.2\hls_product\608\2022.2\src\shared\hls\clib/hlsmath/include/FloatingPoint\hls_case_IEEE754.h:44:17: Inlining function 'ap_int_base<64, true>::operator long long() const' into 'long long generic_cast_IEEE754<long long, (ap_q_mode)6, double>(double, bool, hls::enable_if<std::numeric_limits<long long>::is_signed, bool>::type)'
remark: C:\scratch\2022.2\hls_product\608\2022.2\src\shared\hls\clib/hlsmath/include/FloatingPoint\hls_case_IEEE754.h:42:54: Inlining function 'bool operator==<11, false>(ap_int_base<11, false> const&, int)' into 'long long generic_cast_IEEE754<long long, (ap_q_mode)6, double>(double, bool, hls::enable_if<std::numeric_limits<long long>::is_signed, bool>::type)'
remark: C:\scratch\2022.2\hls_product\608\2022.2\src\shared\hls\clib/hlsmath/include/FloatingPoint\hls_case_IEEE754.h:42:34: Inlining function 'bool operator!=<52, false>(int, ap_int_base<52, false> const&)' into 'long long generic_cast_IEEE754<long long, (ap_q_mode)6, double>(double, bool, hls::enable_if<std::numeric_limits<long long>::is_signed, bool>::type)'
remark: C:\scratch\2022.2\hls_product\608\2022.2\src\shared\hls\clib/hlsmath/include/FloatingPoint\hls_case_IEEE754.h:42:12: Inlining function 'bool operator==<1, 64, false, (ap_q_mode)5, (ap_o_mode)0, 0>(int, ap_fixed_base<1, 64, false, (ap_q_mode)5, (ap_o_mode)0, 0> const&)' into 'long long generic_cast_IEEE754<long long, (ap_q_mode)6, double>(double, bool, hls::enable_if<std::numeric_limits<long long>::is_signed, bool>::type)'
remark: C:\scratch\2022.2\hls_product\608\2022.2\src\shared\hls\clib/hlsmath/include/FloatingPoint\hls_case_IEEE754.h:38:24: Inlining function 'ap_bit_ref<64, true>::operator=(int)' into 'long long generic_cast_IEEE754<long long, (ap_q_mode)6, double>(double, bool, hls::enable_if<std::numeric_limits<long long>::is_signed, bool>::type)'
remark: C:\scratch\2022.2\hls_product\608\2022.2\src\shared\hls\clib/hlsmath/include/FloatingPoint\hls_case_IEEE754.h:38:2: Inlining function 'ap_int_base<64, true>::operator[](int)' into 'long long generic_cast_IEEE754<long long, (ap_q_mode)6, double>(double, bool, hls::enable_if<std::numeric_limits<long long>::is_signed, bool>::type)'
remark: C:\scratch\2022.2\hls_product\608\2022.2\src\shared\hls\clib/hlsmath/include/FloatingPoint\hls_case_IEEE754.h:36:24: Inlining function 'ap_bit_ref<64, true>::operator=(int)' into 'long long generic_cast_IEEE754<long long, (ap_q_mode)6, double>(double, bool, hls::enable_if<std::numeric_limits<long long>::is_signed, bool>::type)'
remark: C:\scratch\2022.2\hls_product\608\2022.2\src\shared\hls\clib/hlsmath/include/FloatingPoint\hls_case_IEEE754.h:36:2: Inlining function 'ap_int_base<64, true>::operator[](int)' into 'long long generic_cast_IEEE754<long long, (ap_q_mode)6, double>(double, bool, hls::enable_if<std::numeric_limits<long long>::is_signed, bool>::type)'
remark: C:\scratch\2022.2\hls_product\608\2022.2\src\shared\hls\clib/hlsmath/include/FloatingPoint\hls_case_IEEE754.h:32:96: Inlining function 'bool operator!=<1, 64, false, (ap_q_mode)5, (ap_o_mode)0, 0>(ap_fixed_base<1, 64, false, (ap_q_mode)5, (ap_o_mode)0, 0> const&, int)' into 'long long generic_cast_IEEE754<long long, (ap_q_mode)6, double>(double, bool, hls::enable_if<std::numeric_limits<long long>::is_signed, bool>::type)'
remark: D:/Xilinx/Vitis_HLS/2022.2/common/technology/autopilot\ap_int_base.h:216:68: Inlining function 'ssdm_int<64, true>::ssdm_int(long)' into 'ap_int_base<64, true>::ap_int_base(long)'
remark: D:/Xilinx/Vitis_HLS/2022.2/common/technology/autopilot\ap_int_base.h:185:106: Inlining function '_ZN8ssdm_intILi65ELb1EEC2EDq65_i' into 'ap_int_base<65, true>::ap_int_base<11, false>(ap_int_base<11, false> const&)'
remark: D:/Xilinx/Vitis_HLS/2022.2/common/technology/autopilot\ap_int_base.h:185:106: Inlining function '_ZN8ssdm_intILi65ELb1EEC2EDq65_i' into 'ap_int_base<65, true>::ap_int_base<64, true>(ap_int_base<64, true> const&)'
remark: D:/Xilinx/Vitis_HLS/2022.2/common/technology/autopilot\ap_int_base.h:214:67: Inlining function '_ZN8ssdm_intILi65ELb1EEC2EDq65_i' into 'ap_int_base<65, true>::ap_int_base(int)'
remark: D:/Xilinx/Vitis_HLS/2022.2/common/technology/autopilot\ap_int_base.h:1496:341: Inlining function 'ap_int_base<65, true>::ap_int_base<11, false>(ap_int_base<11, false> const&)' into 'ap_int_base<11, false>::RType<64, true>::minus operator-<11, false, 64, true>(ap_int_base<11, false> const&, ap_int_base<64, true> const&)'
remark: D:/Xilinx/Vitis_HLS/2022.2/common/technology/autopilot\ap_int_base.h:1496:520: Inlining function 'ap_int_base<65, true>::ap_int_base(int)' into 'ap_int_base<11, false>::RType<64, true>::minus operator-<11, false, 64, true>(ap_int_base<11, false> const&, ap_int_base<64, true> const&)'
remark: D:/Xilinx/Vitis_HLS/2022.2/common/technology/autopilot\ap_int_base.h:1496:430: Inlining function 'ap_int_base<65, true>::ap_int_base<64, true>(ap_int_base<64, true> const&)' into 'ap_int_base<11, false>::RType<64, true>::minus operator-<11, false, 64, true>(ap_int_base<11, false> const&, ap_int_base<64, true> const&)'
remark: D:/Xilinx/Vitis_HLS/2022.2/common/technology/autopilot\ap_int_base.h:1635:1548: Inlining function 'ap_int_base<64, true>::ap_int_base(long)' into 'ap_int_base<11, false>::RType<($_0)64, true>::minus operator-<11, false>(ap_int_base<11, false> const&, long)'
remark: D:/Xilinx/Vitis_HLS/2022.2/common/technology/autopilot\ap_int_base.h:1635:1546: Inlining function 'ap_int_base<11, false>::RType<64, true>::minus operator-<11, false, 64, true>(ap_int_base<11, false> const&, ap_int_base<64, true> const&)' into 'ap_int_base<11, false>::RType<($_0)64, true>::minus operator-<11, false>(ap_int_base<11, false> const&, long)'
remark: D:/Xilinx/Vitis_HLS/2022.2/common/technology/autopilot\ap_int_base.h:185:106: Inlining function '_ZN8ssdm_intILi55ELb1EEC2EDq55_i' into 'ap_int_base<55, true>::ap_int_base<1, false>(ap_int_base<1, false> const&)'
remark: D:/Xilinx/Vitis_HLS/2022.2/common/technology/autopilot\ap_int_base.h:185:106: Inlining function '_ZN8ssdm_intILi55ELb1EEC2EDq55_i' into 'ap_int_base<55, true>::ap_int_base<54, true>(ap_int_base<54, true> const&)'
remark: D:/Xilinx/Vitis_HLS/2022.2/common/technology/autopilot\ap_int_base.h:214:67: Inlining function '_ZN8ssdm_intILi55ELb1EEC2EDq55_i' into 'ap_int_base<55, true>::ap_int_base(int)'
remark: D:/Xilinx/Vitis_HLS/2022.2/common/technology/autopilot\ap_int_base.h:1496:341: Inlining function 'ap_int_base<55, true>::ap_int_base<1, false>(ap_int_base<1, false> const&)' into 'ap_int_base<1, false>::RType<54, true>::minus operator-<1, false, 54, true>(ap_int_base<1, false> const&, ap_int_base<54, true> const&)'
remark: D:/Xilinx/Vitis_HLS/2022.2/common/technology/autopilot\ap_int_base.h:1496:520: Inlining function 'ap_int_base<55, true>::ap_int_base(int)' into 'ap_int_base<1, false>::RType<54, true>::minus operator-<1, false, 54, true>(ap_int_base<1, false> const&, ap_int_base<54, true> const&)'
remark: D:/Xilinx/Vitis_HLS/2022.2/common/technology/autopilot\ap_int_base.h:1496:430: Inlining function 'ap_int_base<55, true>::ap_int_base<54, true>(ap_int_base<54, true> const&)' into 'ap_int_base<1, false>::RType<54, true>::minus operator-<1, false, 54, true>(ap_int_base<1, false> const&, ap_int_base<54, true> const&)'
remark: D:/Xilinx/Vitis_HLS/2022.2/common/technology/autopilot\ap_int_base.h:895:12: Inlining function 'ap_int_base<1, false>::ap_int_base(int)' into 'ap_int_base<54, true>::operator-() const'
remark: D:/Xilinx/Vitis_HLS/2022.2/common/technology/autopilot\ap_int_base.h:895:37: Inlining function 'ap_int_base<1, false>::RType<54, true>::minus operator-<1, false, 54, true>(ap_int_base<1, false> const&, ap_int_base<54, true> const&)' into 'ap_int_base<54, true>::operator-() const'
remark: D:/Xilinx/Vitis_HLS/2022.2/common/technology/autopilot\ap_fixed_base.h:545:14: Inlining function 'doubleToRawBits(double)' into 'ap_fixed_base<16, 8, true, (ap_q_mode)5, (ap_o_mode)3, 0>::ap_fixed_base(double)'
remark: D:/Xilinx/Vitis_HLS/2022.2/common/technology/autopilot\ap_fixed_base.h:559:20: Inlining function 'ap_int_base<54, true>& ap_int_base<54, true>::operator=<55, true>(ap_int_base<55, true> const&)' into 'ap_fixed_base<16, 8, true, (ap_q_mode)5, (ap_o_mode)3, 0>::ap_fixed_base(double)'
remark: D:/Xilinx/Vitis_HLS/2022.2/common/technology/autopilot\ap_fixed_base.h:559:22: Inlining function 'ap_int_base<54, true>::operator-() const' into 'ap_fixed_base<16, 8, true, (ap_q_mode)5, (ap_o_mode)3, 0>::ap_fixed_base(double)'
remark: D:/Xilinx/Vitis_HLS/2022.2/common/technology/autopilot\ap_fixed_base.h:552:9: Inlining function 'ap_int_base<12, true>& ap_int_base<12, true>::operator=<65, true>(ap_int_base<65, true> const&)' into 'ap_fixed_base<16, 8, true, (ap_q_mode)5, (ap_o_mode)3, 0>::ap_fixed_base(double)'
remark: D:/Xilinx/Vitis_HLS/2022.2/common/technology/autopilot\ap_fixed_base.h:552:19: Inlining function 'ap_int_base<11, false>::RType<($_0)64, true>::minus operator-<11, false>(ap_int_base<11, false> const&, long)' into 'ap_fixed_base<16, 8, true, (ap_q_mode)5, (ap_o_mode)3, 0>::ap_fixed_base(double)'
remark: ../conv3x3_core.cpp:44:69: Inlining function 'ap_fixed_base<16, 8, true, (ap_q_mode)5, (ap_o_mode)3, 0>::to_double() const' into 'conv3x3_core(ap_fixed<16, 8, (ap_q_mode)5, (ap_o_mode)3, 0> const (*) [40][40], ap_fixed<16, 8, (ap_q_mode)5, (ap_o_mode)3, 0> const (*) [64][3][3], ap_fixed<16, 8, (ap_q_mode)5, (ap_o_mode)3, 0> (*) [40][40])'
remark: ../conv3x3_core.cpp:45:61: Inlining function 'ap_fixed_base<16, 8, true, (ap_q_mode)5, (ap_o_mode)3, 0>::to_double() const' into 'conv3x3_core(ap_fixed<16, 8, (ap_q_mode)5, (ap_o_mode)3, 0> const (*) [40][40], ap_fixed<16, 8, (ap_q_mode)5, (ap_o_mode)3, 0> const (*) [64][3][3], ap_fixed<16, 8, (ap_q_mode)5, (ap_o_mode)3, 0> (*) [40][40])'
remark: C:\scratch\2022.2\hls_product\608\2022.2\src\shared\hls\clib/src/hls\utils/x_hls_utils.h:523:0: Inlining function 'fp_struct<double>::data() const (.3.48.58.67.78.87.98.107.118.127.138)' into 'fp_struct<double>::to_double() const (.45.55.64.75.84.95.104.115.124.135)'
remark: C:\scratch\2022.2\hls_product\608\2022.2\src\shared\hls\clib/src/hls\utils/x_hls_utils.h:538:0: Inlining function 'fp_struct<double>::to_double() const (.45.55.64.75.84.95.104.115.124.135)' into 'fp_struct<double>::to_ieee() const'
remark: C:\scratch\2022.2\hls_product\608\2022.2\src\shared\hls\clib/hlsmath/include/FloatingPoint/hls_copysign.h:10:0: Inlining function 'fp_struct<double>::fp_struct(double)' into 'double generic_copysign<double>(double, double)'
remark: C:\scratch\2022.2\hls_product\608\2022.2\src\shared\hls\clib/hlsmath/include/FloatingPoint/hls_copysign.h:10:0: Inlining function 'fp_struct<double>::to_ieee() const' into 'double generic_copysign<double>(double, double)'
remark: C:\scratch\2022.2\hls_product\608\2022.2\src\shared\hls\clib/hlsmath/include/FloatingPoint\hls_floor.h:14:0: Inlining function 'fp_struct<double>::fp_struct(double)' into 'double generic_floor<double>(double)'
remark: C:\scratch\2022.2\hls_product\608\2022.2\src\shared\hls\clib/hlsmath/include/FloatingPoint\hls_floor.h:14:0: Inlining function 'fp_struct<double>::__signbit() const' into 'double generic_floor<double>(double)'
remark: C:\scratch\2022.2\hls_product\608\2022.2\src\shared\hls\clib/hlsmath/include/FloatingPoint\hls_floor.h:14:0: Inlining function 'double generic_copysign<double>(double, double)' into 'double generic_floor<double>(double)'
remark: C:\scratch\2022.2\hls_product\608\2022.2\src\shared\hls\clib/hlsmath/include/FloatingPoint\hls_floor.h:14:0: Inlining function 'fp_struct<double>::data() const (.3.48.58.67.78.87.98.107.118.127.138)' into 'double generic_floor<double>(double)'
remark: C:\scratch\2022.2\hls_product\608\2022.2\src\shared\hls\clib/hlsmath/include/FloatingPoint\hls_floor.h:14:0: Inlining function 'fp_struct<double>::fp_struct(ap_uint<64>)' into 'double generic_floor<double>(double)'
remark: C:\scratch\2022.2\hls_product\608\2022.2\src\shared\hls\clib/hlsmath/include/FloatingPoint\hls_floor.h:14:0: Inlining function 'fp_struct<double>::to_ieee() const' into 'double generic_floor<double>(double)'
remark: C:\scratch\2022.2\hls_product\608\2022.2\src\shared\hls\clib/hlsmath/include/FloatingPoint\hls_case_IEEE754.h:12:0: Inlining function 'fp_struct<double>::fp_struct(double)' into 'long long generic_cast_IEEE754<long long, (ap_q_mode)6, double>(double, bool, hls::enable_if<std::numeric_limits<long long>::is_signed, bool>::type)'
remark: C:\scratch\2022.2\hls_product\608\2022.2\src\shared\hls\clib/hlsmath/include/FloatingPoint\hls_case_IEEE754.h:12:0: Inlining function 'fp_struct<double>::mantissa() const' into 'long long generic_cast_IEEE754<long long, (ap_q_mode)6, double>(double, bool, hls::enable_if<std::numeric_limits<long long>::is_signed, bool>::type)'
remark: C:\scratch\2022.2\hls_product\608\2022.2\src\shared\hls\clib/hlsmath/include/FloatingPoint\hls_case_IEEE754.h:12:0: Inlining function 'fp_struct<double>::expv() const' into 'long long generic_cast_IEEE754<long long, (ap_q_mode)6, double>(double, bool, hls::enable_if<std::numeric_limits<long long>::is_signed, bool>::type)'
remark: C:\scratch\2022.2\hls_product\608\2022.2\src\shared\hls\clib/hlsmath/include/FloatingPoint\hls_case_IEEE754.h:12:0: Inlining function 'fp_struct<double>::__signbit() const' into 'long long generic_cast_IEEE754<long long, (ap_q_mode)6, double>(double, bool, hls::enable_if<std::numeric_limits<long long>::is_signed, bool>::type)'
remark: C:\scratch\2022.2\hls_product\608\2022.2\src\shared\hls\clib/hlsmath/include/FloatingPoint\hls_case_IEEE754.h:116:0: Inlining function 'long long generic_cast_IEEE754<long long, (ap_q_mode)6, double>(double, bool, hls::enable_if<std::numeric_limits<long long>::is_signed, bool>::type)' into 'long long generic_cast_IEEE754<long long, double>(double, bool)'
remark: C:\scratch\2022.2\hls_product\608\2022.2\src\shared\hls\clib\hlsmath\src\lib_floatconversion.cpp:56:0: Inlining function 'long long generic_cast_IEEE754<long long, double>(double, bool)' into '__hls_fptosi_double_i64'
remark: ../conv3x3_core.cpp:5:0: Inlining function 'floor' into 'round_to_even(double)'
remark: ../conv3x3_core.cpp:23:0: Inlining function 'round_to_even(double)' into 'conv3x3_core(ap_fixed<16, 8, (ap_q_mode)5, (ap_o_mode)3, 0> const (*) [40][40], ap_fixed<16, 8, (ap_q_mode)5, (ap_o_mode)3, 0> const (*) [64][3][3], ap_fixed<16, 8, (ap_q_mode)5, (ap_o_mode)3, 0> (*) [40][40])'
remark: ../conv3x3_core.cpp:23:0: Inlining function 'ap_fixed_base<16, 8, true, (ap_q_mode)5, (ap_o_mode)3, 0>::ap_fixed_base(double)' into 'conv3x3_core(ap_fixed<16, 8, (ap_q_mode)5, (ap_o_mode)3, 0> const (*) [40][40], ap_fixed<16, 8, (ap_q_mode)5, (ap_o_mode)3, 0> const (*) [64][3][3], ap_fixed<16, 8, (ap_q_mode)5, (ap_o_mode)3, 0> (*) [40][40])'
remark: <unknown>:0:0: Aggregating bram variable 'output' with compact=bit mode in 16-bits
remark: <unknown>:0:0: Aggregating bram variable 'weights' with compact=bit mode in 16-bits
remark: <unknown>:0:0: Aggregating bram variable 'input' with compact=bit mode in 16-bits
