D:\.YOLO_FPN_FPGA_Accelerator_Paper\07_experiments\stage2_hls_streaming_accelerator\conv3x3_core\conv3x3_core\solution1\.autopilot\db\line_buffer.pp.0.cpp:1335:7: warning: Added loop label VITIS_LOOP_1211_1:   [xilinx-label-all-loops]
      for (i = 0; i < __N - 1; ++i) {
      ^~~
      VITIS_LOOP_1211_1: 
D:\.YOLO_FPN_FPGA_Accelerator_Paper\07_experiments\stage2_hls_streaming_accelerator\conv3x3_core\conv3x3_core\solution1\.autopilot\db\line_buffer.pp.0.cpp:1335:7: note: FIX-IT applied suggested code changes
D:\.YOLO_FPN_FPGA_Accelerator_Paper\07_experiments\stage2_hls_streaming_accelerator\conv3x3_core\conv3x3_core\solution1\.autopilot\db\line_buffer.pp.0.cpp:2309:5: warning: Added loop label VITIS_LOOP_676_1:   [xilinx-label-all-loops]
    for (unsigned i = low; i != high; ++i) {
    ^~~
    VITIS_LOOP_676_1: 
D:\.YOLO_FPN_FPGA_Accelerator_Paper\07_experiments\stage2_hls_streaming_accelerator\conv3x3_core\conv3x3_core\solution1\.autopilot\db\line_buffer.pp.0.cpp:2309:5: note: FIX-IT applied suggested code changes
D:\.YOLO_FPN_FPGA_Accelerator_Paper\07_experiments\stage2_hls_streaming_accelerator\conv3x3_core\conv3x3_core\solution1\.autopilot\db\line_buffer.pp.0.cpp:2323:5: warning: Added loop label VITIS_LOOP_690_1:   [xilinx-label-all-loops]
    for (unsigned i = low; i != high; ++i) {
    ^~~
    VITIS_LOOP_690_1: 
D:\.YOLO_FPN_FPGA_Accelerator_Paper\07_experiments\stage2_hls_streaming_accelerator\conv3x3_core\conv3x3_core\solution1\.autopilot\db\line_buffer.pp.0.cpp:2323:5: note: FIX-IT applied suggested code changes
D:\.YOLO_FPN_FPGA_Accelerator_Paper\07_experiments\stage2_hls_streaming_accelerator\conv3x3_core\conv3x3_core\solution1\.autopilot\db\line_buffer.pp.0.cpp:2337:5: warning: Added loop label VITIS_LOOP_704_1:   [xilinx-label-all-loops]
    for (unsigned i = low; i != high; ++i) {
    ^~~
    VITIS_LOOP_704_1: 
D:\.YOLO_FPN_FPGA_Accelerator_Paper\07_experiments\stage2_hls_streaming_accelerator\conv3x3_core\conv3x3_core\solution1\.autopilot\db\line_buffer.pp.0.cpp:2337:5: note: FIX-IT applied suggested code changes
D:\.YOLO_FPN_FPGA_Accelerator_Paper\07_experiments\stage2_hls_streaming_accelerator\conv3x3_core\conv3x3_core\solution1\.autopilot\db\line_buffer.pp.0.cpp:3936:7: warning: Added loop label VITIS_LOOP_1245_1:   [xilinx-label-all-loops]
      for (i = 0; i < __N - 1; ++i) {
      ^~~
      VITIS_LOOP_1245_1: 
D:\.YOLO_FPN_FPGA_Accelerator_Paper\07_experiments\stage2_hls_streaming_accelerator\conv3x3_core\conv3x3_core\solution1\.autopilot\db\line_buffer.pp.0.cpp:3936:7: note: FIX-IT applied suggested code changes
D:\.YOLO_FPN_FPGA_Accelerator_Paper\07_experiments\stage2_hls_streaming_accelerator\conv3x3_core\conv3x3_core\solution1\.autopilot\db\line_buffer.pp.0.cpp:5731:2: warning: Added loop label VITIS_LOOP_12_1:   [xilinx-label-all-loops]
 for (int col = 0; col < IMAGE_WIDTH; ++col) {
 ^~~
 VITIS_LOOP_12_1: 
D:\.YOLO_FPN_FPGA_Accelerator_Paper\07_experiments\stage2_hls_streaming_accelerator\conv3x3_core\conv3x3_core\solution1\.autopilot\db\line_buffer.pp.0.cpp:5731:2: note: FIX-IT applied suggested code changes
