In file included from ../streaming_frontend.cpp:1:
In file included from ../streaming_frontend.h:4:
In file included from D:/Xilinx/Vitis_HLS/2022.2/common/technology/autopilot\ap_fixed.h:10:
In file included from D:/Xilinx/Vitis_HLS/2022.2/common/technology/autopilot\ap_fixed_base.h:16:
In file included from D:/Xilinx/Vitis_HLS/2022.2/common/technology/autopilot\ap_int.h:12:
D:/Xilinx/Vitis_HLS/2022.2/common/technology/autopilot\ap_int_ref.h:678:9: warning: HLS pragma dump _XLX_SEP_ PragmaIsValid=1_XLX_SEP_ PragmaType=unroll_XLX_SEP_ PragmaContext=_XLX_SEP_ PragmaFunction=and_reduce_XLX_SEP_ PragmaOptions=_XLX_SEP_ [-Wdump-hls-pragmas]
#pragma HLS unroll
        ^
D:/Xilinx/Vitis_HLS/2022.2/common/technology/autopilot\ap_int_ref.h:692:9: warning: HLS pragma dump _XLX_SEP_ PragmaIsValid=1_XLX_SEP_ PragmaType=unroll_XLX_SEP_ PragmaContext=_XLX_SEP_ PragmaFunction=or_reduce_XLX_SEP_ PragmaOptions=_XLX_SEP_ [-Wdump-hls-pragmas]
#pragma HLS unroll
        ^
D:/Xilinx/Vitis_HLS/2022.2/common/technology/autopilot\ap_int_ref.h:706:9: warning: HLS pragma dump _XLX_SEP_ PragmaIsValid=1_XLX_SEP_ PragmaType=unroll_XLX_SEP_ PragmaContext=_XLX_SEP_ PragmaFunction=xor_reduce_XLX_SEP_ PragmaOptions=_XLX_SEP_ [-Wdump-hls-pragmas]
#pragma HLS unroll
        ^
../streaming_frontend.cpp:14:9: warning: HLS pragma dump _XLX_SEP_ PragmaIsValid=1_XLX_SEP_ PragmaType=interface_XLX_SEP_ PragmaContext=_XLX_SEP_ PragmaFunction=streaming_frontend_XLX_SEP_ PragmaOptions=ap_memory port=input_XLX_SEP_ [-Wdump-hls-pragmas]
#pragma HLS INTERFACE ap_memory port=input
        ^
../streaming_frontend.cpp:15:9: warning: HLS pragma dump _XLX_SEP_ PragmaIsValid=1_XLX_SEP_ PragmaType=interface_XLX_SEP_ PragmaContext=_XLX_SEP_ PragmaFunction=streaming_frontend_XLX_SEP_ PragmaOptions=ap_memory port=weights_XLX_SEP_ [-Wdump-hls-pragmas]
#pragma HLS INTERFACE ap_memory port=weights
        ^
../streaming_frontend.cpp:16:9: warning: HLS pragma dump _XLX_SEP_ PragmaIsValid=1_XLX_SEP_ PragmaType=interface_XLX_SEP_ PragmaContext=_XLX_SEP_ PragmaFunction=streaming_frontend_XLX_SEP_ PragmaOptions=ap_memory port=output_XLX_SEP_ [-Wdump-hls-pragmas]
#pragma HLS INTERFACE ap_memory port=output
        ^
../streaming_frontend.cpp:17:9: warning: HLS pragma dump _XLX_SEP_ PragmaIsValid=1_XLX_SEP_ PragmaType=inline_XLX_SEP_ PragmaContext=_XLX_SEP_ PragmaFunction=streaming_frontend_XLX_SEP_ PragmaOptions=off_XLX_SEP_ [-Wdump-hls-pragmas]
#pragma HLS INLINE off
        ^
7 warnings generated.
