D:\.YOLO_FPN_FPGA_Accelerator_Paper\07_experiments\stage2_hls_streaming_accelerator\conv3x3_core\conv3x3_core\solution1\.autopilot\db\streaming_frontend.pp.0.cpp:1335:7: warning: Added loop label VITIS_LOOP_1211_1:   [xilinx-label-all-loops]
      for (i = 0; i < __N - 1; ++i) {
      ^~~
      VITIS_LOOP_1211_1: 
D:\.YOLO_FPN_FPGA_Accelerator_Paper\07_experiments\stage2_hls_streaming_accelerator\conv3x3_core\conv3x3_core\solution1\.autopilot\db\streaming_frontend.pp.0.cpp:1335:7: note: FIX-IT applied suggested code changes
D:\.YOLO_FPN_FPGA_Accelerator_Paper\07_experiments\stage2_hls_streaming_accelerator\conv3x3_core\conv3x3_core\solution1\.autopilot\db\streaming_frontend.pp.0.cpp:2309:5: warning: Added loop label VITIS_LOOP_676_1:   [xilinx-label-all-loops]
    for (unsigned i = low; i != high; ++i) {
    ^~~
    VITIS_LOOP_676_1: 
D:\.YOLO_FPN_FPGA_Accelerator_Paper\07_experiments\stage2_hls_streaming_accelerator\conv3x3_core\conv3x3_core\solution1\.autopilot\db\streaming_frontend.pp.0.cpp:2309:5: note: FIX-IT applied suggested code changes
D:\.YOLO_FPN_FPGA_Accelerator_Paper\07_experiments\stage2_hls_streaming_accelerator\conv3x3_core\conv3x3_core\solution1\.autopilot\db\streaming_frontend.pp.0.cpp:2323:5: warning: Added loop label VITIS_LOOP_690_1:   [xilinx-label-all-loops]
    for (unsigned i = low; i != high; ++i) {
    ^~~
    VITIS_LOOP_690_1: 
D:\.YOLO_FPN_FPGA_Accelerator_Paper\07_experiments\stage2_hls_streaming_accelerator\conv3x3_core\conv3x3_core\solution1\.autopilot\db\streaming_frontend.pp.0.cpp:2323:5: note: FIX-IT applied suggested code changes
D:\.YOLO_FPN_FPGA_Accelerator_Paper\07_experiments\stage2_hls_streaming_accelerator\conv3x3_core\conv3x3_core\solution1\.autopilot\db\streaming_frontend.pp.0.cpp:2337:5: warning: Added loop label VITIS_LOOP_704_1:   [xilinx-label-all-loops]
    for (unsigned i = low; i != high; ++i) {
    ^~~
    VITIS_LOOP_704_1: 
D:\.YOLO_FPN_FPGA_Accelerator_Paper\07_experiments\stage2_hls_streaming_accelerator\conv3x3_core\conv3x3_core\solution1\.autopilot\db\streaming_frontend.pp.0.cpp:2337:5: note: FIX-IT applied suggested code changes
D:\.YOLO_FPN_FPGA_Accelerator_Paper\07_experiments\stage2_hls_streaming_accelerator\conv3x3_core\conv3x3_core\solution1\.autopilot\db\streaming_frontend.pp.0.cpp:3936:7: warning: Added loop label VITIS_LOOP_1245_1:   [xilinx-label-all-loops]
      for (i = 0; i < __N - 1; ++i) {
      ^~~
      VITIS_LOOP_1245_1: 
D:\.YOLO_FPN_FPGA_Accelerator_Paper\07_experiments\stage2_hls_streaming_accelerator\conv3x3_core\conv3x3_core\solution1\.autopilot\db\streaming_frontend.pp.0.cpp:3936:7: note: FIX-IT applied suggested code changes
D:\.YOLO_FPN_FPGA_Accelerator_Paper\07_experiments\stage2_hls_streaming_accelerator\conv3x3_core\conv3x3_core\solution1\.autopilot\db\streaming_frontend.pp.0.cpp:5761:5: warning: Added loop label VITIS_LOOP_28_1:   [xilinx-label-all-loops]
    for (int channel = 0; channel < INPUT_CHANNELS; ++channel) {
    ^~~
    VITIS_LOOP_28_1: 
D:\.YOLO_FPN_FPGA_Accelerator_Paper\07_experiments\stage2_hls_streaming_accelerator\conv3x3_core\conv3x3_core\solution1\.autopilot\db\streaming_frontend.pp.0.cpp:5761:5: note: FIX-IT applied suggested code changes
D:\.YOLO_FPN_FPGA_Accelerator_Paper\07_experiments\stage2_hls_streaming_accelerator\conv3x3_core\conv3x3_core\solution1\.autopilot\db\streaming_frontend.pp.0.cpp:5764:9: warning: Added loop label VITIS_LOOP_31_2:   [xilinx-label-all-loops]
        for (int row = 0; row < BUFFER_ROWS; ++row) {
        ^~~
        VITIS_LOOP_31_2: 
D:\.YOLO_FPN_FPGA_Accelerator_Paper\07_experiments\stage2_hls_streaming_accelerator\conv3x3_core\conv3x3_core\solution1\.autopilot\db\streaming_frontend.pp.0.cpp:5764:9: note: FIX-IT applied suggested code changes
D:\.YOLO_FPN_FPGA_Accelerator_Paper\07_experiments\stage2_hls_streaming_accelerator\conv3x3_core\conv3x3_core\solution1\.autopilot\db\streaming_frontend.pp.0.cpp:5765:13: warning: Added loop label VITIS_LOOP_32_3:   [xilinx-label-all-loops]
            for (int col = 0; col < IMAGE_WIDTH; ++col) {
            ^~~
            VITIS_LOOP_32_3: 
D:\.YOLO_FPN_FPGA_Accelerator_Paper\07_experiments\stage2_hls_streaming_accelerator\conv3x3_core\conv3x3_core\solution1\.autopilot\db\streaming_frontend.pp.0.cpp:5765:13: note: FIX-IT applied suggested code changes
D:\.YOLO_FPN_FPGA_Accelerator_Paper\07_experiments\stage2_hls_streaming_accelerator\conv3x3_core\conv3x3_core\solution1\.autopilot\db\streaming_frontend.pp.0.cpp:5770:9: warning: Added loop label VITIS_LOOP_37_4:   [xilinx-label-all-loops]
        for (int row = 0; row < KERNEL_SIZE; ++row) {
        ^~~
        VITIS_LOOP_37_4: 
D:\.YOLO_FPN_FPGA_Accelerator_Paper\07_experiments\stage2_hls_streaming_accelerator\conv3x3_core\conv3x3_core\solution1\.autopilot\db\streaming_frontend.pp.0.cpp:5770:9: note: FIX-IT applied suggested code changes
D:\.YOLO_FPN_FPGA_Accelerator_Paper\07_experiments\stage2_hls_streaming_accelerator\conv3x3_core\conv3x3_core\solution1\.autopilot\db\streaming_frontend.pp.0.cpp:5771:13: warning: Added loop label VITIS_LOOP_38_5:   [xilinx-label-all-loops]
            for (int col = 0; col < KERNEL_SIZE; ++col) {
            ^~~
            VITIS_LOOP_38_5: 
D:\.YOLO_FPN_FPGA_Accelerator_Paper\07_experiments\stage2_hls_streaming_accelerator\conv3x3_core\conv3x3_core\solution1\.autopilot\db\streaming_frontend.pp.0.cpp:5771:13: note: FIX-IT applied suggested code changes
D:\.YOLO_FPN_FPGA_Accelerator_Paper\07_experiments\stage2_hls_streaming_accelerator\conv3x3_core\conv3x3_core\solution1\.autopilot\db\streaming_frontend.pp.0.cpp:5776:9: warning: Added loop label VITIS_LOOP_43_6:   [xilinx-label-all-loops]
        for (int row = 0; row < IMAGE_HEIGHT; ++row) {
        ^~~
        VITIS_LOOP_43_6: 
D:\.YOLO_FPN_FPGA_Accelerator_Paper\07_experiments\stage2_hls_streaming_accelerator\conv3x3_core\conv3x3_core\solution1\.autopilot\db\streaming_frontend.pp.0.cpp:5776:9: note: FIX-IT applied suggested code changes
D:\.YOLO_FPN_FPGA_Accelerator_Paper\07_experiments\stage2_hls_streaming_accelerator\conv3x3_core\conv3x3_core\solution1\.autopilot\db\streaming_frontend.pp.0.cpp:5782:13: warning: Added loop label VITIS_LOOP_49_7:   [xilinx-label-all-loops]
            for (int col = 0; col < IMAGE_WIDTH; ++col) {
            ^~~
            VITIS_LOOP_49_7: 
D:\.YOLO_FPN_FPGA_Accelerator_Paper\07_experiments\stage2_hls_streaming_accelerator\conv3x3_core\conv3x3_core\solution1\.autopilot\db\streaming_frontend.pp.0.cpp:5782:13: note: FIX-IT applied suggested code changes
D:\.YOLO_FPN_FPGA_Accelerator_Paper\07_experiments\stage2_hls_streaming_accelerator\conv3x3_core\conv3x3_core\solution1\.autopilot\db\streaming_frontend.pp.0.cpp:5787:17: warning: Added loop label VITIS_LOOP_54_8:   [xilinx-label-all-loops]
                for (int window_row = 0;
                ^~~
                VITIS_LOOP_54_8: 
D:\.YOLO_FPN_FPGA_Accelerator_Paper\07_experiments\stage2_hls_streaming_accelerator\conv3x3_core\conv3x3_core\solution1\.autopilot\db\streaming_frontend.pp.0.cpp:5787:17: note: FIX-IT applied suggested code changes
D:\.YOLO_FPN_FPGA_Accelerator_Paper\07_experiments\stage2_hls_streaming_accelerator\conv3x3_core\conv3x3_core\solution1\.autopilot\db\streaming_frontend.pp.0.cpp:5803:21: warning: Added loop label VITIS_LOOP_70_9:   [xilinx-label-all-loops]
                    for (int window_row = 0;
                    ^~~
                    VITIS_LOOP_70_9: 
D:\.YOLO_FPN_FPGA_Accelerator_Paper\07_experiments\stage2_hls_streaming_accelerator\conv3x3_core\conv3x3_core\solution1\.autopilot\db\streaming_frontend.pp.0.cpp:5803:21: note: FIX-IT applied suggested code changes
D:\.YOLO_FPN_FPGA_Accelerator_Paper\07_experiments\stage2_hls_streaming_accelerator\conv3x3_core\conv3x3_core\solution1\.autopilot\db\streaming_frontend.pp.0.cpp:5805:25: warning: Added loop label VITIS_LOOP_72_10:   [xilinx-label-all-loops]
                        for (int window_col = 0;
                        ^~~
                        VITIS_LOOP_72_10: 
D:\.YOLO_FPN_FPGA_Accelerator_Paper\07_experiments\stage2_hls_streaming_accelerator\conv3x3_core\conv3x3_core\solution1\.autopilot\db\streaming_frontend.pp.0.cpp:5805:25: note: FIX-IT applied suggested code changes
D:\.YOLO_FPN_FPGA_Accelerator_Paper\07_experiments\stage2_hls_streaming_accelerator\conv3x3_core\conv3x3_core\solution1\.autopilot\db\streaming_frontend.pp.0.cpp:5819:5: warning: Added loop label VITIS_LOOP_86_11:   [xilinx-label-all-loops]
    for (int output_channel = 0;
    ^~~
    VITIS_LOOP_86_11: 
D:\.YOLO_FPN_FPGA_Accelerator_Paper\07_experiments\stage2_hls_streaming_accelerator\conv3x3_core\conv3x3_core\solution1\.autopilot\db\streaming_frontend.pp.0.cpp:5819:5: note: FIX-IT applied suggested code changes
D:\.YOLO_FPN_FPGA_Accelerator_Paper\07_experiments\stage2_hls_streaming_accelerator\conv3x3_core\conv3x3_core\solution1\.autopilot\db\streaming_frontend.pp.0.cpp:5821:9: warning: Added loop label VITIS_LOOP_88_12:   [xilinx-label-all-loops]
        for (int output_row = 0;
        ^~~
        VITIS_LOOP_88_12: 
D:\.YOLO_FPN_FPGA_Accelerator_Paper\07_experiments\stage2_hls_streaming_accelerator\conv3x3_core\conv3x3_core\solution1\.autopilot\db\streaming_frontend.pp.0.cpp:5821:9: note: FIX-IT applied suggested code changes
D:\.YOLO_FPN_FPGA_Accelerator_Paper\07_experiments\stage2_hls_streaming_accelerator\conv3x3_core\conv3x3_core\solution1\.autopilot\db\streaming_frontend.pp.0.cpp:5823:13: warning: Added loop label VITIS_LOOP_90_13:   [xilinx-label-all-loops]
            for (int output_col = 0;
            ^~~
            VITIS_LOOP_90_13: 
D:\.YOLO_FPN_FPGA_Accelerator_Paper\07_experiments\stage2_hls_streaming_accelerator\conv3x3_core\conv3x3_core\solution1\.autopilot\db\streaming_frontend.pp.0.cpp:5823:13: note: FIX-IT applied suggested code changes
D:\.YOLO_FPN_FPGA_Accelerator_Paper\07_experiments\stage2_hls_streaming_accelerator\conv3x3_core\conv3x3_core\solution1\.autopilot\db\streaming_frontend.pp.0.cpp:5834:21: warning: Added loop label VITIS_LOOP_101_14:   [xilinx-label-all-loops]
                    for (int input_channel = 0;
                    ^~~
                    VITIS_LOOP_101_14: 
D:\.YOLO_FPN_FPGA_Accelerator_Paper\07_experiments\stage2_hls_streaming_accelerator\conv3x3_core\conv3x3_core\solution1\.autopilot\db\streaming_frontend.pp.0.cpp:5834:21: note: FIX-IT applied suggested code changes
D:\.YOLO_FPN_FPGA_Accelerator_Paper\07_experiments\stage2_hls_streaming_accelerator\conv3x3_core\conv3x3_core\solution1\.autopilot\db\streaming_frontend.pp.0.cpp:5836:25: warning: Added loop label VITIS_LOOP_103_15:   [xilinx-label-all-loops]
                        for (int kernel_row = 0;
                        ^~~
                        VITIS_LOOP_103_15: 
D:\.YOLO_FPN_FPGA_Accelerator_Paper\07_experiments\stage2_hls_streaming_accelerator\conv3x3_core\conv3x3_core\solution1\.autopilot\db\streaming_frontend.pp.0.cpp:5836:25: note: FIX-IT applied suggested code changes
D:\.YOLO_FPN_FPGA_Accelerator_Paper\07_experiments\stage2_hls_streaming_accelerator\conv3x3_core\conv3x3_core\solution1\.autopilot\db\streaming_frontend.pp.0.cpp:5838:29: warning: Added loop label VITIS_LOOP_105_16:   [xilinx-label-all-loops]
                            for (int kernel_col = 0;
                            ^~~
                            VITIS_LOOP_105_16: 
D:\.YOLO_FPN_FPGA_Accelerator_Paper\07_experiments\stage2_hls_streaming_accelerator\conv3x3_core\conv3x3_core\solution1\.autopilot\db\streaming_frontend.pp.0.cpp:5838:29: note: FIX-IT applied suggested code changes
D:\.YOLO_FPN_FPGA_Accelerator_Paper\07_experiments\stage2_hls_streaming_accelerator\conv3x3_core\conv3x3_core\solution1\.autopilot\db\streaming_frontend.pp.0.cpp:5850:21: warning: Added loop label VITIS_LOOP_117_17:   [xilinx-label-all-loops]
                    for (int input_channel = 0;
                    ^~~
                    VITIS_LOOP_117_17: 
D:\.YOLO_FPN_FPGA_Accelerator_Paper\07_experiments\stage2_hls_streaming_accelerator\conv3x3_core\conv3x3_core\solution1\.autopilot\db\streaming_frontend.pp.0.cpp:5850:21: note: FIX-IT applied suggested code changes
D:\.YOLO_FPN_FPGA_Accelerator_Paper\07_experiments\stage2_hls_streaming_accelerator\conv3x3_core\conv3x3_core\solution1\.autopilot\db\streaming_frontend.pp.0.cpp:5852:25: warning: Added loop label VITIS_LOOP_119_18:   [xilinx-label-all-loops]
                        for (int kernel_row = 0;
                        ^~~
                        VITIS_LOOP_119_18: 
D:\.YOLO_FPN_FPGA_Accelerator_Paper\07_experiments\stage2_hls_streaming_accelerator\conv3x3_core\conv3x3_core\solution1\.autopilot\db\streaming_frontend.pp.0.cpp:5852:25: note: FIX-IT applied suggested code changes
D:\.YOLO_FPN_FPGA_Accelerator_Paper\07_experiments\stage2_hls_streaming_accelerator\conv3x3_core\conv3x3_core\solution1\.autopilot\db\streaming_frontend.pp.0.cpp:5854:29: warning: Added loop label VITIS_LOOP_121_19:   [xilinx-label-all-loops]
                            for (int kernel_col = 0;
                            ^~~
                            VITIS_LOOP_121_19: 
D:\.YOLO_FPN_FPGA_Accelerator_Paper\07_experiments\stage2_hls_streaming_accelerator\conv3x3_core\conv3x3_core\solution1\.autopilot\db\streaming_frontend.pp.0.cpp:5854:29: note: FIX-IT applied suggested code changes
