INFO: [HLS 200-10] Running 'D:/Xilinx/Vitis_HLS/2022.2/bin/unwrapped/win64.o/vitis_hls.exe'
INFO: [HLS 200-10] For user 'jiulongshengming' on host 'desktop-b41pg27' (Windows NT_amd64 version 6.2) on Fri Jul 17 22:13:26 +0800 2026
INFO: [HLS 200-10] In directory 'D:/.YOLO_FPN_FPGA_Accelerator_Paper/07_experiments/stage2_hls_streaming_accelerator/conv3x3_core'
Sourcing Tcl script 'D:/.YOLO_FPN_FPGA_Accelerator_Paper/07_experiments/stage2_hls_streaming_accelerator/conv3x3_core/conv3x3_core/solution1/csynth.tcl'
INFO: [HLS 200-1510] Running: source D:/.YOLO_FPN_FPGA_Accelerator_Paper/07_experiments/stage2_hls_streaming_accelerator/conv3x3_core/conv3x3_core/solution1/csynth.tcl
INFO: [HLS 200-1510] Running: open_project conv3x3_core 
INFO: [HLS 200-10] Opening project 'D:/.YOLO_FPN_FPGA_Accelerator_Paper/07_experiments/stage2_hls_streaming_accelerator/conv3x3_core/conv3x3_core'.
INFO: [HLS 200-1510] Running: set_top streaming_frontend 
INFO: [HLS 200-1510] Running: add_files ../conv3x3_core.cpp 
INFO: [HLS 200-10] Adding design file '../conv3x3_core.cpp' to the project
INFO: [HLS 200-1510] Running: add_files ../conv3x3_core.h 
INFO: [HLS 200-10] Adding design file '../conv3x3_core.h' to the project
INFO: [HLS 200-1510] Running: add_files ../fsm_controller.cpp 
INFO: [HLS 200-10] Adding design file '../fsm_controller.cpp' to the project
INFO: [HLS 200-1510] Running: add_files ../fsm_controller.h 
INFO: [HLS 200-10] Adding design file '../fsm_controller.h' to the project
INFO: [HLS 200-1510] Running: add_files ../line_buffer.cpp 
INFO: [HLS 200-10] Adding design file '../line_buffer.cpp' to the project
INFO: [HLS 200-1510] Running: add_files ../line_buffer.h 
INFO: [HLS 200-10] Adding design file '../line_buffer.h' to the project
INFO: [HLS 200-1510] Running: add_files ../streaming_frontend.cpp 
INFO: [HLS 200-10] Adding design file '../streaming_frontend.cpp' to the project
INFO: [HLS 200-1510] Running: add_files ../streaming_frontend.h 
INFO: [HLS 200-10] Adding design file '../streaming_frontend.h' to the project
INFO: [HLS 200-1510] Running: add_files ../window_buffer.cpp 
INFO: [HLS 200-10] Adding design file '../window_buffer.cpp' to the project
INFO: [HLS 200-1510] Running: add_files ../window_buffer.h 
INFO: [HLS 200-10] Adding design file '../window_buffer.h' to the project
INFO: [HLS 200-1510] Running: add_files -tb ../tb_streaming_frontend.cpp 
INFO: [HLS 200-10] Adding test bench file '../tb_streaming_frontend.cpp' to the project
INFO: [HLS 200-1510] Running: open_solution solution1 -flow_target vivado 
INFO: [HLS 200-10] Opening solution 'D:/.YOLO_FPN_FPGA_Accelerator_Paper/07_experiments/stage2_hls_streaming_accelerator/conv3x3_core/conv3x3_core/solution1'.
INFO: [SYN 201-201] Setting up clock 'default' with a period of 5ns.
INFO: [HLS 200-1611] Setting target device to 'xc7z020-clg400-1'
INFO: [HLS 200-1505] Using flow_target 'vivado'
Resolution: For help on HLS 200-1505 see www.xilinx.com/cgi-bin/docs/rdoc?v=2022.2;t=hls+guidance;d=200-1505.html
INFO: [HLS 200-1510] Running: set_part xc7z020clg400-1 
INFO: [HLS 200-1510] Running: create_clock -period 5ns -name default 
INFO: [SYN 201-201] Setting up clock 'default' with a period of 5ns.
INFO: [HLS 200-1510] Running: source ./conv3x3_core/solution1/directives.tcl
INFO: [HLS 200-1510] Running: set_directive_top -name conv3x3_core conv3x3_core 
INFO: [HLS 200-1510] Running: csynth_design 
Running Dispatch Server on port: 59665
INFO: [HLS 200-111] Finished File checks and directory preparation: CPU user time: 0 seconds. CPU system time: 0 seconds. Elapsed time: 10.058 seconds; current allocated memory: 107.141 MB.
INFO: [HLS 200-10] Analyzing design file '../window_buffer.cpp' ... 
INFO: [HLS 200-10] Analyzing design file '../streaming_frontend.cpp' ... 
INFO: [HLS 200-10] Analyzing design file '../line_buffer.cpp' ... 
INFO: [HLS 200-10] Analyzing design file '../fsm_controller.cpp' ... 
INFO: [HLS 200-10] Analyzing design file '../conv3x3_core.cpp' ... 
INFO: [HLS 200-111] Finished Source Code Analysis and Preprocessing: CPU user time: 1 seconds. CPU system time: 1 seconds. Elapsed time: 11.1 seconds; current allocated memory: 108.949 MB.
INFO: [HLS 200-777] Using interface defaults for 'Vivado' flow target.
INFO: [HLS 214-131] Inlining function 'ssdm_int<16, false>::ssdm_int(unsigned short)' into 'ap_int_base<16, false>::ap_int_base(int)' (D:/Xilinx/Vitis_HLS/2022.2/common/technology/autopilot\ap_int_base.h:214:67)
INFO: [HLS 214-131] Inlining function 'ssdm_int<32, false>::ssdm_int(unsigned int)' into 'ap_int_base<32, false>::ap_int_base(unsigned long)' (D:/Xilinx/Vitis_HLS/2022.2/common/technology/autopilot\ap_int_base.h:217:77)
INFO: [HLS 214-131] Inlining function 'ap_int_base<32, false>::ap_int_base(unsigned long)' into 'ap_int_base<16, false>::countLeadingZeros() const' (D:/Xilinx/Vitis_HLS/2022.2/common/technology/autopilot\ap_int_base.h:1196:30)
INFO: [HLS 214-131] Inlining function 'ap_int_base<16, false>::ap_int_base(int)' into 'ap_fixed_base<16, 8, true, (ap_q_mode)5, (ap_o_mode)3, 0>::to_double() const' (D:/Xilinx/Vitis_HLS/2022.2/common/technology/autopilot\ap_fixed_base.h:1042:31)
INFO: [HLS 214-131] Inlining function 'rawBitsToDouble(unsigned long long)' into 'ap_fixed_base<16, 8, true, (ap_q_mode)5, (ap_o_mode)3, 0>::to_double() const' (D:/Xilinx/Vitis_HLS/2022.2/common/technology/autopilot\ap_fixed_base.h:1079:12)
INFO: [HLS 214-131] Inlining function 'ap_int_base<16, false>::countLeadingZeros() const' into 'ap_fixed_base<16, 8, true, (ap_q_mode)5, (ap_o_mode)3, 0>::to_double() const' (D:/Xilinx/Vitis_HLS/2022.2/common/technology/autopilot\ap_fixed_base.h:1047:17)
INFO: [HLS 214-131] Inlining function 'ssdm_int<64, false>::ssdm_int(unsigned long)' into 'ap_int_base<64, false>::ap_int_base(unsigned long long)' (D:/Xilinx/Vitis_HLS/2022.2/common/technology/autopilot\ap_int_base.h:219:72)
INFO: [HLS 214-131] Inlining function 'ap_int_base<64, false>::ap_int_base(unsigned long long)' into 'ap_uint<64>::ap_uint(unsigned long long)'
INFO: [HLS 214-131] Inlining function 'ap_bit_ref<64, false>::ap_bit_ref(ap_int_base<64, false>*, int)' into 'ap_int_base<64, false>::operator[](int)' (C:\scratch\2022.2\hls_product\608\2022.2\src\shared\hls\clib/include/header_files\ap_int_base.h:1129:30)
INFO: [HLS 214-131] Inlining function 'ap_bit_ref<1, false>::ap_bit_ref(ap_int_base<1, false>*, int)' into 'ap_int_base<1, false>::operator[](int)' (C:\scratch\2022.2\hls_product\608\2022.2\src\shared\hls\clib/include/header_files\ap_int_base.h:1129:30)
INFO: [HLS 214-131] Inlining function 'ap_bit_ref<64, false>::operator bool() const' into 'ap_bit_ref<1, false>& ap_bit_ref<1, false>::operator=<64, false>(ap_bit_ref<64, false> const&)' (C:\scratch\2022.2\hls_product\608\2022.2\src\shared\hls\clib/include/header_files\ap_int_ref.h:845:38)
INFO: [HLS 214-131] Inlining function 'ap_bit_ref<1, false>::operator=(unsigned long long)' into 'ap_bit_ref<1, false>& ap_bit_ref<1, false>::operator=<64, false>(ap_bit_ref<64, false> const&)' (C:\scratch\2022.2\hls_product\608\2022.2\src\shared\hls\clib/include/header_files\ap_int_ref.h:845:12)
INFO: [HLS 214-131] Inlining function 'ap_range_ref<64, false>::ap_range_ref(ap_int_base<64, false>*, int, int)' into 'ap_int_base<64, false>::range(int, int)' (C:\scratch\2022.2\hls_product\608\2022.2\src\shared\hls\clib/include/header_files\ap_int_base.h:1048:12)
INFO: [HLS 214-131] Inlining function 'ap_int_base<64, false>::range(int, int)' into 'ap_int_base<64, false>::operator()(int, int)' (C:\scratch\2022.2\hls_product\608\2022.2\src\shared\hls\clib/include/header_files\ap_int_base.h:1085:18)
INFO: [HLS 214-131] Inlining function 'ap_range_ref<11, false>::ap_range_ref(ap_int_base<11, false>*, int, int)' into 'ap_int_base<11, false>::range(int, int)' (C:\scratch\2022.2\hls_product\608\2022.2\src\shared\hls\clib/include/header_files\ap_int_base.h:1048:12)
INFO: [HLS 214-131] Inlining function 'ap_int_base<11, false>::range(int, int)' into 'ap_int_base<11, false>::operator()(int, int)' (C:\scratch\2022.2\hls_product\608\2022.2\src\shared\hls\clib/include/header_files\ap_int_base.h:1085:18)
INFO: [HLS 214-131] Inlining function 'ap_range_ref<64, false>::get() const' into 'ap_int_base<64, false>::ap_int_base<64, false>(ap_range_ref<64, false> const&)' (C:\scratch\2022.2\hls_product\608\2022.2\src\shared\hls\clib/include/header_files\ap_int_base.h:358:20)
INFO: [HLS 214-131] Inlining function '_ZN8ssdm_intILi11ELb0EEC2EDq11_j' into 'ap_int_base<11, false>::ap_int_base<64, false>(ap_int_base<64, false> const&)' (C:\scratch\2022.2\hls_product\608\2022.2\src\shared\hls\clib/include/header_files\ap_int_base.h:185:106)
INFO: [HLS 214-131] Inlining function 'ap_int_base<11, false>::ap_int_base<64, false>(ap_int_base<64, false> const&)' into 'ap_range_ref<11, false>& ap_range_ref<11, false>::operator=<64, false>(ap_int_base<64, false> const&)' (C:\scratch\2022.2\hls_product\608\2022.2\src\shared\hls\clib/include/header_files\ap_int_ref.h:367:31)
INFO: [HLS 214-131] Inlining function 'ap_int_base<64, false>::ap_int_base<64, false>(ap_range_ref<64, false> const&)' into 'ap_range_ref<11, false>& ap_range_ref<11, false>::operator=<64, false>(ap_range_ref<64, false> const&)' (C:\scratch\2022.2\hls_product\608\2022.2\src\shared\hls\clib/include/header_files\ap_int_ref.h:382:22)
INFO: [HLS 214-131] Inlining function 'ap_range_ref<11, false>& ap_range_ref<11, false>::operator=<64, false>(ap_int_base<64, false> const&)' into 'ap_range_ref<11, false>& ap_range_ref<11, false>::operator=<64, false>(ap_range_ref<64, false> const&)' (C:\scratch\2022.2\hls_product\608\2022.2\src\shared\hls\clib/include/header_files\ap_int_ref.h:382:12)
INFO: [HLS 214-131] Inlining function 'ap_range_ref<52, false>::ap_range_ref(ap_int_base<52, false>*, int, int)' into 'ap_int_base<52, false>::range(int, int)' (C:\scratch\2022.2\hls_product\608\2022.2\src\shared\hls\clib/include/header_files\ap_int_base.h:1048:12)
INFO: [HLS 214-131] Inlining function 'ap_int_base<52, false>::range(int, int)' into 'ap_int_base<52, false>::operator()(int, int)' (C:\scratch\2022.2\hls_product\608\2022.2\src\shared\hls\clib/include/header_files\ap_int_base.h:1085:18)
INFO: [HLS 214-131] Inlining function '_ZN8ssdm_intILi52ELb0EEC2EDq52_j' into 'ap_int_base<52, false>::ap_int_base<64, false>(ap_int_base<64, false> const&)' (C:\scratch\2022.2\hls_product\608\2022.2\src\shared\hls\clib/include/header_files\ap_int_base.h:185:106)
INFO: [HLS 214-131] Inlining function 'ap_int_base<52, false>::ap_int_base<64, false>(ap_int_base<64, false> const&)' into 'ap_range_ref<52, false>& ap_range_ref<52, false>::operator=<64, false>(ap_int_base<64, false> const&)' (C:\scratch\2022.2\hls_product\608\2022.2\src\shared\hls\clib/include/header_files\ap_int_ref.h:367:31)
INFO: [HLS 214-131] Inlining function 'ap_int_base<64, false>::ap_int_base<64, false>(ap_range_ref<64, false> const&)' into 'ap_range_ref<52, false>& ap_range_ref<52, false>::operator=<64, false>(ap_range_ref<64, false> const&)' (C:\scratch\2022.2\hls_product\608\2022.2\src\shared\hls\clib/include/header_files\ap_int_ref.h:382:22)
INFO: [HLS 214-131] Inlining function 'ap_range_ref<52, false>& ap_range_ref<52, false>::operator=<64, false>(ap_int_base<64, false> const&)' into 'ap_range_ref<52, false>& ap_range_ref<52, false>::operator=<64, false>(ap_range_ref<64, false> const&)' (C:\scratch\2022.2\hls_product\608\2022.2\src\shared\hls\clib/include/header_files\ap_int_ref.h:382:12)
INFO: [HLS 214-131] Inlining function 'ap_range_ref<52, false>& ap_range_ref<52, false>::operator=<64, false>(ap_range_ref<64, false> const&)' into 'fp_struct<double>::fp_struct(double)' (C:\scratch\2022.2\hls_product\608\2022.2\src\shared\hls\clib/src/hls\utils/x_hls_utils.h:491:19)
INFO: [HLS 214-131] Inlining function 'ap_int_base<52, false>::operator()(int, int)' into 'fp_struct<double>::fp_struct(double)' (C:\scratch\2022.2\hls_product\608\2022.2\src\shared\hls\clib/src/hls\utils/x_hls_utils.h:491:9)
INFO: [HLS 214-131] Inlining function 'ap_int_base<64, false>::operator()(int, int)' into 'fp_struct<double>::fp_struct(double)' (C:\scratch\2022.2\hls_product\608\2022.2\src\shared\hls\clib/src/hls\utils/x_hls_utils.h:491:21)
INFO: [HLS 214-131] Inlining function 'ap_range_ref<11, false>& ap_range_ref<11, false>::operator=<64, false>(ap_range_ref<64, false> const&)' into 'fp_struct<double>::fp_struct(double)' (C:\scratch\2022.2\hls_product\608\2022.2\src\shared\hls\clib/src/hls\utils/x_hls_utils.h:490:19)
INFO: [HLS 214-131] Inlining function 'ap_int_base<11, false>::operator()(int, int)' into 'fp_struct<double>::fp_struct(double)' (C:\scratch\2022.2\hls_product\608\2022.2\src\shared\hls\clib/src/hls\utils/x_hls_utils.h:490:9)
INFO: [HLS 214-131] Inlining function 'ap_int_base<64, false>::operator()(int, int)' into 'fp_struct<double>::fp_struct(double)' (C:\scratch\2022.2\hls_product\608\2022.2\src\shared\hls\clib/src/hls\utils/x_hls_utils.h:490:21)
INFO: [HLS 214-131] Inlining function 'ap_bit_ref<1, false>& ap_bit_ref<1, false>::operator=<64, false>(ap_bit_ref<64, false> const&)' into 'fp_struct<double>::fp_struct(double)' (C:\scratch\2022.2\hls_product\608\2022.2\src\shared\hls\clib/src/hls\utils/x_hls_utils.h:489:17)
INFO: [HLS 214-131] Inlining function 'ap_int_base<1, false>::operator[](int)' into 'fp_struct<double>::fp_struct(double)' (C:\scratch\2022.2\hls_product\608\2022.2\src\shared\hls\clib/src/hls\utils/x_hls_utils.h:489:9)
INFO: [HLS 214-131] Inlining function 'ap_int_base<64, false>::operator[](int)' into 'fp_struct<double>::fp_struct(double)' (C:\scratch\2022.2\hls_product\608\2022.2\src\shared\hls\clib/src/hls\utils/x_hls_utils.h:489:19)
INFO: [HLS 214-131] Inlining function 'ssdm_int<32, true>::ssdm_int(int)' into 'ap_int_base<32, true>::ap_int_base(int)' (C:\scratch\2022.2\hls_product\608\2022.2\src\shared\hls\clib/include/header_files\ap_int_base.h:214:67)
INFO: [HLS 214-131] Inlining function 'ap_int_base<32, true>::ap_int_base(int)' into 'bool operator><11, false>(int, ap_int_base<11, false> const&)' (C:\scratch\2022.2\hls_product\608\2022.2\src\shared\hls\clib/include/header_files\ap_int_base.h:1788:144)
INFO: [HLS 214-131] Inlining function 'bool ap_int_base<32, true>::operator><11, false>(ap_int_base<11, false> const&) const' into 'bool operator><11, false>(int, ap_int_base<11, false> const&)' (C:\scratch\2022.2\hls_product\608\2022.2\src\shared\hls\clib/include/header_files\ap_int_base.h:1788:182)
INFO: [HLS 214-131] Inlining function 'ap_int_base<1, false>::to_int() const' into 'fp_struct<double>::__signbit() const' (C:\scratch\2022.2\hls_product\608\2022.2\src\shared\hls\clib/src/hls\utils/x_hls_utils.h:542:21)
INFO: [HLS 214-131] Inlining function 'ap_int_base<32, true>::ap_int_base(int)' into 'bool operator==<52, false>(ap_int_base<52, false> const&, int)' (C:\scratch\2022.2\hls_product\608\2022.2\src\shared\hls\clib/include/header_files\ap_int_base.h:1788:1853)
INFO: [HLS 214-131] Inlining function 'bool ap_int_base<52, false>::operator==<32, true>(ap_int_base<32, true> const&) const' into 'bool operator==<52, false>(ap_int_base<52, false> const&, int)' (C:\scratch\2022.2\hls_product\608\2022.2\src\shared\hls\clib/include/header_files\ap_int_base.h:1788:1850)
INFO: [HLS 214-131] Inlining function 'ap_int_base<32, true>::ap_int_base(int)' into 'bool operator==<11, false>(ap_int_base<11, false> const&, int)' (C:\scratch\2022.2\hls_product\608\2022.2\src\shared\hls\clib/include/header_files\ap_int_base.h:1788:1853)
INFO: [HLS 214-131] Inlining function 'bool ap_int_base<11, false>::operator==<32, true>(ap_int_base<32, true> const&) const' into 'bool operator==<11, false>(ap_int_base<11, false> const&, int)' (C:\scratch\2022.2\hls_product\608\2022.2\src\shared\hls\clib/include/header_files\ap_int_base.h:1788:1850)
INFO: [HLS 214-131] Inlining function 'ap_bit_ref<1, false>::ap_bit_ref(ap_int_base<1, false> const*, int)' into 'ap_int_base<1, false>::operator[](int) const' (C:\scratch\2022.2\hls_product\608\2022.2\src\shared\hls\clib/include/header_files\ap_int_base.h:1145:30)
INFO: [HLS 214-131] Inlining function 'ap_bit_ref<1, false>::to_bool() const' into 'ap_int_base<1, false>::operator[](int) const' (C:\scratch\2022.2\hls_product\608\2022.2\src\shared\hls\clib/include/header_files\ap_int_base.h:1146:15)
INFO: [HLS 214-131] Inlining function 'ap_range_ref<11, false>::ap_range_ref(ap_int_base<11, false>*, int, int)' into 'ap_int_base<11, false>::range(int, int) const' (C:\scratch\2022.2\hls_product\608\2022.2\src\shared\hls\clib/include/header_files\ap_int_base.h:1055:12)
INFO: [HLS 214-131] Inlining function 'ap_int_base<11, false>::range(int, int) const' into 'ap_int_base<11, false>::operator()(int, int) const' (C:\scratch\2022.2\hls_product\608\2022.2\src\shared\hls\clib/include/header_files\ap_int_base.h:1089:18)
INFO: [HLS 214-131] Inlining function 'ap_range_ref<11, false>::get() const' into 'ap_int_base<11, false>::ap_int_base<11, false>(ap_range_ref<11, false> const&)' (C:\scratch\2022.2\hls_product\608\2022.2\src\shared\hls\clib/include/header_files\ap_int_base.h:358:20)
INFO: [HLS 214-131] Inlining function 'ssdm_int<64, false>::ssdm_int(unsigned long)' into 'ap_int_base<64, false>::ap_int_base<11, false>(ap_int_base<11, false> const&)' (C:\scratch\2022.2\hls_product\608\2022.2\src\shared\hls\clib/include/header_files\ap_int_base.h:185:106)
INFO: [HLS 214-131] Inlining function 'ap_int_base<64, false>::ap_int_base<11, false>(ap_int_base<11, false> const&)' into 'ap_range_ref<64, false>& ap_range_ref<64, false>::operator=<11, false>(ap_int_base<11, false> const&)' (C:\scratch\2022.2\hls_product\608\2022.2\src\shared\hls\clib/include/header_files\ap_int_ref.h:367:31)
INFO: [HLS 214-131] Inlining function 'ap_int_base<11, false>::ap_int_base<11, false>(ap_range_ref<11, false> const&)' into 'ap_range_ref<64, false>& ap_range_ref<64, false>::operator=<11, false>(ap_range_ref<11, false> const&)' (C:\scratch\2022.2\hls_product\608\2022.2\src\shared\hls\clib/include/header_files\ap_int_ref.h:382:22)
INFO: [HLS 214-131] Inlining function 'ap_range_ref<64, false>& ap_range_ref<64, false>::operator=<11, false>(ap_int_base<11, false> const&)' into 'ap_range_ref<64, false>& ap_range_ref<64, false>::operator=<11, false>(ap_range_ref<11, false> const&)' (C:\scratch\2022.2\hls_product\608\2022.2\src\shared\hls\clib/include/header_files\ap_int_ref.h:382:12)
INFO: [HLS 214-131] Inlining function 'ap_range_ref<52, false>::ap_range_ref(ap_int_base<52, false>*, int, int)' into 'ap_int_base<52, false>::range(int, int) const' (C:\scratch\2022.2\hls_product\608\2022.2\src\shared\hls\clib/include/header_files\ap_int_base.h:1055:12)
INFO: [HLS 214-131] Inlining function 'ap_int_base<52, false>::range(int, int) const' into 'ap_int_base<52, false>::operator()(int, int) const' (C:\scratch\2022.2\hls_product\608\2022.2\src\shared\hls\clib/include/header_files\ap_int_base.h:1089:18)
INFO: [HLS 214-131] Inlining function 'ap_range_ref<52, false>::get() const' into 'ap_int_base<52, false>::ap_int_base<52, false>(ap_range_ref<52, false> const&)' (C:\scratch\2022.2\hls_product\608\2022.2\src\shared\hls\clib/include/header_files\ap_int_base.h:358:20)
INFO: [HLS 214-131] Inlining function 'ssdm_int<64, false>::ssdm_int(unsigned long)' into 'ap_int_base<64, false>::ap_int_base<52, false>(ap_int_base<52, false> const&)' (C:\scratch\2022.2\hls_product\608\2022.2\src\shared\hls\clib/include/header_files\ap_int_base.h:185:106)
INFO: [HLS 214-131] Inlining function 'ap_int_base<64, false>::ap_int_base<52, false>(ap_int_base<52, false> const&)' into 'ap_range_ref<64, false>& ap_range_ref<64, false>::operator=<52, false>(ap_int_base<52, false> const&)' (C:\scratch\2022.2\hls_product\608\2022.2\src\shared\hls\clib/include/header_files\ap_int_ref.h:367:31)
INFO: [HLS 214-131] Inlining function 'ap_int_base<52, false>::ap_int_base<52, false>(ap_range_ref<52, false> const&)' into 'ap_range_ref<64, false>& ap_range_ref<64, false>::operator=<52, false>(ap_range_ref<52, false> const&)' (C:\scratch\2022.2\hls_product\608\2022.2\src\shared\hls\clib/include/header_files\ap_int_ref.h:382:22)
INFO: [HLS 214-131] Inlining function 'ap_range_ref<64, false>& ap_range_ref<64, false>::operator=<52, false>(ap_int_base<52, false> const&)' into 'ap_range_ref<64, false>& ap_range_ref<64, false>::operator=<52, false>(ap_range_ref<52, false> const&)' (C:\scratch\2022.2\hls_product\608\2022.2\src\shared\hls\clib/include/header_files\ap_int_ref.h:382:12)
INFO: [HLS 214-131] Inlining function 'ap_int_base<1, false>::operator[](int) const' into 'fp_struct<double>::data() const' (C:\scratch\2022.2\hls_product\608\2022.2\src\shared\hls\clib/src/hls\utils/x_hls_utils.h:506:36)
INFO: [HLS 214-131] Inlining function 'ap_range_ref<64, false>& ap_range_ref<64, false>::operator=<52, false>(ap_range_ref<52, false> const&)' into 'fp_struct<double>::data() const' (C:\scratch\2022.2\hls_product\608\2022.2\src\shared\hls\clib/src/hls\utils/x_hls_utils.h:508:25)
INFO: [HLS 214-131] Inlining function 'ap_int_base<64, false>::operator()(int, int)' into 'fp_struct<double>::data() const' (C:\scratch\2022.2\hls_product\608\2022.2\src\shared\hls\clib/src/hls\utils/x_hls_utils.h:508:9)
INFO: [HLS 214-131] Inlining function 'ap_int_base<52, false>::operator()(int, int) const' into 'fp_struct<double>::data() const' (C:\scratch\2022.2\hls_product\608\2022.2\src\shared\hls\clib/src/hls\utils/x_hls_utils.h:508:27)
INFO: [HLS 214-131] Inlining function 'ap_range_ref<64, false>& ap_range_ref<64, false>::operator=<11, false>(ap_range_ref<11, false> const&)' into 'fp_struct<double>::data() const' (C:\scratch\2022.2\hls_product\608\2022.2\src\shared\hls\clib/src/hls\utils/x_hls_utils.h:507:41)
INFO: [HLS 214-131] Inlining function 'ap_int_base<64, false>::operator()(int, int)' into 'fp_struct<double>::data() const' (C:\scratch\2022.2\hls_product\608\2022.2\src\shared\hls\clib/src/hls\utils/x_hls_utils.h:507:9)
INFO: [HLS 214-131] Inlining function 'ap_int_base<11, false>::operator()(int, int) const' into 'fp_struct<double>::data() const' (C:\scratch\2022.2\hls_product\608\2022.2\src\shared\hls\clib/src/hls\utils/x_hls_utils.h:507:43)
INFO: [HLS 214-131] Inlining function 'ap_bit_ref<64, false>::operator=(bool)' into 'fp_struct<double>::data() const' (C:\scratch\2022.2\hls_product\608\2022.2\src\shared\hls\clib/src/hls\utils/x_hls_utils.h:506:34)
INFO: [HLS 214-131] Inlining function 'ap_int_base<64, false>::operator[](int)' into 'fp_struct<double>::data() const' (C:\scratch\2022.2\hls_product\608\2022.2\src\shared\hls\clib/src/hls\utils/x_hls_utils.h:506:9)
INFO: [HLS 214-131] Inlining function 'ap_int_base<64, false>::to_uint64() const' into 'fp_struct<double>::to_double() const' (C:\scratch\2022.2\hls_product\608\2022.2\src\shared\hls\clib/src/hls\utils/x_hls_utils.h:525:24)
INFO: [HLS 214-131] Inlining function 'ap_int_base<32, true>::ap_int_base(int)' into 'bool operator><11, false>(ap_int_base<11, false> const&, int)' (C:\scratch\2022.2\hls_product\608\2022.2\src\shared\hls\clib/include/header_files\ap_int_base.h:1788:337)
INFO: [HLS 214-131] Inlining function 'bool ap_int_base<11, false>::operator><32, true>(ap_int_base<32, true> const&) const' into 'bool operator><11, false>(ap_int_base<11, false> const&, int)' (C:\scratch\2022.2\hls_product\608\2022.2\src\shared\hls\clib/include/header_files\ap_int_base.h:1788:335)
INFO: [HLS 214-131] Inlining function 'ap_range_ref<11, false>::get() const' into 'ap_int_base<6, false>::ap_int_base<11, false>(ap_range_ref<11, false> const&)' (C:\scratch\2022.2\hls_product\608\2022.2\src\shared\hls\clib/include/header_files\ap_int_base.h:358:20)
INFO: [HLS 214-131] Inlining function 'ap_int_base<6, false>::ap_int_base<11, false>(ap_range_ref<11, false> const&)' into 'ap_uint<6>::ap_uint<11, false>(ap_range_ref<11, false> const&)'
INFO: [HLS 214-131] Inlining function '_ZN8ssdm_intILi65ELb0EEC2EDq65_j' into 'ap_int_base<65, false>::ap_int_base<64, false>(ap_int_base<64, false> const&)' (C:\scratch\2022.2\hls_product\608\2022.2\src\shared\hls\clib/include/header_files\ap_int_base.h:185:106)
INFO: [HLS 214-131] Inlining function '_ZN8ssdm_intILi65ELb0EEC2EDq65_j' into 'ap_int_base<65, false>::ap_int_base(int)' (C:\scratch\2022.2\hls_product\608\2022.2\src\shared\hls\clib/include/header_files\ap_int_base.h:214:67)
INFO: [HLS 214-131] Inlining function 'ap_int_base<65, false>::ap_int_base<64, false>(ap_int_base<64, false> const&)' into 'ap_int_base<64, false>::RType<64, false>::plus operator+<64, false, 64, false>(ap_int_base<64, false> const&, ap_int_base<64, false> const&)' (C:\scratch\2022.2\hls_product\608\2022.2\src\shared\hls\clib/include/header_files\ap_int_base.h:1495:339)
INFO: [HLS 214-131] Inlining function 'ap_int_base<65, false>::ap_int_base(int)' into 'ap_int_base<64, false>::RType<64, false>::plus operator+<64, false, 64, false>(ap_int_base<64, false> const&, ap_int_base<64, false> const&)' (C:\scratch\2022.2\hls_product\608\2022.2\src\shared\hls\clib/include/header_files\ap_int_base.h:1495:516)
INFO: [HLS 214-131] Inlining function 'ap_int_base<65, false>::ap_int_base<64, false>(ap_int_base<64, false> const&)' into 'ap_int_base<64, false>::RType<64, false>::plus operator+<64, false, 64, false>(ap_int_base<64, false> const&, ap_int_base<64, false> const&)' (C:\scratch\2022.2\hls_product\608\2022.2\src\shared\hls\clib/include/header_files\ap_int_base.h:1495:427)
INFO: [HLS 214-131] Inlining function 'ap_int_base<64, false>::ap_int_base(unsigned long long)' into 'ap_int_base<64, false>::RType<($_0)64, false>::plus operator+<64, false>(ap_int_base<64, false> const&, unsigned long long)' (C:\scratch\2022.2\hls_product\608\2022.2\src\shared\hls\clib/include/header_files\ap_int_base.h:1638:1068)
INFO: [HLS 214-131] Inlining function 'ap_int_base<64, false>::RType<64, false>::plus operator+<64, false, 64, false>(ap_int_base<64, false> const&, ap_int_base<64, false> const&)' into 'ap_int_base<64, false>::RType<($_0)64, false>::plus operator+<64, false>(ap_int_base<64, false> const&, unsigned long long)' (C:\scratch\2022.2\hls_product\608\2022.2\src\shared\hls\clib/include/header_files\ap_int_base.h:1638:1066)
INFO: [HLS 214-131] Inlining function 'ssdm_int<64, false>::ssdm_int(unsigned long)' into 'ap_int_base<64, false>::ap_int_base<65, false>(ap_int_base<65, false> const&)' (C:\scratch\2022.2\hls_product\608\2022.2\src\shared\hls\clib/include/header_files\ap_int_base.h:185:106)
INFO: [HLS 214-131] Inlining function 'ap_int_base<64, false>::ap_int_base<65, false>(ap_int_base<65, false> const&)' into 'ap_uint<64>::ap_uint<65>(ap_uint<65> const&)'
INFO: [HLS 214-131] Inlining function 'ap_int_base<64, false>::operator[](int)' into 'fp_struct<double>::fp_struct(ap_uint<64>)' (C:\scratch\2022.2\hls_product\608\2022.2\src\shared\hls\clib/src/hls\utils/x_hls_utils.h:494:19)
INFO: [HLS 214-131] Inlining function 'ap_range_ref<52, false>& ap_range_ref<52, false>::operator=<64, false>(ap_range_ref<64, false> const&)' into 'fp_struct<double>::fp_struct(ap_uint<64>)' (C:\scratch\2022.2\hls_product\608\2022.2\src\shared\hls\clib/src/hls\utils/x_hls_utils.h:496:19)
INFO: [HLS 214-131] Inlining function 'ap_int_base<52, false>::operator()(int, int)' into 'fp_struct<double>::fp_struct(ap_uint<64>)' (C:\scratch\2022.2\hls_product\608\2022.2\src\shared\hls\clib/src/hls\utils/x_hls_utils.h:496:9)
INFO: [HLS 214-131] Inlining function 'ap_int_base<64, false>::operator()(int, int)' into 'fp_struct<double>::fp_struct(ap_uint<64>)' (C:\scratch\2022.2\hls_product\608\2022.2\src\shared\hls\clib/src/hls\utils/x_hls_utils.h:496:21)
INFO: [HLS 214-131] Inlining function 'ap_range_ref<11, false>& ap_range_ref<11, false>::operator=<64, false>(ap_range_ref<64, false> const&)' into 'fp_struct<double>::fp_struct(ap_uint<64>)' (C:\scratch\2022.2\hls_product\608\2022.2\src\shared\hls\clib/src/hls\utils/x_hls_utils.h:495:19)
INFO: [HLS 214-131] Inlining function 'ap_int_base<11, false>::operator()(int, int)' into 'fp_struct<double>::fp_struct(ap_uint<64>)' (C:\scratch\2022.2\hls_product\608\2022.2\src\shared\hls\clib/src/hls\utils/x_hls_utils.h:495:9)
INFO: [HLS 214-131] Inlining function 'ap_int_base<64, false>::operator()(int, int)' into 'fp_struct<double>::fp_struct(ap_uint<64>)' (C:\scratch\2022.2\hls_product\608\2022.2\src\shared\hls\clib/src/hls\utils/x_hls_utils.h:495:21)
INFO: [HLS 214-131] Inlining function 'ap_bit_ref<1, false>& ap_bit_ref<1, false>::operator=<64, false>(ap_bit_ref<64, false> const&)' into 'fp_struct<double>::fp_struct(ap_uint<64>)' (C:\scratch\2022.2\hls_product\608\2022.2\src\shared\hls\clib/src/hls\utils/x_hls_utils.h:494:17)
INFO: [HLS 214-131] Inlining function 'ap_int_base<1, false>::operator[](int)' into 'fp_struct<double>::fp_struct(ap_uint<64>)' (C:\scratch\2022.2\hls_product\608\2022.2\src\shared\hls\clib/src/hls\utils/x_hls_utils.h:494:9)
INFO: [HLS 214-131] Inlining function 'ssdm_int<64, false>::ssdm_int(unsigned long)' into 'ap_int_base<64, false>::ap_int_base(int)' (C:\scratch\2022.2\hls_product\608\2022.2\src\shared\hls\clib/include/header_files\ap_int_base.h:214:67)
INFO: [HLS 214-131] Inlining function 'ap_int_base<64, false>::ap_int_base<52, false>(ap_int_base<52, false> const&)' into 'ap_int_base<52, false>::RType<64, false>::logic operator&<52, false, 64, false>(ap_int_base<52, false> const&, ap_int_base<64, false> const&)' (C:\scratch\2022.2\hls_product\608\2022.2\src\shared\hls\clib/include/header_files\ap_int_base.h:1497:341)
INFO: [HLS 214-131] Inlining function 'ap_int_base<64, false>::ap_int_base(int)' into 'ap_int_base<52, false>::RType<64, false>::logic operator&<52, false, 64, false>(ap_int_base<52, false> const&, ap_int_base<64, false> const&)' (C:\scratch\2022.2\hls_product\608\2022.2\src\shared\hls\clib/include/header_files\ap_int_base.h:1497:520)
INFO: [HLS 214-131] Inlining function 'ap_int_base<64, false>::ap_int_base(unsigned long long)' into 'ap_int_base<52, false>::RType<($_0)64, false>::logic operator&<52, false>(ap_int_base<52, false> const&, unsigned long long)' (C:\scratch\2022.2\hls_product\608\2022.2\src\shared\hls\clib/include/header_files\ap_int_base.h:1638:3296)
INFO: [HLS 214-131] Inlining function 'ap_int_base<52, false>::RType<64, false>::logic operator&<52, false, 64, false>(ap_int_base<52, false> const&, ap_int_base<64, false> const&)' into 'ap_int_base<52, false>::RType<($_0)64, false>::logic operator&<52, false>(ap_int_base<52, false> const&, unsigned long long)' (C:\scratch\2022.2\hls_product\608\2022.2\src\shared\hls\clib/include/header_files\ap_int_base.h:1638:3294)
INFO: [HLS 214-131] Inlining function 'ap_int_base<52, false>::ap_int_base<64, false>(ap_int_base<64, false> const&)' into 'ap_uint<52>::ap_uint<64>(ap_uint<64> const&)'
INFO: [HLS 214-131] Inlining function 'bool operator><11, false>(int, ap_int_base<11, false> const&)' into 'double generic_floor<double>(double)' (C:\scratch\2022.2\hls_product\608\2022.2\src\shared\hls\clib/hlsmath/include/FloatingPoint\hls_floor.h:18:29)
INFO: [HLS 214-131] Inlining function 'bool operator==<52, false>(ap_int_base<52, false> const&, int)' into 'double generic_floor<double>(double)' (C:\scratch\2022.2\hls_product\608\2022.2\src\shared\hls\clib/hlsmath/include/FloatingPoint\hls_floor.h:19:32)
INFO: [HLS 214-131] Inlining function 'ap_int_base<52, false>::RType<($_0)64, false>::logic operator&<52, false>(ap_int_base<52, false> const&, unsigned long long)' into 'double generic_floor<double>(double)' (C:\scratch\2022.2\hls_product\608\2022.2\src\shared\hls\clib/hlsmath/include/FloatingPoint\hls_floor.h:39:18)
INFO: [HLS 214-131] Inlining function 'bool operator==<11, false>(ap_int_base<11, false> const&, int)' into 'double generic_floor<double>(double)' (C:\scratch\2022.2\hls_product\608\2022.2\src\shared\hls\clib/hlsmath/include/FloatingPoint\hls_floor.h:19:47)
INFO: [HLS 214-131] Inlining function 'ap_int_base<64, false>::RType<($_0)64, false>::plus operator+<64, false>(ap_int_base<64, false> const&, unsigned long long)' into 'double generic_floor<double>(double)' (C:\scratch\2022.2\hls_product\608\2022.2\src\shared\hls\clib/hlsmath/include/FloatingPoint\hls_floor.h:36:52)
INFO: [HLS 214-131] Inlining function 'bool operator><11, false>(ap_int_base<11, false> const&, int)' into 'double generic_floor<double>(double)' (C:\scratch\2022.2\hls_product\608\2022.2\src\shared\hls\clib/hlsmath/include/FloatingPoint\hls_floor.h:24:21)
INFO: [HLS 214-131] Inlining function 'ap_int_base<11, false>::operator()(int, int)' into 'double generic_floor<double>(double)' (C:\scratch\2022.2\hls_product\608\2022.2\src\shared\hls\clib/hlsmath/include/FloatingPoint\hls_floor.h:31:66)
INFO: [HLS 214-131] Inlining function 'ap_int_base<6, false>::operator unsigned long long() const' into 'double generic_floor<double>(double)' (C:\scratch\2022.2\hls_product\608\2022.2\src\shared\hls\clib/hlsmath/include/FloatingPoint\hls_floor.h:32:20)
INFO: [HLS 214-131] Inlining function 'ap_fixed_base<32, 32, true, (ap_q_mode)5, (ap_o_mode)3, 0>::operator!() const' into 'ap_fixed_base<53, 1, false, (ap_q_mode)5, (ap_o_mode)3, 0>& ap_fixed_base<53, 1, false, (ap_q_mode)5, (ap_o_mode)3, 0>::operator=<32, 32, true, (ap_q_mode)5, (ap_o_mode)3, 0>(ap_fixed_base<32, 32, true, (ap_q_mode)5, (ap_o_mode)3, 0> const&)' (C:\scratch\2022.2\hls_product\608\2022.2\src\shared\hls\clib/include/header_files\ap_fixed_base.h:808:9)
INFO: [HLS 214-131] Inlining function 'ap_fixed_base<53, 1, false, (ap_q_mode)5, (ap_o_mode)3, 0>& ap_fixed_base<53, 1, false, (ap_q_mode)5, (ap_o_mode)3, 0>::operator=<32, 32, true, (ap_q_mode)5, (ap_o_mode)3, 0>(ap_fixed_base<32, 32, true, (ap_q_mode)5, (ap_o_mode)3, 0> const&)' into 'ap_fixed_base<53, 1, false, (ap_q_mode)5, (ap_o_mode)3, 0>::ap_fixed_base(int)' (C:\scratch\2022.2\hls_product\608\2022.2\src\shared\hls\clib/include/header_files\ap_fixed_base.h:530:146)
INFO: [HLS 214-131] Inlining function 'ap_fixed_base<53, 1, false, (ap_q_mode)5, (ap_o_mode)3, 0>::ap_fixed_base(int)' into 'ap_ufixed<53, 1, (ap_q_mode)5, (ap_o_mode)3, 0>::ap_ufixed(int)'
INFO: [HLS 214-131] Inlining function 'af_range_ref<53, 1, false, (ap_q_mode)5, (ap_o_mode)3, 0>::af_range_ref(ap_fixed_base<53, 1, false, (ap_q_mode)5, (ap_o_mode)3, 0>*, int, int)' into 'ap_fixed_base<53, 1, false, (ap_q_mode)5, (ap_o_mode)3, 0>::range(int, int)' (C:\scratch\2022.2\hls_product\608\2022.2\src\shared\hls\clib/include/header_files\ap_fixed_base.h:1746:12)
INFO: [HLS 214-131] Inlining function 'ap_fixed_base<53, 1, false, (ap_q_mode)5, (ap_o_mode)3, 0>::range(int, int)' into 'ap_fixed_base<53, 1, false, (ap_q_mode)5, (ap_o_mode)3, 0>::operator()(int, int)' (C:\scratch\2022.2\hls_product\608\2022.2\src\shared\hls\clib/include/header_files\ap_fixed_base.h:1785:18)
INFO: [HLS 214-131] Inlining function 'ap_int_base<52, false>::ap_int_base<52, false>(ap_range_ref<52, false> const&)' into 'af_range_ref<53, 1, false, (ap_q_mode)5, (ap_o_mode)3, 0>& af_range_ref<53, 1, false, (ap_q_mode)5, (ap_o_mode)3, 0>::operator=<52, false>(ap_range_ref<52, false> const&)' (C:\scratch\2022.2\hls_product\608\2022.2\src\shared\hls\clib/include/header_files\ap_fixed_ref.h:301:38)
INFO: [HLS 214-131] Inlining function 'af_range_ref<53, 1, false, (ap_q_mode)5, (ap_o_mode)3, 0>& af_range_ref<53, 1, false, (ap_q_mode)5, (ap_o_mode)3, 0>::operator=<52, false>(ap_int_base<52, false> const&)' into 'af_range_ref<53, 1, false, (ap_q_mode)5, (ap_o_mode)3, 0>& af_range_ref<53, 1, false, (ap_q_mode)5, (ap_o_mode)3, 0>::operator=<52, false>(ap_range_ref<52, false> const&)' (C:\scratch\2022.2\hls_product\608\2022.2\src\shared\hls\clib/include/header_files\ap_fixed_ref.h:302:12)
INFO: [HLS 214-131] Inlining function 'af_bit_ref<53, 1, false, (ap_q_mode)5, (ap_o_mode)3, 0>::af_bit_ref(ap_fixed_base<53, 1, false, (ap_q_mode)5, (ap_o_mode)3, 0>*, int)' into 'ap_fixed_base<53, 1, false, (ap_q_mode)5, (ap_o_mode)3, 0>::operator[](unsigned int)' (C:\scratch\2022.2\hls_product\608\2022.2\src\shared\hls\clib/include/header_files\ap_fixed_base.h:1671:12)
INFO: [HLS 214-131] Inlining function 'af_bit_ref<53, 1, false, (ap_q_mode)5, (ap_o_mode)3, 0>::operator=(bool)' into 'fp_struct<double>::mantissa() const' (C:\scratch\2022.2\hls_product\608\2022.2\src\shared\hls\clib/src/hls\utils/x_hls_utils.h:535:21)
INFO: [HLS 214-131] Inlining function 'ap_fixed_base<53, 1, false, (ap_q_mode)5, (ap_o_mode)3, 0>::operator[](unsigned int)' into 'fp_struct<double>::mantissa() const' (C:\scratch\2022.2\hls_product\608\2022.2\src\shared\hls\clib/src/hls\utils/x_hls_utils.h:535:9)
INFO: [HLS 214-131] Inlining function 'ap_fixed_base<53, 1, false, (ap_q_mode)5, (ap_o_mode)3, 0>::wl() const' into 'fp_struct<double>::mantissa() const' (C:\scratch\2022.2\hls_product\608\2022.2\src\shared\hls\clib/src/hls\utils/x_hls_utils.h:535:13)
INFO: [HLS 214-131] Inlining function 'af_range_ref<53, 1, false, (ap_q_mode)5, (ap_o_mode)3, 0>& af_range_ref<53, 1, false, (ap_q_mode)5, (ap_o_mode)3, 0>::operator=<52, false>(ap_range_ref<52, false> const&)' into 'fp_struct<double>::mantissa() const' (C:\scratch\2022.2\hls_product\608\2022.2\src\shared\hls\clib/src/hls\utils/x_hls_utils.h:534:23)
INFO: [HLS 214-131] Inlining function 'ap_fixed_base<53, 1, false, (ap_q_mode)5, (ap_o_mode)3, 0>::operator()(int, int)' into 'fp_struct<double>::mantissa() const' (C:\scratch\2022.2\hls_product\608\2022.2\src\shared\hls\clib/src/hls\utils/x_hls_utils.h:534:9)
INFO: [HLS 214-131] Inlining function 'ap_fixed_base<53, 1, false, (ap_q_mode)5, (ap_o_mode)3, 0>::wl() const' into 'fp_struct<double>::mantissa() const' (C:\scratch\2022.2\hls_product\608\2022.2\src\shared\hls\clib/src/hls\utils/x_hls_utils.h:534:13)
INFO: [HLS 214-131] Inlining function 'ap_int_base<52, false>::operator()(int, int) const' into 'fp_struct<double>::mantissa() const' (C:\scratch\2022.2\hls_product\608\2022.2\src\shared\hls\clib/src/hls\utils/x_hls_utils.h:534:25)
INFO: [HLS 214-131] Inlining function 'ap_fixed_base<53, 1, false, (ap_q_mode)5, (ap_o_mode)3, 0>::operator!() const' into 'ap_fixed_base<169, 116, false, (ap_q_mode)5, (ap_o_mode)3, 0>& ap_fixed_base<169, 116, false, (ap_q_mode)5, (ap_o_mode)3, 0>::operator=<53, 1, false, (ap_q_mode)5, (ap_o_mode)3, 0>(ap_fixed_base<53, 1, false, (ap_q_mode)5, (ap_o_mode)3, 0> const&)' (C:\scratch\2022.2\hls_product\608\2022.2\src\shared\hls\clib/include/header_files\ap_fixed_base.h:808:9)
INFO: [HLS 214-131] Inlining function '_ZN8ssdm_intILi169ELb0EEC2EDq169_j' into 'ap_fixed_base<169, 116, false, (ap_q_mode)5, (ap_o_mode)3, 0>::ap_fixed_base<53, 1, false, (ap_q_mode)5, (ap_o_mode)3, 0>(ap_fixed_base<53, 1, false, (ap_q_mode)5, (ap_o_mode)3, 0> const&)' (C:\scratch\2022.2\hls_product\608\2022.2\src\shared\hls\clib/include/header_files\ap_fixed_base.h:401:80)
INFO: [HLS 214-131] Inlining function 'ap_fixed_base<169, 116, false, (ap_q_mode)5, (ap_o_mode)3, 0>& ap_fixed_base<169, 116, false, (ap_q_mode)5, (ap_o_mode)3, 0>::operator=<53, 1, false, (ap_q_mode)5, (ap_o_mode)3, 0>(ap_fixed_base<53, 1, false, (ap_q_mode)5, (ap_o_mode)3, 0> const&)' into 'ap_fixed_base<169, 116, false, (ap_q_mode)5, (ap_o_mode)3, 0>::ap_fixed_base<53, 1, false, (ap_q_mode)5, (ap_o_mode)3, 0>(ap_fixed_base<53, 1, false, (ap_q_mode)5, (ap_o_mode)3, 0> const&)' (C:\scratch\2022.2\hls_product\608\2022.2\src\shared\hls\clib/include/header_files\ap_fixed_base.h:403:5)
INFO: [HLS 214-131] Inlining function 'ap_fixed_base<169, 116, false, (ap_q_mode)5, (ap_o_mode)3, 0>::ap_fixed_base<53, 1, false, (ap_q_mode)5, (ap_o_mode)3, 0>(ap_fixed_base<53, 1, false, (ap_q_mode)5, (ap_o_mode)3, 0> const&)' into 'ap_ufixed<169, 116, (ap_q_mode)5, (ap_o_mode)3, 0>::ap_ufixed<53, 1, false, (ap_q_mode)5, (ap_o_mode)3, 0>(ap_fixed_base<53, 1, false, (ap_q_mode)5, (ap_o_mode)3, 0> const&)'
INFO: [HLS 214-131] Inlining function '_ZN8ssdm_intILi33ELb1EEC2EDq33_i' into 'ap_int_base<33, true>::ap_int_base<11, false>(ap_int_base<11, false> const&)' (C:\scratch\2022.2\hls_product\608\2022.2\src\shared\hls\clib/include/header_files\ap_int_base.h:185:106)
INFO: [HLS 214-131] Inlining function '_ZN8ssdm_intILi33ELb1EEC2EDq33_i' into 'ap_int_base<33, true>::ap_int_base<32, true>(ap_int_base<32, true> const&)' (C:\scratch\2022.2\hls_product\608\2022.2\src\shared\hls\clib/include/header_files\ap_int_base.h:185:106)
INFO: [HLS 214-131] Inlining function '_ZN8ssdm_intILi33ELb1EEC2EDq33_i' into 'ap_int_base<33, true>::ap_int_base(int)' (C:\scratch\2022.2\hls_product\608\2022.2\src\shared\hls\clib/include/header_files\ap_int_base.h:214:67)
INFO: [HLS 214-131] Inlining function 'ap_int_base<33, true>::ap_int_base<11, false>(ap_int_base<11, false> const&)' into 'ap_int_base<11, false>::RType<32, true>::minus operator-<11, false, 32, true>(ap_int_base<11, false> const&, ap_int_base<32, true> const&)' (C:\scratch\2022.2\hls_product\608\2022.2\src\shared\hls\clib/include/header_files\ap_int_base.h:1496:341)
INFO: [HLS 214-131] Inlining function 'ap_int_base<33, true>::ap_int_base(int)' into 'ap_int_base<11, false>::RType<32, true>::minus operator-<11, false, 32, true>(ap_int_base<11, false> const&, ap_int_base<32, true> const&)' (C:\scratch\2022.2\hls_product\608\2022.2\src\shared\hls\clib/include/header_files\ap_int_base.h:1496:520)
INFO: [HLS 214-131] Inlining function 'ap_int_base<33, true>::ap_int_base<32, true>(ap_int_base<32, true> const&)' into 'ap_int_base<11, false>::RType<32, true>::minus operator-<11, false, 32, true>(ap_int_base<11, false> const&, ap_int_base<32, true> const&)' (C:\scratch\2022.2\hls_product\608\2022.2\src\shared\hls\clib/include/header_files\ap_int_base.h:1496:430)
INFO: [HLS 214-131] Inlining function 'ap_int_base<32, true>::ap_int_base(int)' into 'ap_int_base<11, false>::RType<($_0)32, true>::minus operator-<11, false>(ap_int_base<11, false> const&, int)' (C:\scratch\2022.2\hls_product\608\2022.2\src\shared\hls\clib/include/header_files\ap_int_base.h:1633:1531)
INFO: [HLS 214-131] Inlining function 'ap_int_base<11, false>::RType<32, true>::minus operator-<11, false, 32, true>(ap_int_base<11, false> const&, ap_int_base<32, true> const&)' into 'ap_int_base<11, false>::RType<($_0)32, true>::minus operator-<11, false>(ap_int_base<11, false> const&, int)' (C:\scratch\2022.2\hls_product\608\2022.2\src\shared\hls\clib/include/header_files\ap_int_base.h:1633:1529)
INFO: [HLS 214-131] Inlining function 'ap_int_base<11, false>::RType<($_0)32, true>::minus operator-<11, false>(ap_int_base<11, false> const&, int)' into 'fp_struct<double>::expv() const' (C:\scratch\2022.2\hls_product\608\2022.2\src\shared\hls\clib/src/hls\utils/x_hls_utils.h:515:19)
INFO: [HLS 214-131] Inlining function 'ap_int_base<33, true>::operator long long() const' into 'fp_struct<double>::expv() const' (C:\scratch\2022.2\hls_product\608\2022.2\src\shared\hls\clib/src/hls\utils/x_hls_utils.h:515:16)
INFO: [HLS 214-131] Inlining function 'ap_fixed_base<32, 32, true, (ap_q_mode)5, (ap_o_mode)3, 0>::operator!() const' into 'ap_fixed_base<169, 116, false, (ap_q_mode)5, (ap_o_mode)3, 0>& ap_fixed_base<169, 116, false, (ap_q_mode)5, (ap_o_mode)3, 0>::operator=<32, 32, true, (ap_q_mode)5, (ap_o_mode)3, 0>(ap_fixed_base<32, 32, true, (ap_q_mode)5, (ap_o_mode)3, 0> const&)' (C:\scratch\2022.2\hls_product\608\2022.2\src\shared\hls\clib/include/header_files\ap_fixed_base.h:808:9)
INFO: [HLS 214-131] Inlining function 'ap_fixed_base<169, 116, false, (ap_q_mode)5, (ap_o_mode)3, 0>& ap_fixed_base<169, 116, false, (ap_q_mode)5, (ap_o_mode)3, 0>::operator=<32, 32, true, (ap_q_mode)5, (ap_o_mode)3, 0>(ap_fixed_base<32, 32, true, (ap_q_mode)5, (ap_o_mode)3, 0> const&)' into 'ap_fixed_base<169, 116, false, (ap_q_mode)5, (ap_o_mode)3, 0>::ap_fixed_base(int)' (C:\scratch\2022.2\hls_product\608\2022.2\src\shared\hls\clib/include/header_files\ap_fixed_base.h:530:146)
INFO: [HLS 214-131] Inlining function 'ap_fixed_base<169, 116, false, (ap_q_mode)5, (ap_o_mode)3, 0>::ap_fixed_base(int)' into 'ap_fixed_base<169, 116, false, (ap_q_mode)5, (ap_o_mode)3, 0>::operator>>(unsigned int) const' (C:\scratch\2022.2\hls_product\608\2022.2\src\shared\hls\clib/include/header_files\ap_fixed_base.h:1487:19)
INFO: [HLS 214-131] Inlining function 'ap_fixed_base<169, 116, false, (ap_q_mode)5, (ap_o_mode)3, 0>::ap_fixed_base(int)' into 'ap_fixed_base<169, 116, false, (ap_q_mode)5, (ap_o_mode)3, 0>::operator<<(unsigned int) const' (C:\scratch\2022.2\hls_product\608\2022.2\src\shared\hls\clib/include/header_files\ap_fixed_base.h:1453:19)
INFO: [HLS 214-131] Inlining function 'ap_fixed_base<169, 116, false, (ap_q_mode)5, (ap_o_mode)3, 0>::ap_fixed_base(int)' into 'ap_fixed_base<169, 116, false, (ap_q_mode)5, (ap_o_mode)3, 0>::operator<<(int) const' (C:\scratch\2022.2\hls_product\608\2022.2\src\shared\hls\clib/include/header_files\ap_fixed_base.h:1510:19)
INFO: [HLS 214-131] Inlining function 'ap_fixed_base<169, 116, false, (ap_q_mode)5, (ap_o_mode)3, 0>::operator<<(unsigned int) const' into 'ap_fixed_base<169, 116, false, (ap_q_mode)5, (ap_o_mode)3, 0>::operator<<(int) const' (C:\scratch\2022.2\hls_product\608\2022.2\src\shared\hls\clib/include/header_files\ap_fixed_base.h:1516:14)
INFO: [HLS 214-131] Inlining function 'ap_fixed_base<169, 116, false, (ap_q_mode)5, (ap_o_mode)3, 0>::operator>>(unsigned int) const' into 'ap_fixed_base<169, 116, false, (ap_q_mode)5, (ap_o_mode)3, 0>::operator<<(int) const' (C:\scratch\2022.2\hls_product\608\2022.2\src\shared\hls\clib/include/header_files\ap_fixed_base.h:1514:14)
INFO: [HLS 214-131] Inlining function '_ZN8ssdm_intILi169ELb0EEC2EDq169_j' into 'ap_int_base<169, false>::ap_int_base(int)' (C:\scratch\2022.2\hls_product\608\2022.2\src\shared\hls\clib/include/header_files\ap_int_base.h:214:67)
INFO: [HLS 214-131] Inlining function 'ap_int_base<169, false>::ap_int_base(int)' into 'ap_int_base<169, false>::RType<169, false>::arg1 operator>><169, false>(ap_int_base<169, false> const&, int)' (C:\scratch\2022.2\hls_product\608\2022.2\src\shared\hls\clib/include/header_files\ap_int_base.h:1669:558)
INFO: [HLS 214-131] Inlining function '_ZN8ssdm_intILi1ELb0EEC2EDq1_j' into 'ap_int_base<1, false>::ap_int_base(int)' (D:/Xilinx/Vitis_HLS/2022.2/common/technology/autopilot\ap_int_base.h:214:67)
INFO: [HLS 214-131] Inlining function 'ap_int_base<1, false>::ap_int_base(int)' into 'ap_fixed_base<1, 64, false, (ap_q_mode)5, (ap_o_mode)0, 0>::overflow_adjust(bool, bool, bool, bool)' (C:\scratch\2022.2\hls_product\608\2022.2\src\shared\hls\clib/include/header_files\ap_fixed_base.h:357:23)
INFO: [HLS 214-131] Inlining function 'ap_fixed_base<169, 116, false, (ap_q_mode)5, (ap_o_mode)3, 0>::operator!() const' into 'ap_fixed_base<1, 64, false, (ap_q_mode)5, (ap_o_mode)0, 0>& ap_fixed_base<1, 64, false, (ap_q_mode)5, (ap_o_mode)0, 0>::operator=<169, 116, false, (ap_q_mode)5, (ap_o_mode)3, 0>(ap_fixed_base<169, 116, false, (ap_q_mode)5, (ap_o_mode)3, 0> const&)' (C:\scratch\2022.2\hls_product\608\2022.2\src\shared\hls\clib/include/header_files\ap_fixed_base.h:808:9)
INFO: [HLS 214-131] Inlining function 'ap_fixed_base<1, 64, false, (ap_q_mode)5, (ap_o_mode)0, 0>::overflow_adjust(bool, bool, bool, bool)' into 'ap_fixed_base<1, 64, false, (ap_q_mode)5, (ap_o_mode)0, 0>& ap_fixed_base<1, 64, false, (ap_q_mode)5, (ap_o_mode)0, 0>::operator=<169, 116, false, (ap_q_mode)5, (ap_o_mode)3, 0>(ap_fixed_base<169, 116, false, (ap_q_mode)5, (ap_o_mode)3, 0> const&)' (C:\scratch\2022.2\hls_product\608\2022.2\src\shared\hls\clib/include/header_files\ap_fixed_base.h:903:7)
INFO: [HLS 214-131] Inlining function 'bool ap_int_base<169, false>::operator==<169, false>(ap_int_base<169, false> const&) const' into 'ap_fixed_base<1, 64, false, (ap_q_mode)5, (ap_o_mode)0, 0>& ap_fixed_base<1, 64, false, (ap_q_mode)5, (ap_o_mode)0, 0>::operator=<169, 116, false, (ap_q_mode)5, (ap_o_mode)3, 0>(ap_fixed_base<169, 116, false, (ap_q_mode)5, (ap_o_mode)3, 0> const&)' (C:\scratch\2022.2\hls_product\608\2022.2\src\shared\hls\clib/include/header_files\ap_fixed_base.h:877:36)
INFO: [HLS 214-131] Inlining function 'ap_int_base<169, false>::RType<169, false>::arg1 operator>><169, false>(ap_int_base<169, false> const&, int)' into 'ap_fixed_base<1, 64, false, (ap_q_mode)5, (ap_o_mode)0, 0>& ap_fixed_base<1, 64, false, (ap_q_mode)5, (ap_o_mode)0, 0>::operator=<169, 116, false, (ap_q_mode)5, (ap_o_mode)3, 0>(ap_fixed_base<169, 116, false, (ap_q_mode)5, (ap_o_mode)3, 0> const&)' (C:\scratch\2022.2\hls_product\608\2022.2\src\shared\hls\clib/include/header_files\ap_fixed_base.h:877:49)
INFO: [HLS 214-131] Inlining function 'ap_int_base<169, false>::ap_int_base(int)' into 'ap_fixed_base<1, 64, false, (ap_q_mode)5, (ap_o_mode)0, 0>& ap_fixed_base<1, 64, false, (ap_q_mode)5, (ap_o_mode)0, 0>::operator=<169, 116, false, (ap_q_mode)5, (ap_o_mode)3, 0>(ap_fixed_base<169, 116, false, (ap_q_mode)5, (ap_o_mode)3, 0> const&)' (C:\scratch\2022.2\hls_product\608\2022.2\src\shared\hls\clib/include/header_files\ap_fixed_base.h:875:38)
INFO: [HLS 214-131] Inlining function 'bool ap_int_base<169, false>::operator==<169, false>(ap_int_base<169, false> const&) const' into 'ap_fixed_base<1, 64, false, (ap_q_mode)5, (ap_o_mode)0, 0>& ap_fixed_base<1, 64, false, (ap_q_mode)5, (ap_o_mode)0, 0>::operator=<169, 116, false, (ap_q_mode)5, (ap_o_mode)3, 0>(ap_fixed_base<169, 116, false, (ap_q_mode)5, (ap_o_mode)3, 0> const&)' (C:\scratch\2022.2\hls_product\608\2022.2\src\shared\hls\clib/include/header_files\ap_fixed_base.h:869:36)
INFO: [HLS 214-131] Inlining function 'ap_int_base<169, false>::RType<169, false>::arg1 operator>><169, false>(ap_int_base<169, false> const&, int)' into 'ap_fixed_base<1, 64, false, (ap_q_mode)5, (ap_o_mode)0, 0>& ap_fixed_base<1, 64, false, (ap_q_mode)5, (ap_o_mode)0, 0>::operator=<169, 116, false, (ap_q_mode)5, (ap_o_mode)3, 0>(ap_fixed_base<169, 116, false, (ap_q_mode)5, (ap_o_mode)3, 0> const&)' (C:\scratch\2022.2\hls_product\608\2022.2\src\shared\hls\clib/include/header_files\ap_fixed_base.h:869:49)
INFO: [HLS 214-131] Inlining function 'ap_int_base<169, false>::ap_int_base(int)' into 'ap_fixed_base<1, 64, false, (ap_q_mode)5, (ap_o_mode)0, 0>& ap_fixed_base<1, 64, false, (ap_q_mode)5, (ap_o_mode)0, 0>::operator=<169, 116, false, (ap_q_mode)5, (ap_o_mode)3, 0>(ap_fixed_base<169, 116, false, (ap_q_mode)5, (ap_o_mode)3, 0> const&)' (C:\scratch\2022.2\hls_product\608\2022.2\src\shared\hls\clib/include/header_files\ap_fixed_base.h:867:38)
INFO: [HLS 214-131] Inlining function 'ap_int_base<169, false>::ap_int_base(int)' into 'ap_fixed_base<1, 64, false, (ap_q_mode)5, (ap_o_mode)0, 0>& ap_fixed_base<1, 64, false, (ap_q_mode)5, (ap_o_mode)0, 0>::operator=<169, 116, false, (ap_q_mode)5, (ap_o_mode)3, 0>(ap_fixed_base<169, 116, false, (ap_q_mode)5, (ap_o_mode)3, 0> const&)' (C:\scratch\2022.2\hls_product\608\2022.2\src\shared\hls\clib/include/header_files\ap_fixed_base.h:864:36)
INFO: [HLS 214-131] Inlining function '_ZN8ssdm_intILi1ELb0EEC2EDq1_j' into 'ap_fixed_base<1, 64, false, (ap_q_mode)5, (ap_o_mode)0, 0>::ap_fixed_base<169, 116, false, (ap_q_mode)5, (ap_o_mode)3, 0>(ap_fixed_base<169, 116, false, (ap_q_mode)5, (ap_o_mode)3, 0> const&)' (C:\scratch\2022.2\hls_product\608\2022.2\src\shared\hls\clib/include/header_files\ap_fixed_base.h:401:80)
INFO: [HLS 214-131] Inlining function 'ap_fixed_base<1, 64, false, (ap_q_mode)5, (ap_o_mode)0, 0>& ap_fixed_base<1, 64, false, (ap_q_mode)5, (ap_o_mode)0, 0>::operator=<169, 116, false, (ap_q_mode)5, (ap_o_mode)3, 0>(ap_fixed_base<169, 116, false, (ap_q_mode)5, (ap_o_mode)3, 0> const&)' into 'ap_fixed_base<1, 64, false, (ap_q_mode)5, (ap_o_mode)0, 0>::ap_fixed_base<169, 116, false, (ap_q_mode)5, (ap_o_mode)3, 0>(ap_fixed_base<169, 116, false, (ap_q_mode)5, (ap_o_mode)3, 0> const&)' (C:\scratch\2022.2\hls_product\608\2022.2\src\shared\hls\clib/include/header_files\ap_fixed_base.h:403:5)
INFO: [HLS 214-131] Inlining function 'ap_fixed_base<1, 64, false, (ap_q_mode)5, (ap_o_mode)0, 0>::ap_fixed_base<169, 116, false, (ap_q_mode)5, (ap_o_mode)3, 0>(ap_fixed_base<169, 116, false, (ap_q_mode)5, (ap_o_mode)3, 0> const&)' into 'ap_ufixed<1, 64, (ap_q_mode)5, (ap_o_mode)0, 0>::ap_ufixed<169, 116, false, (ap_q_mode)5, (ap_o_mode)3, 0>(ap_fixed_base<169, 116, false, (ap_q_mode)5, (ap_o_mode)3, 0> const&)'
INFO: [HLS 214-131] Inlining function 'ap_fixed_base<169, 116, false, (ap_q_mode)5, (ap_o_mode)3, 0>::operator!() const' into 'ap_fixed_base<64, 64, false, (ap_q_mode)6, (ap_o_mode)3, 0>& ap_fixed_base<64, 64, false, (ap_q_mode)6, (ap_o_mode)3, 0>::operator=<169, 116, false, (ap_q_mode)5, (ap_o_mode)3, 0>(ap_fixed_base<169, 116, false, (ap_q_mode)5, (ap_o_mode)3, 0> const&)' (C:\scratch\2022.2\hls_product\608\2022.2\src\shared\hls\clib/include/header_files\ap_fixed_base.h:808:9)
INFO: [HLS 214-131] Inlining function 'ssdm_int<64, false>::ssdm_int(unsigned long)' into 'ap_fixed_base<64, 64, false, (ap_q_mode)6, (ap_o_mode)3, 0>::ap_fixed_base<169, 116, false, (ap_q_mode)5, (ap_o_mode)3, 0>(ap_fixed_base<169, 116, false, (ap_q_mode)5, (ap_o_mode)3, 0> const&)' (C:\scratch\2022.2\hls_product\608\2022.2\src\shared\hls\clib/include/header_files\ap_fixed_base.h:401:80)
INFO: [HLS 214-131] Inlining function 'ap_fixed_base<64, 64, false, (ap_q_mode)6, (ap_o_mode)3, 0>& ap_fixed_base<64, 64, false, (ap_q_mode)6, (ap_o_mode)3, 0>::operator=<169, 116, false, (ap_q_mode)5, (ap_o_mode)3, 0>(ap_fixed_base<169, 116, false, (ap_q_mode)5, (ap_o_mode)3, 0> const&)' into 'ap_fixed_base<64, 64, false, (ap_q_mode)6, (ap_o_mode)3, 0>::ap_fixed_base<169, 116, false, (ap_q_mode)5, (ap_o_mode)3, 0>(ap_fixed_base<169, 116, false, (ap_q_mode)5, (ap_o_mode)3, 0> const&)' (C:\scratch\2022.2\hls_product\608\2022.2\src\shared\hls\clib/include/header_files\ap_fixed_base.h:403:5)
INFO: [HLS 214-131] Inlining function 'ap_fixed_base<64, 64, false, (ap_q_mode)6, (ap_o_mode)3, 0>::ap_fixed_base<169, 116, false, (ap_q_mode)5, (ap_o_mode)3, 0>(ap_fixed_base<169, 116, false, (ap_q_mode)5, (ap_o_mode)3, 0> const&)' into 'ap_ufixed<64, 64, (ap_q_mode)6, (ap_o_mode)3, 0>::ap_ufixed<169, 116, false, (ap_q_mode)5, (ap_o_mode)3, 0>(ap_fixed_base<169, 116, false, (ap_q_mode)5, (ap_o_mode)3, 0> const&)'
INFO: [HLS 214-131] Inlining function 'ap_fixed_base<1, 64, false, (ap_q_mode)5, (ap_o_mode)0, 0>::operator!() const' into 'ap_fixed_base<65, 65, false, (ap_q_mode)5, (ap_o_mode)0, 0>& ap_fixed_base<65, 65, false, (ap_q_mode)5, (ap_o_mode)0, 0>::operator=<1, 64, false, (ap_q_mode)5, (ap_o_mode)0, 0>(ap_fixed_base<1, 64, false, (ap_q_mode)5, (ap_o_mode)0, 0> const&)' (C:\scratch\2022.2\hls_product\608\2022.2\src\shared\hls\clib/include/header_files\ap_fixed_base.h:808:9)
INFO: [HLS 214-131] Inlining function '_ZN8ssdm_intILi65ELb0EEC2EDq65_j' into 'ap_fixed_base<65, 65, false, (ap_q_mode)5, (ap_o_mode)0, 0>::ap_fixed_base<1, 64, false, (ap_q_mode)5, (ap_o_mode)0, 0>(ap_fixed_base<1, 64, false, (ap_q_mode)5, (ap_o_mode)0, 0> const&)' (C:\scratch\2022.2\hls_product\608\2022.2\src\shared\hls\clib/include/header_files\ap_fixed_base.h:401:80)
INFO: [HLS 214-131] Inlining function 'ap_fixed_base<65, 65, false, (ap_q_mode)5, (ap_o_mode)0, 0>& ap_fixed_base<65, 65, false, (ap_q_mode)5, (ap_o_mode)0, 0>::operator=<1, 64, false, (ap_q_mode)5, (ap_o_mode)0, 0>(ap_fixed_base<1, 64, false, (ap_q_mode)5, (ap_o_mode)0, 0> const&)' into 'ap_fixed_base<65, 65, false, (ap_q_mode)5, (ap_o_mode)0, 0>::ap_fixed_base<1, 64, false, (ap_q_mode)5, (ap_o_mode)0, 0>(ap_fixed_base<1, 64, false, (ap_q_mode)5, (ap_o_mode)0, 0> const&)' (C:\scratch\2022.2\hls_product\608\2022.2\src\shared\hls\clib/include/header_files\ap_fixed_base.h:403:5)
INFO: [HLS 214-131] Inlining function 'ap_fixed_base<65, 65, false, (ap_q_mode)5, (ap_o_mode)0, 0>::ap_fixed_base<1, 64, false, (ap_q_mode)5, (ap_o_mode)0, 0>(ap_fixed_base<1, 64, false, (ap_q_mode)5, (ap_o_mode)0, 0> const&)' into 'bool ap_fixed_base<1, 64, false, (ap_q_mode)5, (ap_o_mode)0, 0>::operator!=<32, 32, true, (ap_q_mode)5, (ap_o_mode)3, 0>(ap_fixed_base<32, 32, true, (ap_q_mode)5, (ap_o_mode)3, 0> const&) const' (C:\scratch\2022.2\hls_product\608\2022.2\src\shared\hls\clib/include/header_files\ap_fixed_base.h:1654:505)
INFO: [HLS 214-131] Inlining function 'ap_fixed_base<32, 32, true, (ap_q_mode)5, (ap_o_mode)3, 0>::ap_fixed_base(int)' into 'bool operator!=<1, 64, false, (ap_q_mode)5, (ap_o_mode)0, 0>(ap_fixed_base<1, 64, false, (ap_q_mode)5, (ap_o_mode)0, 0> const&, int)' (C:\scratch\2022.2\hls_product\608\2022.2\src\shared\hls\clib/include/header_files\ap_fixed_base.h:2376:13043)
INFO: [HLS 214-131] Inlining function 'bool ap_fixed_base<1, 64, false, (ap_q_mode)5, (ap_o_mode)0, 0>::operator!=<32, 32, true, (ap_q_mode)5, (ap_o_mode)3, 0>(ap_fixed_base<32, 32, true, (ap_q_mode)5, (ap_o_mode)3, 0> const&) const' into 'bool operator!=<1, 64, false, (ap_q_mode)5, (ap_o_mode)0, 0>(ap_fixed_base<1, 64, false, (ap_q_mode)5, (ap_o_mode)0, 0> const&, int)' (C:\scratch\2022.2\hls_product\608\2022.2\src\shared\hls\clib/include/header_files\ap_fixed_base.h:2376:13031)
INFO: [HLS 214-131] Inlining function 'ssdm_int<64, true>::ssdm_int(long)' into 'ap_int_base<64, true>::ap_int_base(int)' (C:\scratch\2022.2\hls_product\608\2022.2\src\shared\hls\clib/include/header_files\ap_int_base.h:214:67)
INFO: [HLS 214-131] Inlining function 'ap_int_base<64, true>::ap_int_base(int)' into 'ap_int<64>::ap_int(int)'
INFO: [HLS 214-131] Inlining function 'ap_bit_ref<64, true>::ap_bit_ref(ap_int_base<64, true>*, int)' into 'ap_int_base<64, true>::operator[](int)' (C:\scratch\2022.2\hls_product\608\2022.2\src\shared\hls\clib/include/header_files\ap_int_base.h:1129:30)
INFO: [HLS 214-131] Inlining function 'ap_fixed_base<1, 64, false, (ap_q_mode)5, (ap_o_mode)0, 0>::operator!() const' into 'ap_fixed_base<64, 64, false, (ap_q_mode)5, (ap_o_mode)0, 0>& ap_fixed_base<64, 64, false, (ap_q_mode)5, (ap_o_mode)0, 0>::operator=<1, 64, false, (ap_q_mode)5, (ap_o_mode)0, 0>(ap_fixed_base<1, 64, false, (ap_q_mode)5, (ap_o_mode)0, 0> const&)' (C:\scratch\2022.2\hls_product\608\2022.2\src\shared\hls\clib/include/header_files\ap_fixed_base.h:808:9)
INFO: [HLS 214-131] Inlining function 'ssdm_int<64, false>::ssdm_int(unsigned long)' into 'ap_fixed_base<64, 64, false, (ap_q_mode)5, (ap_o_mode)0, 0>::ap_fixed_base<1, 64, false, (ap_q_mode)5, (ap_o_mode)0, 0>(ap_fixed_base<1, 64, false, (ap_q_mode)5, (ap_o_mode)0, 0> const&)' (C:\scratch\2022.2\hls_product\608\2022.2\src\shared\hls\clib/include/header_files\ap_fixed_base.h:401:80)
INFO: [HLS 214-131] Inlining function 'ap_fixed_base<64, 64, false, (ap_q_mode)5, (ap_o_mode)0, 0>& ap_fixed_base<64, 64, false, (ap_q_mode)5, (ap_o_mode)0, 0>::operator=<1, 64, false, (ap_q_mode)5, (ap_o_mode)0, 0>(ap_fixed_base<1, 64, false, (ap_q_mode)5, (ap_o_mode)0, 0> const&)' into 'ap_fixed_base<64, 64, false, (ap_q_mode)5, (ap_o_mode)0, 0>::ap_fixed_base<1, 64, false, (ap_q_mode)5, (ap_o_mode)0, 0>(ap_fixed_base<1, 64, false, (ap_q_mode)5, (ap_o_mode)0, 0> const&)' (C:\scratch\2022.2\hls_product\608\2022.2\src\shared\hls\clib/include/header_files\ap_fixed_base.h:403:5)
INFO: [HLS 214-131] Inlining function 'ap_fixed_base<64, 64, false, (ap_q_mode)5, (ap_o_mode)0, 0>::ap_fixed_base<1, 64, false, (ap_q_mode)5, (ap_o_mode)0, 0>(ap_fixed_base<1, 64, false, (ap_q_mode)5, (ap_o_mode)0, 0> const&)' into 'bool ap_fixed_base<32, 32, true, (ap_q_mode)5, (ap_o_mode)3, 0>::operator==<1, 64, false, (ap_q_mode)5, (ap_o_mode)0, 0>(ap_fixed_base<1, 64, false, (ap_q_mode)5, (ap_o_mode)0, 0> const&) const' (C:\scratch\2022.2\hls_product\608\2022.2\src\shared\hls\clib/include/header_files\ap_fixed_base.h:1653:370)
INFO: [HLS 214-131] Inlining function 'ap_fixed_base<32, 32, true, (ap_q_mode)5, (ap_o_mode)3, 0>::ap_fixed_base(int)' into 'bool operator==<1, 64, false, (ap_q_mode)5, (ap_o_mode)0, 0>(int, ap_fixed_base<1, 64, false, (ap_q_mode)5, (ap_o_mode)0, 0> const&)' (C:\scratch\2022.2\hls_product\608\2022.2\src\shared\hls\clib/include/header_files\ap_fixed_base.h:2376:12718)
INFO: [HLS 214-131] Inlining function 'bool ap_fixed_base<32, 32, true, (ap_q_mode)5, (ap_o_mode)3, 0>::operator==<1, 64, false, (ap_q_mode)5, (ap_o_mode)0, 0>(ap_fixed_base<1, 64, false, (ap_q_mode)5, (ap_o_mode)0, 0> const&) const' into 'bool operator==<1, 64, false, (ap_q_mode)5, (ap_o_mode)0, 0>(int, ap_fixed_base<1, 64, false, (ap_q_mode)5, (ap_o_mode)0, 0> const&)' (C:\scratch\2022.2\hls_product\608\2022.2\src\shared\hls\clib/include/header_files\ap_fixed_base.h:2376:12778)
INFO: [HLS 214-131] Inlining function 'ap_int_base<32, true>::ap_int_base(int)' into 'bool operator!=<52, false>(int, ap_int_base<52, false> const&)' (C:\scratch\2022.2\hls_product\608\2022.2\src\shared\hls\clib/include/header_files\ap_int_base.h:1788:2037)
INFO: [HLS 214-131] Inlining function 'bool ap_int_base<32, true>::operator!=<52, false>(ap_int_base<52, false> const&) const' into 'bool operator!=<52, false>(int, ap_int_base<52, false> const&)' (C:\scratch\2022.2\hls_product\608\2022.2\src\shared\hls\clib/include/header_files\ap_int_base.h:1788:2075)
INFO: [HLS 214-131] Inlining function 'ap_fixed_base<64, 64, false, (ap_q_mode)6, (ap_o_mode)3, 0>::operator!() const' into 'ap_fixed_base<64, 64, true, (ap_q_mode)5, (ap_o_mode)3, 0>& ap_fixed_base<64, 64, true, (ap_q_mode)5, (ap_o_mode)3, 0>::operator=<64, 64, false, (ap_q_mode)6, (ap_o_mode)3, 0>(ap_fixed_base<64, 64, false, (ap_q_mode)6, (ap_o_mode)3, 0> const&)' (C:\scratch\2022.2\hls_product\608\2022.2\src\shared\hls\clib/include/header_files\ap_fixed_base.h:808:9)
INFO: [HLS 214-131] Inlining function 'ssdm_int<64, true>::ssdm_int(long)' into 'ap_fixed_base<64, 64, true, (ap_q_mode)5, (ap_o_mode)3, 0>::ap_fixed_base<64, 64, false, (ap_q_mode)6, (ap_o_mode)3, 0>(ap_fixed_base<64, 64, false, (ap_q_mode)6, (ap_o_mode)3, 0> const&)' (C:\scratch\2022.2\hls_product\608\2022.2\src\shared\hls\clib/include/header_files\ap_fixed_base.h:401:80)
INFO: [HLS 214-131] Inlining function 'ap_fixed_base<64, 64, true, (ap_q_mode)5, (ap_o_mode)3, 0>& ap_fixed_base<64, 64, true, (ap_q_mode)5, (ap_o_mode)3, 0>::operator=<64, 64, false, (ap_q_mode)6, (ap_o_mode)3, 0>(ap_fixed_base<64, 64, false, (ap_q_mode)6, (ap_o_mode)3, 0> const&)' into 'ap_fixed_base<64, 64, true, (ap_q_mode)5, (ap_o_mode)3, 0>::ap_fixed_base<64, 64, false, (ap_q_mode)6, (ap_o_mode)3, 0>(ap_fixed_base<64, 64, false, (ap_q_mode)6, (ap_o_mode)3, 0> const&)' (C:\scratch\2022.2\hls_product\608\2022.2\src\shared\hls\clib/include/header_files\ap_fixed_base.h:403:5)
INFO: [HLS 214-131] Inlining function 'ap_fixed_base<64, 64, true, (ap_q_mode)5, (ap_o_mode)3, 0>::ap_fixed_base<64, 64, false, (ap_q_mode)6, (ap_o_mode)3, 0>(ap_fixed_base<64, 64, false, (ap_q_mode)6, (ap_o_mode)3, 0> const&)' into 'ap_fixed<64, 64, (ap_q_mode)5, (ap_o_mode)3, 0>::ap_fixed<64, 64, false, (ap_q_mode)6, (ap_o_mode)3, 0>(ap_fixed_base<64, 64, false, (ap_q_mode)6, (ap_o_mode)3, 0> const&)'
INFO: [HLS 214-131] Inlining function 'ap_fixed_base<64, 64, false, (ap_q_mode)6, (ap_o_mode)3, 0>::operator!() const' into 'ap_fixed_base<65, 65, true, (ap_q_mode)5, (ap_o_mode)3, 0>& ap_fixed_base<65, 65, true, (ap_q_mode)5, (ap_o_mode)3, 0>::operator=<64, 64, false, (ap_q_mode)6, (ap_o_mode)3, 0>(ap_fixed_base<64, 64, false, (ap_q_mode)6, (ap_o_mode)3, 0> const&)' (C:\scratch\2022.2\hls_product\608\2022.2\src\shared\hls\clib/include/header_files\ap_fixed_base.h:808:9)
INFO: [HLS 214-131] Inlining function '_ZN8ssdm_intILi65ELb1EEC2EDq65_i' into 'ap_fixed_base<65, 65, true, (ap_q_mode)5, (ap_o_mode)3, 0>::ap_fixed_base<64, 64, false, (ap_q_mode)6, (ap_o_mode)3, 0>(ap_fixed_base<64, 64, false, (ap_q_mode)6, (ap_o_mode)3, 0> const&)' (C:\scratch\2022.2\hls_product\608\2022.2\src\shared\hls\clib/include/header_files\ap_fixed_base.h:401:80)
INFO: [HLS 214-131] Inlining function 'ap_fixed_base<65, 65, true, (ap_q_mode)5, (ap_o_mode)3, 0>& ap_fixed_base<65, 65, true, (ap_q_mode)5, (ap_o_mode)3, 0>::operator=<64, 64, false, (ap_q_mode)6, (ap_o_mode)3, 0>(ap_fixed_base<64, 64, false, (ap_q_mode)6, (ap_o_mode)3, 0> const&)' into 'ap_fixed_base<65, 65, true, (ap_q_mode)5, (ap_o_mode)3, 0>::ap_fixed_base<64, 64, false, (ap_q_mode)6, (ap_o_mode)3, 0>(ap_fixed_base<64, 64, false, (ap_q_mode)6, (ap_o_mode)3, 0> const&)' (C:\scratch\2022.2\hls_product\608\2022.2\src\shared\hls\clib/include/header_files\ap_fixed_base.h:403:5)
INFO: [HLS 214-131] Inlining function 'ap_fixed_base<65, 65, true, (ap_q_mode)5, (ap_o_mode)3, 0>::ap_fixed_base<64, 64, false, (ap_q_mode)6, (ap_o_mode)3, 0>(ap_fixed_base<64, 64, false, (ap_q_mode)6, (ap_o_mode)3, 0> const&)' into 'ap_fixed_base<64, 64, false, (ap_q_mode)6, (ap_o_mode)3, 0>::operator-() const' (C:\scratch\2022.2\hls_product\608\2022.2\src\shared\hls\clib/include/header_files\ap_fixed_base.h:1407:47)
INFO: [HLS 214-131] Inlining function 'ap_fixed_base<65, 65, true, (ap_q_mode)5, (ap_o_mode)3, 0>::operator!() const' into 'ap_fixed_base<64, 64, true, (ap_q_mode)5, (ap_o_mode)3, 0>& ap_fixed_base<64, 64, true, (ap_q_mode)5, (ap_o_mode)3, 0>::operator=<65, 65, true, (ap_q_mode)5, (ap_o_mode)3, 0>(ap_fixed_base<65, 65, true, (ap_q_mode)5, (ap_o_mode)3, 0> const&)' (C:\scratch\2022.2\hls_product\608\2022.2\src\shared\hls\clib/include/header_files\ap_fixed_base.h:808:9)
INFO: [HLS 214-131] Inlining function 'ssdm_int<64, true>::ssdm_int(long)' into 'ap_fixed_base<64, 64, true, (ap_q_mode)5, (ap_o_mode)3, 0>::ap_fixed_base<65, 65, true, (ap_q_mode)5, (ap_o_mode)3, 0>(ap_fixed_base<65, 65, true, (ap_q_mode)5, (ap_o_mode)3, 0> const&)' (C:\scratch\2022.2\hls_product\608\2022.2\src\shared\hls\clib/include/header_files\ap_fixed_base.h:401:80)
INFO: [HLS 214-131] Inlining function 'ap_fixed_base<64, 64, true, (ap_q_mode)5, (ap_o_mode)3, 0>& ap_fixed_base<64, 64, true, (ap_q_mode)5, (ap_o_mode)3, 0>::operator=<65, 65, true, (ap_q_mode)5, (ap_o_mode)3, 0>(ap_fixed_base<65, 65, true, (ap_q_mode)5, (ap_o_mode)3, 0> const&)' into 'ap_fixed_base<64, 64, true, (ap_q_mode)5, (ap_o_mode)3, 0>::ap_fixed_base<65, 65, true, (ap_q_mode)5, (ap_o_mode)3, 0>(ap_fixed_base<65, 65, true, (ap_q_mode)5, (ap_o_mode)3, 0> const&)' (C:\scratch\2022.2\hls_product\608\2022.2\src\shared\hls\clib/include/header_files\ap_fixed_base.h:403:5)
INFO: [HLS 214-131] Inlining function 'ap_fixed_base<64, 64, true, (ap_q_mode)5, (ap_o_mode)3, 0>::ap_fixed_base<65, 65, true, (ap_q_mode)5, (ap_o_mode)3, 0>(ap_fixed_base<65, 65, true, (ap_q_mode)5, (ap_o_mode)3, 0> const&)' into 'ap_fixed<64, 64, (ap_q_mode)5, (ap_o_mode)3, 0>::ap_fixed<65, 65, true, (ap_q_mode)5, (ap_o_mode)3, 0>(ap_fixed_base<65, 65, true, (ap_q_mode)5, (ap_o_mode)3, 0> const&)'
INFO: [HLS 214-131] Inlining function 'ap_int_base<64, true>::ap_int_base(int)' into 'ap_fixed_base<64, 64, true, (ap_q_mode)5, (ap_o_mode)3, 0>::to_ap_int_base(bool) const' (C:\scratch\2022.2\hls_product\608\2022.2\src\shared\hls\clib/include/header_files\ap_fixed_base.h:983:57)
INFO: [HLS 214-131] Inlining function 'ap_fixed_base<64, 64, true, (ap_q_mode)5, (ap_o_mode)3, 0>::to_ap_int_base(bool) const' into 'ap_fixed_base<64, 64, true, (ap_q_mode)5, (ap_o_mode)3, 0>::to_int64() const' (C:\scratch\2022.2\hls_product\608\2022.2\src\shared\hls\clib/include/header_files\ap_fixed_base.h:1026:96)
INFO: [HLS 214-131] Inlining function 'ap_int_base<64, true>::to_int64() const' into 'ap_fixed_base<64, 64, true, (ap_q_mode)5, (ap_o_mode)3, 0>::to_int64() const' (C:\scratch\2022.2\hls_product\608\2022.2\src\shared\hls\clib/include/header_files\ap_fixed_base.h:1026:113)
INFO: [HLS 214-131] Inlining function 'ap_fixed_base<64, 64, true, (ap_q_mode)5, (ap_o_mode)3, 0>::to_int64() const' into 'ap_fixed_base<64, 64, true, (ap_q_mode)5, (ap_o_mode)3, 0>::operator long long() const' (C:\scratch\2022.2\hls_product\608\2022.2\src\shared\hls\clib/include/header_files\ap_fixed_base.h:1214:96)
INFO: [HLS 214-131] Inlining function 'ap_fixed_base<64, 64, true, (ap_q_mode)5, (ap_o_mode)3, 0>::operator long long() const' into 'long long generic_cast_IEEE754<long long, (ap_q_mode)6, double>(double, bool, hls::enable_if<std::numeric_limits<long long>::is_signed, bool>::type)' (C:\scratch\2022.2\hls_product\608\2022.2\src\shared\hls\clib/hlsmath/include/FloatingPoint\hls_case_IEEE754.h:61:9)
INFO: [HLS 214-131] Inlining function 'ap_fixed_base<64, 64, false, (ap_q_mode)6, (ap_o_mode)3, 0>::operator-() const' into 'long long generic_cast_IEEE754<long long, (ap_q_mode)6, double>(double, bool, hls::enable_if<std::numeric_limits<long long>::is_signed, bool>::type)' (C:\scratch\2022.2\hls_product\608\2022.2\src\shared\hls\clib/hlsmath/include/FloatingPoint\hls_case_IEEE754.h:59:30)
INFO: [HLS 214-131] Inlining function 'ap_fixed_base<169, 116, false, (ap_q_mode)5, (ap_o_mode)3, 0>::operator<<(int) const' into 'long long generic_cast_IEEE754<long long, (ap_q_mode)6, double>(double, bool, hls::enable_if<std::numeric_limits<long long>::is_signed, bool>::type)' (C:\scratch\2022.2\hls_product\608\2022.2\src\shared\hls\clib/hlsmath/include/FloatingPoint\hls_case_IEEE754.h:18:73)
INFO: [HLS 214-131] Inlining function 'ap_int_base<64, true>::operator long long() const' into 'long long generic_cast_IEEE754<long long, (ap_q_mode)6, double>(double, bool, hls::enable_if<std::numeric_limits<long long>::is_signed, bool>::type)' (C:\scratch\2022.2\hls_product\608\2022.2\src\shared\hls\clib/hlsmath/include/FloatingPoint\hls_case_IEEE754.h:47:17)
INFO: [HLS 214-131] Inlining function 'ap_int_base<64, true>::operator long long() const' into 'long long generic_cast_IEEE754<long long, (ap_q_mode)6, double>(double, bool, hls::enable_if<std::numeric_limits<long long>::is_signed, bool>::type)' (C:\scratch\2022.2\hls_product\608\2022.2\src\shared\hls\clib/hlsmath/include/FloatingPoint\hls_case_IEEE754.h:44:17)
INFO: [HLS 214-131] Inlining function 'bool operator==<11, false>(ap_int_base<11, false> const&, int)' into 'long long generic_cast_IEEE754<long long, (ap_q_mode)6, double>(double, bool, hls::enable_if<std::numeric_limits<long long>::is_signed, bool>::type)' (C:\scratch\2022.2\hls_product\608\2022.2\src\shared\hls\clib/hlsmath/include/FloatingPoint\hls_case_IEEE754.h:42:54)
INFO: [HLS 214-131] Inlining function 'bool operator!=<52, false>(int, ap_int_base<52, false> const&)' into 'long long generic_cast_IEEE754<long long, (ap_q_mode)6, double>(double, bool, hls::enable_if<std::numeric_limits<long long>::is_signed, bool>::type)' (C:\scratch\2022.2\hls_product\608\2022.2\src\shared\hls\clib/hlsmath/include/FloatingPoint\hls_case_IEEE754.h:42:34)
INFO: [HLS 214-131] Inlining function 'bool operator==<1, 64, false, (ap_q_mode)5, (ap_o_mode)0, 0>(int, ap_fixed_base<1, 64, false, (ap_q_mode)5, (ap_o_mode)0, 0> const&)' into 'long long generic_cast_IEEE754<long long, (ap_q_mode)6, double>(double, bool, hls::enable_if<std::numeric_limits<long long>::is_signed, bool>::type)' (C:\scratch\2022.2\hls_product\608\2022.2\src\shared\hls\clib/hlsmath/include/FloatingPoint\hls_case_IEEE754.h:42:12)
INFO: [HLS 214-131] Inlining function 'ap_bit_ref<64, true>::operator=(int)' into 'long long generic_cast_IEEE754<long long, (ap_q_mode)6, double>(double, bool, hls::enable_if<std::numeric_limits<long long>::is_signed, bool>::type)' (C:\scratch\2022.2\hls_product\608\2022.2\src\shared\hls\clib/hlsmath/include/FloatingPoint\hls_case_IEEE754.h:38:24)
INFO: [HLS 214-131] Inlining function 'ap_int_base<64, true>::operator[](int)' into 'long long generic_cast_IEEE754<long long, (ap_q_mode)6, double>(double, bool, hls::enable_if<std::numeric_limits<long long>::is_signed, bool>::type)' (C:\scratch\2022.2\hls_product\608\2022.2\src\shared\hls\clib/hlsmath/include/FloatingPoint\hls_case_IEEE754.h:38:2)
INFO: [HLS 214-131] Inlining function 'ap_bit_ref<64, true>::operator=(int)' into 'long long generic_cast_IEEE754<long long, (ap_q_mode)6, double>(double, bool, hls::enable_if<std::numeric_limits<long long>::is_signed, bool>::type)' (C:\scratch\2022.2\hls_product\608\2022.2\src\shared\hls\clib/hlsmath/include/FloatingPoint\hls_case_IEEE754.h:36:24)
INFO: [HLS 214-131] Inlining function 'ap_int_base<64, true>::operator[](int)' into 'long long generic_cast_IEEE754<long long, (ap_q_mode)6, double>(double, bool, hls::enable_if<std::numeric_limits<long long>::is_signed, bool>::type)' (C:\scratch\2022.2\hls_product\608\2022.2\src\shared\hls\clib/hlsmath/include/FloatingPoint\hls_case_IEEE754.h:36:2)
INFO: [HLS 214-131] Inlining function 'bool operator!=<1, 64, false, (ap_q_mode)5, (ap_o_mode)0, 0>(ap_fixed_base<1, 64, false, (ap_q_mode)5, (ap_o_mode)0, 0> const&, int)' into 'long long generic_cast_IEEE754<long long, (ap_q_mode)6, double>(double, bool, hls::enable_if<std::numeric_limits<long long>::is_signed, bool>::type)' (C:\scratch\2022.2\hls_product\608\2022.2\src\shared\hls\clib/hlsmath/include/FloatingPoint\hls_case_IEEE754.h:32:96)
INFO: [HLS 214-131] Inlining function 'ssdm_int<64, true>::ssdm_int(long)' into 'ap_int_base<64, true>::ap_int_base(long)' (D:/Xilinx/Vitis_HLS/2022.2/common/technology/autopilot\ap_int_base.h:216:68)
INFO: [HLS 214-131] Inlining function '_ZN8ssdm_intILi65ELb1EEC2EDq65_i' into 'ap_int_base<65, true>::ap_int_base<11, false>(ap_int_base<11, false> const&)' (D:/Xilinx/Vitis_HLS/2022.2/common/technology/autopilot\ap_int_base.h:185:106)
INFO: [HLS 214-131] Inlining function '_ZN8ssdm_intILi65ELb1EEC2EDq65_i' into 'ap_int_base<65, true>::ap_int_base<64, true>(ap_int_base<64, true> const&)' (D:/Xilinx/Vitis_HLS/2022.2/common/technology/autopilot\ap_int_base.h:185:106)
INFO: [HLS 214-131] Inlining function '_ZN8ssdm_intILi65ELb1EEC2EDq65_i' into 'ap_int_base<65, true>::ap_int_base(int)' (D:/Xilinx/Vitis_HLS/2022.2/common/technology/autopilot\ap_int_base.h:214:67)
INFO: [HLS 214-131] Inlining function 'ap_int_base<65, true>::ap_int_base<11, false>(ap_int_base<11, false> const&)' into 'ap_int_base<11, false>::RType<64, true>::minus operator-<11, false, 64, true>(ap_int_base<11, false> const&, ap_int_base<64, true> const&)' (D:/Xilinx/Vitis_HLS/2022.2/common/technology/autopilot\ap_int_base.h:1496:341)
INFO: [HLS 214-131] Inlining function 'ap_int_base<65, true>::ap_int_base(int)' into 'ap_int_base<11, false>::RType<64, true>::minus operator-<11, false, 64, true>(ap_int_base<11, false> const&, ap_int_base<64, true> const&)' (D:/Xilinx/Vitis_HLS/2022.2/common/technology/autopilot\ap_int_base.h:1496:520)
INFO: [HLS 214-131] Inlining function 'ap_int_base<65, true>::ap_int_base<64, true>(ap_int_base<64, true> const&)' into 'ap_int_base<11, false>::RType<64, true>::minus operator-<11, false, 64, true>(ap_int_base<11, false> const&, ap_int_base<64, true> const&)' (D:/Xilinx/Vitis_HLS/2022.2/common/technology/autopilot\ap_int_base.h:1496:430)
INFO: [HLS 214-131] Inlining function 'ap_int_base<64, true>::ap_int_base(long)' into 'ap_int_base<11, false>::RType<($_0)64, true>::minus operator-<11, false>(ap_int_base<11, false> const&, long)' (D:/Xilinx/Vitis_HLS/2022.2/common/technology/autopilot\ap_int_base.h:1635:1548)
INFO: [HLS 214-131] Inlining function 'ap_int_base<11, false>::RType<64, true>::minus operator-<11, false, 64, true>(ap_int_base<11, false> const&, ap_int_base<64, true> const&)' into 'ap_int_base<11, false>::RType<($_0)64, true>::minus operator-<11, false>(ap_int_base<11, false> const&, long)' (D:/Xilinx/Vitis_HLS/2022.2/common/technology/autopilot\ap_int_base.h:1635:1546)
INFO: [HLS 214-131] Inlining function '_ZN8ssdm_intILi55ELb1EEC2EDq55_i' into 'ap_int_base<55, true>::ap_int_base<1, false>(ap_int_base<1, false> const&)' (D:/Xilinx/Vitis_HLS/2022.2/common/technology/autopilot\ap_int_base.h:185:106)
INFO: [HLS 214-131] Inlining function '_ZN8ssdm_intILi55ELb1EEC2EDq55_i' into 'ap_int_base<55, true>::ap_int_base<54, true>(ap_int_base<54, true> const&)' (D:/Xilinx/Vitis_HLS/2022.2/common/technology/autopilot\ap_int_base.h:185:106)
INFO: [HLS 214-131] Inlining function '_ZN8ssdm_intILi55ELb1EEC2EDq55_i' into 'ap_int_base<55, true>::ap_int_base(int)' (D:/Xilinx/Vitis_HLS/2022.2/common/technology/autopilot\ap_int_base.h:214:67)
INFO: [HLS 214-131] Inlining function 'ap_int_base<55, true>::ap_int_base<1, false>(ap_int_base<1, false> const&)' into 'ap_int_base<1, false>::RType<54, true>::minus operator-<1, false, 54, true>(ap_int_base<1, false> const&, ap_int_base<54, true> const&)' (D:/Xilinx/Vitis_HLS/2022.2/common/technology/autopilot\ap_int_base.h:1496:341)
INFO: [HLS 214-131] Inlining function 'ap_int_base<55, true>::ap_int_base(int)' into 'ap_int_base<1, false>::RType<54, true>::minus operator-<1, false, 54, true>(ap_int_base<1, false> const&, ap_int_base<54, true> const&)' (D:/Xilinx/Vitis_HLS/2022.2/common/technology/autopilot\ap_int_base.h:1496:520)
INFO: [HLS 214-131] Inlining function 'ap_int_base<55, true>::ap_int_base<54, true>(ap_int_base<54, true> const&)' into 'ap_int_base<1, false>::RType<54, true>::minus operator-<1, false, 54, true>(ap_int_base<1, false> const&, ap_int_base<54, true> const&)' (D:/Xilinx/Vitis_HLS/2022.2/common/technology/autopilot\ap_int_base.h:1496:430)
INFO: [HLS 214-131] Inlining function 'ap_int_base<1, false>::ap_int_base(int)' into 'ap_int_base<54, true>::operator-() const' (D:/Xilinx/Vitis_HLS/2022.2/common/technology/autopilot\ap_int_base.h:895:12)
INFO: [HLS 214-131] Inlining function 'ap_int_base<1, false>::RType<54, true>::minus operator-<1, false, 54, true>(ap_int_base<1, false> const&, ap_int_base<54, true> const&)' into 'ap_int_base<54, true>::operator-() const' (D:/Xilinx/Vitis_HLS/2022.2/common/technology/autopilot\ap_int_base.h:895:37)
INFO: [HLS 214-131] Inlining function 'doubleToRawBits(double)' into 'ap_fixed_base<16, 8, true, (ap_q_mode)5, (ap_o_mode)3, 0>::ap_fixed_base(double)' (D:/Xilinx/Vitis_HLS/2022.2/common/technology/autopilot\ap_fixed_base.h:545:14)
INFO: [HLS 214-131] Inlining function 'ap_int_base<54, true>& ap_int_base<54, true>::operator=<55, true>(ap_int_base<55, true> const&)' into 'ap_fixed_base<16, 8, true, (ap_q_mode)5, (ap_o_mode)3, 0>::ap_fixed_base(double)' (D:/Xilinx/Vitis_HLS/2022.2/common/technology/autopilot\ap_fixed_base.h:559:20)
INFO: [HLS 214-131] Inlining function 'ap_int_base<54, true>::operator-() const' into 'ap_fixed_base<16, 8, true, (ap_q_mode)5, (ap_o_mode)3, 0>::ap_fixed_base(double)' (D:/Xilinx/Vitis_HLS/2022.2/common/technology/autopilot\ap_fixed_base.h:559:22)
INFO: [HLS 214-131] Inlining function 'ap_int_base<12, true>& ap_int_base<12, true>::operator=<65, true>(ap_int_base<65, true> const&)' into 'ap_fixed_base<16, 8, true, (ap_q_mode)5, (ap_o_mode)3, 0>::ap_fixed_base(double)' (D:/Xilinx/Vitis_HLS/2022.2/common/technology/autopilot\ap_fixed_base.h:552:9)
INFO: [HLS 214-131] Inlining function 'ap_int_base<11, false>::RType<($_0)64, true>::minus operator-<11, false>(ap_int_base<11, false> const&, long)' into 'ap_fixed_base<16, 8, true, (ap_q_mode)5, (ap_o_mode)3, 0>::ap_fixed_base(double)' (D:/Xilinx/Vitis_HLS/2022.2/common/technology/autopilot\ap_fixed_base.h:552:19)
INFO: [HLS 214-131] Inlining function 'ap_fixed_base<16, 8, true, (ap_q_mode)5, (ap_o_mode)3, 0>::to_double() const' into 'conv3x3_core(ap_fixed<16, 8, (ap_q_mode)5, (ap_o_mode)3, 0> const (*) [40][40], ap_fixed<16, 8, (ap_q_mode)5, (ap_o_mode)3, 0> const (*) [64][3][3], ap_fixed<16, 8, (ap_q_mode)5, (ap_o_mode)3, 0> (*) [40][40])' (../conv3x3_core.cpp:44:69)
INFO: [HLS 214-131] Inlining function 'ap_fixed_base<16, 8, true, (ap_q_mode)5, (ap_o_mode)3, 0>::to_double() const' into 'conv3x3_core(ap_fixed<16, 8, (ap_q_mode)5, (ap_o_mode)3, 0> const (*) [40][40], ap_fixed<16, 8, (ap_q_mode)5, (ap_o_mode)3, 0> const (*) [64][3][3], ap_fixed<16, 8, (ap_q_mode)5, (ap_o_mode)3, 0> (*) [40][40])' (../conv3x3_core.cpp:45:61)
INFO: [HLS 214-178] Inlining function 'fp_struct<double>::data() const (.3.48.58.67.78.87.98.107.118.127.138)' into 'fp_struct<double>::to_double() const (.45.55.64.75.84.95.104.115.124.135)' (C:\scratch\2022.2\hls_product\608\2022.2\src\shared\hls\clib/src/hls\utils/x_hls_utils.h:523:0)
INFO: [HLS 214-178] Inlining function 'fp_struct<double>::to_double() const (.45.55.64.75.84.95.104.115.124.135)' into 'fp_struct<double>::to_ieee() const' (C:\scratch\2022.2\hls_product\608\2022.2\src\shared\hls\clib/src/hls\utils/x_hls_utils.h:538:0)
INFO: [HLS 214-178] Inlining function 'fp_struct<double>::fp_struct(double)' into 'double generic_copysign<double>(double, double)' (C:\scratch\2022.2\hls_product\608\2022.2\src\shared\hls\clib/hlsmath/include/FloatingPoint/hls_copysign.h:10:0)
INFO: [HLS 214-178] Inlining function 'fp_struct<double>::to_ieee() const' into 'double generic_copysign<double>(double, double)' (C:\scratch\2022.2\hls_product\608\2022.2\src\shared\hls\clib/hlsmath/include/FloatingPoint/hls_copysign.h:10:0)
INFO: [HLS 214-178] Inlining function 'fp_struct<double>::fp_struct(double)' into 'double generic_floor<double>(double)' (C:\scratch\2022.2\hls_product\608\2022.2\src\shared\hls\clib/hlsmath/include/FloatingPoint\hls_floor.h:14:0)
INFO: [HLS 214-178] Inlining function 'fp_struct<double>::__signbit() const' into 'double generic_floor<double>(double)' (C:\scratch\2022.2\hls_product\608\2022.2\src\shared\hls\clib/hlsmath/include/FloatingPoint\hls_floor.h:14:0)
INFO: [HLS 214-178] Inlining function 'double generic_copysign<double>(double, double)' into 'double generic_floor<double>(double)' (C:\scratch\2022.2\hls_product\608\2022.2\src\shared\hls\clib/hlsmath/include/FloatingPoint\hls_floor.h:14:0)
INFO: [HLS 214-178] Inlining function 'fp_struct<double>::data() const (.3.48.58.67.78.87.98.107.118.127.138)' into 'double generic_floor<double>(double)' (C:\scratch\2022.2\hls_product\608\2022.2\src\shared\hls\clib/hlsmath/include/FloatingPoint\hls_floor.h:14:0)
INFO: [HLS 214-178] Inlining function 'fp_struct<double>::fp_struct(ap_uint<64>)' into 'double generic_floor<double>(double)' (C:\scratch\2022.2\hls_product\608\2022.2\src\shared\hls\clib/hlsmath/include/FloatingPoint\hls_floor.h:14:0)
INFO: [HLS 214-178] Inlining function 'fp_struct<double>::to_ieee() const' into 'double generic_floor<double>(double)' (C:\scratch\2022.2\hls_product\608\2022.2\src\shared\hls\clib/hlsmath/include/FloatingPoint\hls_floor.h:14:0)
INFO: [HLS 214-178] Inlining function 'fp_struct<double>::fp_struct(double)' into 'long long generic_cast_IEEE754<long long, (ap_q_mode)6, double>(double, bool, hls::enable_if<std::numeric_limits<long long>::is_signed, bool>::type)' (C:\scratch\2022.2\hls_product\608\2022.2\src\shared\hls\clib/hlsmath/include/FloatingPoint\hls_case_IEEE754.h:12:0)
INFO: [HLS 214-178] Inlining function 'fp_struct<double>::mantissa() const' into 'long long generic_cast_IEEE754<long long, (ap_q_mode)6, double>(double, bool, hls::enable_if<std::numeric_limits<long long>::is_signed, bool>::type)' (C:\scratch\2022.2\hls_product\608\2022.2\src\shared\hls\clib/hlsmath/include/FloatingPoint\hls_case_IEEE754.h:12:0)
INFO: [HLS 214-178] Inlining function 'fp_struct<double>::expv() const' into 'long long generic_cast_IEEE754<long long, (ap_q_mode)6, double>(double, bool, hls::enable_if<std::numeric_limits<long long>::is_signed, bool>::type)' (C:\scratch\2022.2\hls_product\608\2022.2\src\shared\hls\clib/hlsmath/include/FloatingPoint\hls_case_IEEE754.h:12:0)
INFO: [HLS 214-178] Inlining function 'fp_struct<double>::__signbit() const' into 'long long generic_cast_IEEE754<long long, (ap_q_mode)6, double>(double, bool, hls::enable_if<std::numeric_limits<long long>::is_signed, bool>::type)' (C:\scratch\2022.2\hls_product\608\2022.2\src\shared\hls\clib/hlsmath/include/FloatingPoint\hls_case_IEEE754.h:12:0)
INFO: [HLS 214-178] Inlining function 'long long generic_cast_IEEE754<long long, (ap_q_mode)6, double>(double, bool, hls::enable_if<std::numeric_limits<long long>::is_signed, bool>::type)' into 'long long generic_cast_IEEE754<long long, double>(double, bool)' (C:\scratch\2022.2\hls_product\608\2022.2\src\shared\hls\clib/hlsmath/include/FloatingPoint\hls_case_IEEE754.h:116:0)
INFO: [HLS 214-178] Inlining function 'long long generic_cast_IEEE754<long long, double>(double, bool)' into '__hls_fptosi_double_i64' (C:\scratch\2022.2\hls_product\608\2022.2\src\shared\hls\clib\hlsmath\src\lib_floatconversion.cpp:56:0)
INFO: [HLS 214-178] Inlining function 'floor' into 'round_to_even(double)' (../conv3x3_core.cpp:5:0)
INFO: [HLS 214-178] Inlining function 'round_to_even(double)' into 'conv3x3_core(ap_fixed<16, 8, (ap_q_mode)5, (ap_o_mode)3, 0> const (*) [40][40], ap_fixed<16, 8, (ap_q_mode)5, (ap_o_mode)3, 0> const (*) [64][3][3], ap_fixed<16, 8, (ap_q_mode)5, (ap_o_mode)3, 0> (*) [40][40])' (../conv3x3_core.cpp:23:0)
INFO: [HLS 214-178] Inlining function 'ap_fixed_base<16, 8, true, (ap_q_mode)5, (ap_o_mode)3, 0>::ap_fixed_base(double)' into 'conv3x3_core(ap_fixed<16, 8, (ap_q_mode)5, (ap_o_mode)3, 0> const (*) [40][40], ap_fixed<16, 8, (ap_q_mode)5, (ap_o_mode)3, 0> const (*) [64][3][3], ap_fixed<16, 8, (ap_q_mode)5, (ap_o_mode)3, 0> (*) [40][40])' (../conv3x3_core.cpp:23:0)
INFO: [HLS 214-241] Aggregating bram variable 'output' with compact=bit mode in 16-bits
INFO: [HLS 214-241] Aggregating bram variable 'weights' with compact=bit mode in 16-bits
INFO: [HLS 214-241] Aggregating bram variable 'input' with compact=bit mode in 16-bits
INFO: [HLS 200-111] Finished Compiling Optimization and Transform: CPU user time: 1 seconds. CPU system time: 0 seconds. Elapsed time: 4.826 seconds; current allocated memory: 113.926 MB.
INFO: [HLS 200-111] Finished Checking Pragmas: CPU user time: 0 seconds. CPU system time: 0 seconds. Elapsed time: 0.012 seconds; current allocated memory: 114.184 MB.
INFO: [HLS 200-10] Starting code transformations ...
INFO: [HLS 200-111] Finished Standard Transforms: CPU user time: 0 seconds. CPU system time: 0 seconds. Elapsed time: 0.185 seconds; current allocated memory: 193.586 MB.
INFO: [HLS 200-10] Checking synthesizability ...
INFO: [XFORM 203-602] Inlining function '__hls_fptosi_double_i64' into 'conv3x3_core' (../conv3x3_core.cpp:10) automatically.
WARNING: [SYNCHK 200-23] D:/Xilinx/Vitis_HLS/2022.2/common/technology/autopilot\ap_fixed_base.h:1052: variable-indexed range selection may cause suboptimal QoR.
INFO: [SYNCHK 200-10] 0 error(s), 1 warning(s).
INFO: [HLS 200-111] Finished Checking Synthesizability: CPU user time: 0 seconds. CPU system time: 0 seconds. Elapsed time: 0.502 seconds; current allocated memory: 298.938 MB.
INFO: [XFORM 203-510] Pipelining loop 'VITIS_LOOP_36_6' (../conv3x3_core.cpp:32) in function 'conv3x3_core' automatically.
INFO: [XFORM 203-602] Inlining function '__hls_fptosi_double_i64' into 'conv3x3_core' (../conv3x3_core.cpp:10) automatically.
INFO: [XFORM 203-401] Performing if-conversion on hyperblock from (C:\scratch\2022.2\hls_product\608\2022.2\src\shared\hls\clib/hlsmath/include/FloatingPoint\hls_floor.h:13:19) to (C:\scratch\2022.2\hls_product\608\2022.2\src\shared\hls\clib/hlsmath/include/FloatingPoint\hls_floor.h:42:1) in function 'generic_floor<double>'... converting 9 basic blocks.
INFO: [XFORM 203-401] Performing if-conversion on hyperblock from (../conv3x3_core.cpp:32:24) to (../conv3x3_core.cpp:36:42) in function 'conv3x3_core'... converting 21 basic blocks.
INFO: [XFORM 203-401] Performing if-conversion on hyperblock from (../conv3x3_core.cpp:53:62) to (../conv3x3_core.cpp:31:30) in function 'conv3x3_core'... converting 12 basic blocks.
INFO: [XFORM 203-602] Inlining function 'generic_floor<double>' into 'conv3x3_core' (C:\scratch\2022.2\hls_product\608\2022.2\src\shared\hls\clib\hlsmath\src\c\floordouble.cpp:7) automatically.
INFO: [HLS 200-111] Finished Loop, function and other optimizations: CPU user time: 1 seconds. CPU system time: 0 seconds. Elapsed time: 0.689 seconds; current allocated memory: 429.238 MB.
INFO: [HLS 200-111] Finished Architecture Synthesis: CPU user time: 0 seconds. CPU system time: 0 seconds. Elapsed time: 0.301 seconds; current allocated memory: 468.863 MB.
INFO: [HLS 200-10] Starting hardware synthesis ...
INFO: [HLS 200-10] Synthesizing 'streaming_frontend' ...
ERROR: [SYN 201-102] Cannot find function 'streaming_frontend' in design source files. Please check the design sources.
INFO: [HLS 200-111] Finished Command csynth_design CPU user time: 3 seconds. CPU system time: 1 seconds. Elapsed time: 17.806 seconds; current allocated memory: 361.727 MB.
command 'ap_source' returned error code
    while executing
"source D:/.YOLO_FPN_FPGA_Accelerator_Paper/07_experiments/stage2_hls_streaming_accelerator/conv3x3_core/conv3x3_core/solution1/csynth.tcl"
    invoked from within
"hls::main D:/.YOLO_FPN_FPGA_Accelerator_Paper/07_experiments/stage2_hls_streaming_accelerator/conv3x3_core/conv3x3_core/solution1/csynth.tcl"
    ("uplevel" body line 1)
    invoked from within
"uplevel 1 hls::main {*}$newargs"
    (procedure "hls_proc" line 16)
    invoked from within
"hls_proc [info nameofexecutable] $argv"
INFO: [HLS 200-112] Total CPU user time: 4 seconds. Total CPU system time: 2 seconds. Total elapsed time: 29.145 seconds; peak allocated memory: 468.863 MB.
